[2022-09-29 오전 09:21:14] 프로그램을 시작합니다.
[2022-09-29 오전 09:21:14] 시작
[2022-09-29 오전 09:21:15] 시작
[2022-09-29 오전 09:21:15] 이미지 불러오기 완료
[2022-09-29 오전 09:21:15] 환경설정을 불러 오는 중...
[2022-09-29 오전 09:21:15] 환경설정을 불러 왔습니다.
[2022-09-29 오전 09:21:15] 준비완료
[2022-09-29 오전 09:21:23] 최소 TETBL5325를 선택하셨습니다.
[2022-09-29 오전 09:21:26] 최대 TETBL5321를 선택하셨습니다.
[2022-09-29 오전 09:21:26] 초기화(사유: 현재 최대값이 현재 최소값보다 작습니다.)
[2022-09-29 오전 09:21:26] 최소 TETBL5300로 초기화되었습니다.
[2022-09-29 오전 09:21:29] 최소 TETBL5321를 선택하셨습니다.
[2022-09-29 오전 09:21:31] 최대 TETBL5302를 선택하셨습니다.
[2022-09-29 오전 09:21:31] 초기화(사유: 현재 최대값이 현재 최소값보다 작습니다.)
[2022-09-29 오전 09:21:32] 최소 TETBL5300로 초기화되었습니다.
[2022-09-29 오전 10:45:08] 프로그램을 시작합니다.
[2022-09-29 오전 10:45:08] 시작
[2022-09-29 오전 10:45:09] 시작
[2022-09-29 오전 10:45:09] 이미지 불러오기 완료
[2022-09-29 오전 10:45:09] 환경설정을 불러 오는 중...
[2022-09-29 오전 10:45:09] 환경설정을 불러 왔습니다.
[2022-09-29 오전 10:45:09] 준비완료
[2022-09-29 오전 10:45:10] 환경설정2를 불러오는 중...
[2022-09-29 오전 10:45:10] 환경설정2를 불러왔습니다.
[2022-09-29 오전 10:45:15] 저장하기
[2022-09-29 오전 10:45:15] 다시 로드
[2022-09-29 오전 10:45:17] 환경설정2를 불러오는 중...
[2022-09-29 오전 10:45:17] 환경설정2를 불러왔습니다.
[2022-09-29 오전 10:45:18] 저장하기
[2022-09-29 오전 10:45:18] 다시 로드
[2022-09-29 오전 10:45:20] 환경설정2를 불러오는 중...
[2022-09-29 오전 10:45:20] 환경설정2를 불러왔습니다.
[2022-09-29 오전 10:45:23] 저장하기
[2022-09-29 오전 10:45:23] 다시 로드
[2022-09-29 오전 11:05:11] 프로그램을 시작합니다.
[2022-09-29 오전 11:05:12] 시작
[2022-09-29 오전 11:05:12] 시작
[2022-09-29 오전 11:05:13] 이미지 불러오기 완료
[2022-09-29 오전 11:05:13] 환경설정을 불러 오는 중...
[2022-09-29 오전 11:05:13] 환경설정을 불러 왔습니다.
[2022-09-29 오전 11:05:13] 준비완료
[2022-09-29 오전 11:06:13] 프로그램을 시작합니다.
[2022-09-29 오전 11:06:14] 시작
[2022-09-29 오전 11:06:14] 시작
[2022-09-29 오전 11:06:14] 이미지 불러오기 완료
[2022-09-29 오전 11:06:14] 환경설정을 불러 오는 중...
[2022-09-29 오전 11:06:15] 환경설정을 불러 왔습니다.
[2022-09-29 오전 11:06:15] 준비완료
[2022-09-29 오전 11:06:17] 저장
[2022-09-29 오전 11:06:17] 종료
[2022-09-29 오전 11:07:08] 프로그램을 시작합니다.
[2022-09-29 오전 11:07:09] 시작
[2022-09-29 오전 11:07:09] 시작
[2022-09-29 오전 11:07:09] 이미지 불러오기 완료
[2022-09-29 오전 11:07:09] 환경설정을 불러 오는 중...
[2022-09-29 오전 11:07:09] 환경설정을 불러 왔습니다.
[2022-09-29 오전 11:07:10] 준비완료
[2022-09-29 오전 11:07:15] 최대 TETBL5374를 선택하셨습니다.
[2022-09-29 오전 11:07:17] 최소 TETBL5316를 선택하셨습니다.
[2022-09-29 오전 11:07:24] 프로그램을 시작합니다.
[2022-09-29 오전 11:07:24] 시작
[2022-09-29 오전 11:07:25] 시작
[2022-09-29 오전 11:07:25] 이미지 불러오기 완료
[2022-09-29 오전 11:07:25] 환경설정을 불러 오는 중...
[2022-09-29 오전 11:07:25] 환경설정을 불러 왔습니다.
[2022-09-29 오전 11:07:25] 준비완료
[2022-09-29 오전 11:07:52] 프로그램을 시작합니다.
[2022-09-29 오전 11:07:53] 시작
[2022-09-29 오전 11:07:53] 시작
[2022-09-29 오전 11:07:53] 이미지 불러오기 완료
[2022-09-29 오전 11:07:53] 환경설정을 불러 오는 중...
[2022-09-29 오전 11:07:53] 환경설정을 불러 왔습니다.
[2022-09-29 오전 11:07:53] 준비완료
[2022-09-29 오전 11:07:58] 저장
[2022-09-29 오전 11:07:59] 종료
[2022-09-29 오전 11:10:03] 프로그램을 시작합니다.
[2022-09-29 오전 11:10:03] 시작
[2022-09-29 오전 11:10:04] 시작
[2022-09-29 오전 11:10:04] 이미지 불러오기 완료
[2022-09-29 오전 11:10:04] 환경설정을 불러 오는 중...
[2022-09-29 오전 11:10:04] 환경설정을 불러 왔습니다.
[2022-09-29 오전 11:10:04] 준비완료
[2022-09-29 오전 11:10:29] 프로그램을 시작합니다.
[2022-09-29 오전 11:10:29] 시작
[2022-09-29 오전 11:10:30] 시작
[2022-09-29 오전 11:10:30] 이미지 불러오기 완료
[2022-09-29 오전 11:10:30] 환경설정을 불러 오는 중...
[2022-09-29 오전 11:10:30] 환경설정을 불러 왔습니다.
[2022-09-29 오전 11:10:30] 준비완료
[2022-09-29 오전 11:10:33] 저장
[2022-09-29 오전 11:10:33] 종료
[2022-09-29 오전 11:11:15] 프로그램을 시작합니다.
[2022-09-29 오전 11:11:15] 시작
[2022-09-29 오전 11:11:15] 시작
[2022-09-29 오전 11:11:16] 이미지 불러오기 완료
[2022-09-29 오전 11:11:16] 환경설정을 불러 오는 중...
[2022-09-29 오전 11:11:16] 환경설정을 불러 왔습니다.
[2022-09-29 오전 11:11:16] 준비완료
[2022-09-29 오전 11:11:33] 프로그램을 시작합니다.
[2022-09-29 오전 11:11:33] 시작
[2022-09-29 오전 11:11:33] 시작
[2022-09-29 오전 11:11:33] 이미지 불러오기 완료
[2022-09-29 오전 11:11:33] 환경설정을 불러 오는 중...
[2022-09-29 오전 11:11:33] 환경설정을 불러 왔습니다.
[2022-09-29 오전 11:11:33] 준비완료
[2022-09-29 오전 11:11:57] 프로그램을 시작합니다.
[2022-09-29 오전 11:11:57] 시작
[2022-09-29 오전 11:11:57] 시작
[2022-09-29 오전 11:11:57] 이미지 불러오기 완료
[2022-09-29 오전 11:11:57] 환경설정을 불러 오는 중...
[2022-09-29 오전 11:11:58] 환경설정을 불러 왔습니다.
[2022-09-29 오전 11:11:58] 준비완료
[2022-09-29 오전 11:12:01] 프로그램을 시작합니다.
[2022-09-29 오전 11:12:01] 시작
[2022-09-29 오전 11:12:01] 시작
[2022-09-29 오전 11:12:01] 이미지 불러오기 완료
[2022-09-29 오전 11:12:02] 환경설정을 불러 오는 중...
[2022-09-29 오전 11:12:02] 환경설정을 불러 왔습니다.
[2022-09-29 오전 11:12:02] 준비완료
[2022-09-29 오전 11:12:06] 프로그램을 시작합니다.
[2022-09-29 오전 11:12:06] 시작
[2022-09-29 오전 11:12:06] 시작
[2022-09-29 오전 11:12:06] 이미지 불러오기 완료
[2022-09-29 오전 11:12:07] 환경설정을 불러 오는 중...
[2022-09-29 오전 11:12:07] 환경설정을 불러 왔습니다.
[2022-09-29 오전 11:12:07] 준비완료
[2022-09-29 오전 11:12:13] 프로그램을 시작합니다.
[2022-09-29 오전 11:12:13] 시작
[2022-09-29 오전 11:12:13] 시작
[2022-09-29 오전 11:12:13] 이미지 불러오기 완료
[2022-09-29 오전 11:12:13] 환경설정을 불러 오는 중...
[2022-09-29 오전 11:12:14] 환경설정을 불러 왔습니다.
[2022-09-29 오전 11:12:14] 준비완료
[2022-09-29 오전 11:27:12] 프로그램을 시작합니다.
[2022-09-29 오전 11:27:12] 시작
[2022-09-29 오전 11:27:12] 시작
[2022-09-29 오전 11:27:12] 이미지 불러오기 완료
[2022-09-29 오전 11:27:12] 환경설정을 불러 오는 중...
[2022-09-29 오전 11:27:13] 환경설정을 불러 왔습니다.
[2022-09-29 오전 11:27:13] 준비완료
[2022-09-29 오전 11:27:13] 환경설정2를 불러오는 중...
[2022-09-29 오전 11:27:13] 환경설정2를 불러왔습니다.
[2022-09-29 오전 11:27:16] 저장하기
[2022-09-29 오전 11:27:16] 다시 로드
[2022-09-29 오전 11:27:32] 프로그램을 시작합니다.
[2022-09-29 오전 11:27:33] 시작
[2022-09-29 오전 11:27:33] 시작
[2022-09-29 오전 11:27:33] 이미지 불러오기 완료
[2022-09-29 오전 11:27:33] 환경설정을 불러 오는 중...
[2022-09-29 오전 11:27:35] 환경설정을 불러 왔습니다.
[2022-09-29 오전 11:27:35] 준비완료
[2022-09-29 오전 11:27:40] 환경설정2를 불러오는 중...
[2022-09-29 오전 11:27:40] 환경설정2를 불러왔습니다.
[2022-09-29 오전 11:27:42] 저장하기
[2022-09-29 오전 11:27:42] 다시 로드
[2022-09-29 오전 11:28:02] 프로그램을 시작합니다.
[2022-09-29 오전 11:28:02] 시작
[2022-09-29 오전 11:28:02] 시작
[2022-09-29 오전 11:28:02] 이미지 불러오기 완료
[2022-09-29 오전 11:28:02] 환경설정을 불러 오는 중...
[2022-09-29 오전 11:28:03] 환경설정을 불러 왔습니다.
[2022-09-29 오전 11:28:03] 준비완료
[2022-09-29 오전 11:28:09] 최대 TETBL5382를 선택하셨습니다.
[2022-09-29 오전 11:28:10] 환경설정2를 불러오는 중...
[2022-09-29 오전 11:28:10] 환경설정2를 불러왔습니다.
[2022-09-29 오전 11:28:18] 저장하기
[2022-09-29 오전 11:28:18] 다시 로드
[2022-09-29 오전 11:28:21] 환경설정2를 불러오는 중...
[2022-09-29 오전 11:28:21] 환경설정2를 불러왔습니다.
[2022-09-29 오전 11:28:26] 저장하기
[2022-09-29 오전 11:28:27] 다시 로드
[2022-09-29 오전 11:28:27] COM_MIN = 5316, sTETBLSMIN = 5320
[2022-09-29 오전 11:28:27] 현재 값이 설정 값 보다 작습니다.
[2022-09-29 오전 11:28:27] 최소 TETBL5320로 초기화되었습니다.
[2022-09-29 오전 11:28:27] 초기화(사유: 최소 현재값이 최소 설정값보다 작습니다.)
[2022-09-29 오전 11:28:28] 최소 TETBL5320로 초기화되었습니다.
[2022-09-29 오전 11:28:34] 환경설정2를 불러오는 중...
[2022-09-29 오전 11:28:35] 환경설정2를 불러왔습니다.
[2022-09-29 오전 11:28:41] 저장하기
[2022-09-29 오전 11:28:41] 다시 로드
[2022-09-29 오전 11:28:49] 환경설정2를 불러오는 중...
[2022-09-29 오전 11:28:49] 환경설정2를 불러왔습니다.
[2022-09-29 오전 11:28:54] 저장하기
[2022-09-29 오전 11:28:54] 다시 로드
[2022-09-29 오전 11:28:54] COM_MIN = 5320, sTETBLSMIN = 5321
[2022-09-29 오전 11:28:54] 현재 값이 설정 값 보다 작습니다.
[2022-09-29 오전 11:28:54] 최소 TETBL5321로 초기화되었습니다.
[2022-09-29 오전 11:29:00] 환경설정2를 불러오는 중...
[2022-09-29 오전 11:29:00] 환경설정2를 불러왔습니다.
[2022-09-29 오전 11:29:05] 저장하기
[2022-09-29 오전 11:29:05] 다시 로드
[2022-09-29 오전 11:29:06] COM_MIN = 5320, sTETBLSMIN = 5321
[2022-09-29 오전 11:29:06] 현재 값이 설정 값 보다 작습니다.
[2022-09-29 오전 11:29:06] 최소 TETBL5321로 초기화되었습니다.
[2022-09-29 오전 11:29:06] 설정 값이 현재 값 보다 작습니다.
[2022-09-29 오전 11:29:06] 최대 TETBL5321로 초기화되었습니다.
[2022-09-29 오전 11:29:08] 초기화(사유: 최대 설정값이 최대 현대값보다 작습니다.)
[2022-09-29 오전 11:29:08] 초기화(사유: 최대 설정값이 최대 현대값보다 작습니다.)
[2022-09-29 오전 11:29:08] 초기화(사유: 최대 설정값이 최대 현대값보다 작습니다.)
[2022-09-29 오전 11:29:08] 초기화(사유: 최대 설정값이 최대 현대값보다 작습니다.)
[2022-09-29 오전 11:29:08] 최소 TETBL5321로 초기화되었습니다.
[2022-09-29 오전 11:29:08] 초기화(사유: 최대 설정값이 최대 현대값보다 작습니다.)
[2022-09-29 오전 11:29:08] 초기화(사유: 최대 설정값이 최대 현대값보다 작습니다.)
[2022-09-29 오전 11:29:08] 초기화(사유: 최대 설정값이 최대 현대값보다 작습니다.)
[2022-09-29 오전 11:29:08] 초기화(사유: 최대 설정값이 최대 현대값보다 작습니다.)
[2022-09-29 오전 11:29:08] 초기화(사유: 최대 설정값이 최대 현대값보다 작습니다.)
[2022-09-29 오전 11:29:08] 초기화(사유: 최대 설정값이 최대 현대값보다 작습니다.)
[2022-09-29 오전 11:29:08] 최소 TETBL5321로 초기화되었습니다.
[2022-09-29 오전 11:29:09] 초기화(사유: 설정 값이 현재 값 보다 작습니다.)
[2022-09-29 오전 11:29:09] 최대 TETBL5321로 초기화되었습니다.
[2022-09-29 오전 11:29:09] 최소 TETBL5321로 초기화되었습니다.
[2022-09-29 오전 11:29:09] 최소 TETBL5321로 초기화되었습니다.
[2022-09-29 오전 11:29:09] 최소 TETBL5321로 초기화되었습니다.
[2022-09-29 오전 11:29:09] 최소 TETBL5321로 초기화되었습니다.
[2022-09-29 오전 11:29:09] 최소 TETBL5321로 초기화되었습니다.
[2022-09-29 오전 11:29:09] 최소 TETBL5321로 초기화되었습니다.
[2022-09-29 오전 11:29:10] 최소 TETBL5321로 초기화되었습니다.
[2022-09-29 오전 11:29:10] 최소 TETBL5321로 초기화되었습니다.
[2022-09-29 오전 11:33:50] 프로그램을 시작합니다.
[2022-09-29 오전 11:33:50] 시작
[2022-09-29 오전 11:33:51] 시작
[2022-09-29 오전 11:33:51] 이미지 불러오기 완료
[2022-09-29 오전 11:33:51] 환경설정을 불러 오는 중...
[2022-09-29 오전 11:33:51] 환경설정을 불러 왔습니다.
[2022-09-29 오전 11:33:51] 준비완료
[2022-09-29 오전 11:34:02] 환경설정2를 불러오는 중...
[2022-09-29 오전 11:34:02] 환경설정2를 불러왔습니다.
[2022-09-29 오전 11:34:04] 저장하기
[2022-09-29 오전 11:34:04] 다시 로드
[2022-09-29 오전 11:34:12] 저장
[2022-09-29 오전 11:34:12] 종료
[2022-09-29 오전 11:34:18] 프로그램을 시작합니다.
[2022-09-29 오전 11:34:18] 시작
[2022-09-29 오전 11:34:19] 시작
[2022-09-29 오전 11:34:19] 이미지 불러오기 완료
[2022-09-29 오전 11:34:19] 환경설정을 불러 오는 중...
[2022-09-29 오전 11:34:19] 환경설정을 불러 왔습니다.
[2022-09-29 오전 11:34:19] 준비완료
[2022-09-29 오전 11:34:24] 저장
[2022-09-29 오전 11:34:31] 프로그램을 시작합니다.
[2022-09-29 오전 11:34:31] 시작
[2022-09-29 오전 11:34:31] 시작
[2022-09-29 오전 11:34:32] 이미지 불러오기 완료
[2022-09-29 오전 11:34:32] 환경설정을 불러 오는 중...
[2022-09-29 오전 11:34:32] 환경설정을 불러 왔습니다.
[2022-09-29 오전 11:34:32] 준비완료
[2022-09-29 오전 11:34:33] 환경설정2를 불러오는 중...
[2022-09-29 오전 11:34:33] 환경설정2를 불러왔습니다.
[2022-09-29 오전 11:34:35] button4 병의원 Database 선택
[2022-09-29 오전 11:34:39] 저장하기
[2022-09-29 오전 11:34:39] 다시 로드
[2022-09-29 오전 11:34:43] 환경설정2를 불러오는 중...
[2022-09-29 오전 11:34:43] 환경설정2를 불러왔습니다.
[2022-09-29 오전 11:34:46] 저장하기
[2022-09-29 오전 11:34:46] 다시 로드
[2022-09-29 오전 11:35:04] 프로그램을 시작합니다.
[2022-09-29 오전 11:35:04] 시작
[2022-09-29 오전 11:35:04] 시작
[2022-09-29 오전 11:35:04] 이미지 불러오기 완료
[2022-09-29 오전 11:35:04] 환경설정을 불러 오는 중...
[2022-09-29 오전 11:35:05] 환경설정을 불러 왔습니다.
[2022-09-29 오전 11:35:05] 준비완료
[2022-09-29 오전 11:35:09] 환경설정2를 불러오는 중...
[2022-09-29 오전 11:35:09] 환경설정2를 불러왔습니다.
[2022-09-29 오전 11:35:10] 저장하기
[2022-09-29 오전 11:35:11] 다시 로드
[2022-09-29 오전 11:35:42] 프로그램을 시작합니다.
[2022-09-29 오전 11:35:42] 시작
[2022-09-29 오전 11:35:43] 시작
[2022-09-29 오전 11:35:43] 이미지 불러오기 완료
[2022-09-29 오전 11:35:43] 환경설정을 불러 오는 중...
[2022-09-29 오전 11:35:43] 환경설정을 불러 왔습니다.
[2022-09-29 오전 11:35:43] 준비완료
[2022-09-29 오전 11:35:50] 환경설정2를 불러오는 중...
[2022-09-29 오전 11:35:50] 환경설정2를 불러왔습니다.
[2022-09-29 오전 11:35:51] 저장하기
[2022-09-29 오전 11:35:51] 다시 로드
[2022-09-29 오전 11:35:54] 저장
[2022-09-29 오전 11:35:54] 종료
[2022-09-29 오전 11:36:00] 프로그램을 시작합니다.
[2022-09-29 오전 11:36:00] 시작
[2022-09-29 오전 11:36:00] 시작
[2022-09-29 오전 11:36:00] 이미지 불러오기 완료
[2022-09-29 오전 11:36:00] 환경설정을 불러 오는 중...
[2022-09-29 오전 11:36:00] 환경설정을 불러 왔습니다.
[2022-09-29 오전 11:36:00] 준비완료
[2022-09-29 오전 11:36:07] 프로그램을 시작합니다.
[2022-09-29 오전 11:36:08] 시작
[2022-09-29 오전 11:36:08] 시작
[2022-09-29 오전 11:36:08] 이미지 불러오기 완료
[2022-09-29 오전 11:36:08] 환경설정을 불러 오는 중...
[2022-09-29 오전 11:36:08] 환경설정을 불러 왔습니다.
[2022-09-29 오전 11:36:08] 준비완료
[2022-09-29 오전 11:36:10] 저장
[2022-09-29 오전 11:37:13] 프로그램을 시작합니다.
[2022-09-29 오전 11:37:13] 시작
[2022-09-29 오전 11:37:13] 시작
[2022-09-29 오전 11:37:13] 이미지 불러오기 완료
[2022-09-29 오전 11:37:13] 환경설정을 불러 오는 중...
[2022-09-29 오전 11:37:13] 환경설정을 불러 왔습니다.
[2022-09-29 오전 11:37:13] 준비완료
[2022-09-29 오전 11:37:16] 환경설정2를 불러오는 중...
[2022-09-29 오전 11:37:16] 환경설정2를 불러왔습니다.
[2022-09-29 오전 11:37:18] 저장하기
[2022-09-29 오전 11:37:18] 다시 로드
[2022-09-29 오후 01:11:06] 프로그램을 시작합니다.
[2022-09-29 오후 01:11:06] 시작
[2022-09-29 오후 01:11:06] 시작
[2022-09-29 오후 01:11:07] 이미지 불러오기 완료
[2022-09-29 오후 01:11:07] 환경설정을 불러 오는 중...
[2022-09-29 오후 01:11:07] 환경설정을 불러 왔습니다.
[2022-09-29 오후 01:11:07] 준비완료
[2022-09-29 오후 01:11:18] 저장
[2022-09-29 오후 01:11:18] 종료
[2022-09-29 오후 01:11:21] 프로그램을 시작합니다.
[2022-09-29 오후 01:11:21] 시작
[2022-09-29 오후 01:11:21] 시작
[2022-09-29 오후 01:11:21] 이미지 불러오기 완료
[2022-09-29 오후 01:11:21] 환경설정을 불러 오는 중...
[2022-09-29 오후 01:11:22] 환경설정을 불러 왔습니다.
[2022-09-29 오후 01:11:22] 준비완료
[2022-09-29 오후 01:11:45] 프로그램을 시작합니다.
[2022-09-29 오후 01:11:45] 시작
[2022-09-29 오후 01:11:46] 시작
[2022-09-29 오후 01:11:46] 이미지 불러오기 완료
[2022-09-29 오후 01:11:46] 환경설정을 불러 오는 중...
[2022-09-29 오후 01:11:46] 환경설정을 불러 왔습니다.
[2022-09-29 오후 01:11:46] 준비완료
[2022-09-29 오후 01:11:53] 환경설정2를 불러오는 중...
[2022-09-29 오후 01:11:54] 환경설정2를 불러왔습니다.
[2022-09-29 오후 01:11:54] 저장하기
[2022-09-29 오후 01:11:55] 다시 로드
[2022-09-29 오후 01:11:56] 저장
[2022-09-29 오후 01:11:56] 종료
[2022-09-29 오후 01:11:58] 프로그램을 시작합니다.
[2022-09-29 오후 01:11:58] 시작
[2022-09-29 오후 01:11:59] 시작
[2022-09-29 오후 01:11:59] 이미지 불러오기 완료
[2022-09-29 오후 01:11:59] 환경설정을 불러 오는 중...
[2022-09-29 오후 01:11:59] 환경설정을 불러 왔습니다.
[2022-09-29 오후 01:11:59] 준비완료
[2022-09-29 오후 01:36:26] 프로그램을 시작합니다.
[2022-09-29 오후 01:36:26] 시작
[2022-09-29 오후 01:36:26] 시작
[2022-09-29 오후 01:36:26] 이미지 불러오기 완료
[2022-09-29 오후 01:36:26] 환경설정을 불러 오는 중...
[2022-09-29 오후 01:36:26] 환경설정을 불러 왔습니다.
[2022-09-29 오후 01:36:55] 프로그램을 시작합니다.
[2022-09-29 오후 01:36:55] 시작
[2022-09-29 오후 01:36:55] 시작
[2022-09-29 오후 01:36:55] 이미지 불러오기 완료
[2022-09-29 오후 01:36:55] 환경설정을 불러 오는 중...
[2022-09-29 오후 01:36:56] 환경설정을 불러 왔습니다.
[2022-09-29 오후 01:36:56] 준비완료
[2022-09-29 오후 01:48:07] 프로그램을 시작합니다.
[2022-09-29 오후 01:48:07] 시작
[2022-09-29 오후 01:48:07] 시작
[2022-09-29 오후 01:48:07] 이미지 불러오기 완료
[2022-09-29 오후 01:48:07] 환경설정을 불러 오는 중...
[2022-09-29 오후 01:48:08] 환경설정을 불러 왔습니다.
[2022-09-29 오후 01:48:08] 준비완료
[2022-09-29 오후 01:48:10] 환경설정2를 불러오는 중...
[2022-09-29 오후 01:48:10] 환경설정2를 불러왔습니다.
[2022-09-29 오후 01:48:12] 저장하기
[2022-09-29 오후 01:53:26] 최대 TETBL5377를 선택하셨습니다.
[2022-09-29 오후 01:53:28] 최소 TETBL5326를 선택하셨습니다.
[2022-09-29 오후 01:53:43] 프로그램을 시작합니다.
[2022-09-29 오후 01:53:44] 시작
[2022-09-29 오후 01:53:44] 시작
[2022-09-29 오후 01:53:44] 이미지 불러오기 완료
[2022-09-29 오후 01:53:44] 환경설정을 불러 오는 중...
[2022-09-29 오후 01:53:44] 환경설정을 불러 왔습니다.
[2022-09-29 오후 01:53:44] 준비완료
