[2022-10-05 오전 11:04:04] 프로그램을 시작합니다.
[2022-10-05 오전 11:04:05] 시작
[2022-10-05 오전 11:04:05] 시작
[2022-10-05 오전 11:04:05] 이미지 불러오기 완료
[2022-10-05 오전 11:04:05] 환경설정을 불러 오는 중...
[2022-10-05 오전 11:04:05] 투명도 : 100%
[2022-10-05 오전 11:04:05] 환경설정을 불러 왔습니다.
[2022-10-05 오전 11:04:05] 준비완료
[2022-10-05 오전 11:04:14] 최대 TETBL5306를 선택하셨습니다.
[2022-10-05 오전 11:04:14] 초기화(사유: 현재 최대값이 현재 최소값보다 작습니다.)
[2022-10-05 오전 11:04:14] 초기화(사유: 현재 최대값이 현재 최소값보다 작습니다.)
[2022-10-05 오전 11:04:15] 초기화(사유: 현재 최대값이 현재 최소값보다 작습니다.)
[2022-10-05 오전 11:04:15] 초기화(사유: 현재 최대값이 현재 최소값보다 작습니다.)
[2022-10-05 오전 11:04:15] 초기화(사유: 현재 최대값이 현재 최소값보다 작습니다.)
[2022-10-05 오전 11:04:15] 초기화(사유: 현재 최대값이 현재 최소값보다 작습니다.)
[2022-10-05 오전 11:04:15] 최소 TETBL5306로 초기화되었습니다.
[2022-10-05 오전 11:04:15] 초기화(사유: 현재 최대값이 현재 최소값보다 작습니다.)
[2022-10-05 오전 11:04:15] 초기화(사유: 현재 최대값이 현재 최소값보다 작습니다.)
[2022-10-05 오전 11:04:15] 최소 TETBL5306로 초기화되었습니다.
[2022-10-05 오전 11:04:15] 초기화(사유: 현재 최대값이 현재 최소값보다 작습니다.)
[2022-10-05 오전 11:04:15] 초기화(사유: 현재 최대값이 현재 최소값보다 작습니다.)
[2022-10-05 오전 11:04:15] 초기화(사유: 현재 최대값이 현재 최소값보다 작습니다.)
[2022-10-05 오전 11:04:15] 초기화(사유: 현재 최대값이 현재 최소값보다 작습니다.)
[2022-10-05 오전 11:04:15] 초기화(사유: 현재 최대값이 현재 최소값보다 작습니다.)
[2022-10-05 오전 11:04:15] 초기화(사유: 현재 최대값이 현재 최소값보다 작습니다.)
[2022-10-05 오전 11:04:15] 초기화(사유: 현재 최대값이 현재 최소값보다 작습니다.)
[2022-10-05 오전 11:04:15] 최소 TETBL5306로 초기화되었습니다.
[2022-10-05 오전 11:04:15] 초기화(사유: 현재 최대값이 현재 최소값보다 작습니다.)
[2022-10-05 오전 11:04:15] 초기화(사유: 현재 최대값이 현재 최소값보다 작습니다.)
[2022-10-05 오전 11:04:15] 최소 TETBL5306로 초기화되었습니다.
[2022-10-05 오전 11:04:15] 초기화(사유: 현재 최대값이 현재 최소값보다 작습니다.)
[2022-10-05 오전 11:04:15] 초기화(사유: 현재 최대값이 현재 최소값보다 작습니다.)
[2022-10-05 오전 11:04:15] 최소 TETBL5306로 초기화되었습니다.
[2022-10-05 오전 11:04:15] 초기화(사유: 현재 최대값이 현재 최소값보다 작습니다.)
[2022-10-05 오전 11:04:15] 초기화(사유: 현재 최대값이 현재 최소값보다 작습니다.)
[2022-10-05 오전 11:04:15] 최소 TETBL5306로 초기화되었습니다.
[2022-10-05 오전 11:04:15] 초기화(사유: 현재 최대값이 현재 최소값보다 작습니다.)
[2022-10-05 오전 11:04:16] 초기화(사유: 현재 최대값이 현재 최소값보다 작습니다.)
[2022-10-05 오전 11:04:16] 최소 TETBL5306로 초기화되었습니다.
[2022-10-05 오전 11:04:16] 초기화(사유: 현재 최대값이 현재 최소값보다 작습니다.)
[2022-10-05 오전 11:04:16] 초기화(사유: 현재 최대값이 현재 최소값보다 작습니다.)
[2022-10-05 오전 11:04:16] 최소 TETBL5306로 초기화되었습니다.
[2022-10-05 오전 11:04:16] 초기화(사유: 현재 최대값이 현재 최소값보다 작습니다.)
[2022-10-05 오전 11:04:16] 초기화(사유: 현재 최대값이 현재 최소값보다 작습니다.)
[2022-10-05 오전 11:04:16] 최소 TETBL5306로 초기화되었습니다.
[2022-10-05 오전 11:04:16] 초기화(사유: 현재 최대값이 현재 최소값보다 작습니다.)
[2022-10-05 오전 11:04:16] 초기화(사유: 현재 최대값이 현재 최소값보다 작습니다.)
[2022-10-05 오전 11:04:16] 최소 TETBL5306로 초기화되었습니다.
[2022-10-05 오전 11:04:16] 초기화(사유: 현재 최대값이 현재 최소값보다 작습니다.)
[2022-10-05 오전 11:04:16] 초기화(사유: 현재 최대값이 현재 최소값보다 작습니다.)
[2022-10-05 오전 11:04:16] 최소 TETBL5306로 초기화되었습니다.
[2022-10-05 오전 11:04:16] 초기화(사유: 현재 최대값이 현재 최소값보다 작습니다.)
[2022-10-05 오전 11:04:16] 초기화(사유: 현재 최대값이 현재 최소값보다 작습니다.)
[2022-10-05 오전 11:04:16] 최소 TETBL5306로 초기화되었습니다.
[2022-10-05 오전 11:04:16] 초기화(사유: 현재 최대값이 현재 최소값보다 작습니다.)
[2022-10-05 오전 11:04:16] 초기화(사유: 현재 최대값이 현재 최소값보다 작습니다.)
[2022-10-05 오전 11:04:17] 최소 TETBL5306로 초기화되었습니다.
[2022-10-05 오전 11:04:17] 초기화(사유: 현재 최대값이 현재 최소값보다 작습니다.)
[2022-10-05 오전 11:04:17] 초기화(사유: 현재 최대값이 현재 최소값보다 작습니다.)
[2022-10-05 오전 11:04:17] 최소 TETBL5306로 초기화되었습니다.
[2022-10-05 오전 11:04:17] 초기화(사유: 현재 최대값이 현재 최소값보다 작습니다.)
[2022-10-05 오전 11:04:17] 초기화(사유: 현재 최대값이 현재 최소값보다 작습니다.)
[2022-10-05 오전 11:04:17] 최소 TETBL5306로 초기화되었습니다.
[2022-10-05 오전 11:04:17] 초기화(사유: 현재 최대값이 현재 최소값보다 작습니다.)
[2022-10-05 오전 11:04:17] 초기화(사유: 현재 최대값이 현재 최소값보다 작습니다.)
[2022-10-05 오전 11:04:17] 최소 TETBL5306로 초기화되었습니다.
[2022-10-05 오전 11:04:17] 초기화(사유: 현재 최대값이 현재 최소값보다 작습니다.)
[2022-10-05 오전 11:04:17] 초기화(사유: 현재 최대값이 현재 최소값보다 작습니다.)
[2022-10-05 오전 11:04:17] 최소 TETBL5306로 초기화되었습니다.
[2022-10-05 오전 11:04:17] 초기화(사유: 현재 최대값이 현재 최소값보다 작습니다.)
[2022-10-05 오전 11:04:17] 초기화(사유: 현재 최대값이 현재 최소값보다 작습니다.)
[2022-10-05 오전 11:04:17] 최소 TETBL5306로 초기화되었습니다.
[2022-10-05 오전 11:04:17] 초기화(사유: 현재 최대값이 현재 최소값보다 작습니다.)
[2022-10-05 오전 11:04:17] 초기화(사유: 현재 최대값이 현재 최소값보다 작습니다.)
[2022-10-05 오전 11:04:17] 최소 TETBL5306로 초기화되었습니다.
[2022-10-05 오전 11:04:17] 초기화(사유: 현재 최대값이 현재 최소값보다 작습니다.)
[2022-10-05 오전 11:04:17] 초기화(사유: 현재 최대값이 현재 최소값보다 작습니다.)
[2022-10-05 오전 11:04:18] 최소 TETBL5306로 초기화되었습니다.
[2022-10-05 오전 11:04:18] 초기화(사유: 현재 최대값이 현재 최소값보다 작습니다.)
[2022-10-05 오전 11:04:18] 초기화(사유: 현재 최대값이 현재 최소값보다 작습니다.)
[2022-10-05 오전 11:04:18] 최소 TETBL5306로 초기화되었습니다.
[2022-10-05 오전 11:04:18] 초기화(사유: 현재 최대값이 현재 최소값보다 작습니다.)
[2022-10-05 오전 11:04:18] 초기화(사유: 현재 최대값이 현재 최소값보다 작습니다.)
[2022-10-05 오전 11:04:18] 최소 TETBL5306로 초기화되었습니다.
[2022-10-05 오전 11:04:18] 초기화(사유: 현재 최대값이 현재 최소값보다 작습니다.)
[2022-10-05 오전 11:04:18] 초기화(사유: 현재 최대값이 현재 최소값보다 작습니다.)
[2022-10-05 오전 11:04:18] 최소 TETBL5306로 초기화되었습니다.
[2022-10-05 오전 11:04:18] 초기화(사유: 현재 최대값이 현재 최소값보다 작습니다.)
[2022-10-05 오전 11:04:18] 초기화(사유: 현재 최대값이 현재 최소값보다 작습니다.)
[2022-10-05 오전 11:04:18] 최소 TETBL5306로 초기화되었습니다.
[2022-10-05 오전 11:04:18] 초기화(사유: 현재 최대값이 현재 최소값보다 작습니다.)
[2022-10-05 오전 11:04:18] 초기화(사유: 현재 최대값이 현재 최소값보다 작습니다.)
[2022-10-05 오전 11:04:18] 최소 TETBL5306로 초기화되었습니다.
[2022-10-05 오전 11:04:18] 초기화(사유: 현재 최대값이 현재 최소값보다 작습니다.)
[2022-10-05 오전 11:04:18] 초기화(사유: 현재 최대값이 현재 최소값보다 작습니다.)
[2022-10-05 오전 11:04:18] 초기화(사유: 현재 최대값이 현재 최소값보다 작습니다.)
[2022-10-05 오전 11:04:19] 최소 TETBL5306로 초기화되었습니다.
[2022-10-05 오전 11:04:19] 초기화(사유: 현재 최대값이 현재 최소값보다 작습니다.)
[2022-10-05 오전 11:04:19] 초기화(사유: 현재 최대값이 현재 최소값보다 작습니다.)
[2022-10-05 오전 11:04:19] 초기화(사유: 현재 최대값이 현재 최소값보다 작습니다.)
[2022-10-05 오전 11:04:19] 초기화(사유: 현재 최대값이 현재 최소값보다 작습니다.)
[2022-10-05 오전 11:04:19] 초기화(사유: 현재 최대값이 현재 최소값보다 작습니다.)
[2022-10-05 오전 11:04:19] 초기화(사유: 현재 최대값이 현재 최소값보다 작습니다.)
[2022-10-05 오전 11:04:19] 초기화(사유: 현재 최대값이 현재 최소값보다 작습니다.)
[2022-10-05 오전 11:04:19] 초기화(사유: 현재 최대값이 현재 최소값보다 작습니다.)
[2022-10-05 오전 11:04:19] 초기화(사유: 현재 최대값이 현재 최소값보다 작습니다.)
[2022-10-05 오전 11:04:19] 초기화(사유: 현재 최대값이 현재 최소값보다 작습니다.)
[2022-10-05 오전 11:04:19] 최소 TETBL5306로 초기화되었습니다.
[2022-10-05 오전 11:04:19] 초기화(사유: 현재 최대값이 현재 최소값보다 작습니다.)
[2022-10-05 오전 11:04:19] 초기화(사유: 현재 최대값이 현재 최소값보다 작습니다.)
[2022-10-05 오전 11:04:19] 최소 TETBL5306로 초기화되었습니다.
[2022-10-05 오전 11:04:19] 최소 TETBL5306로 초기화되었습니다.
[2022-10-05 오전 11:04:19] 최소 TETBL5306로 초기화되었습니다.
[2022-10-05 오전 11:04:19] 최소 TETBL5306로 초기화되었습니다.
[2022-10-05 오전 11:04:20] 최소 TETBL5306로 초기화되었습니다.
[2022-10-05 오전 11:04:20] 최소 TETBL5306로 초기화되었습니다.
[2022-10-05 오전 11:04:20] 최소 TETBL5306로 초기화되었습니다.
[2022-10-05 오전 11:04:20] 최소 TETBL5306로 초기화되었습니다.
[2022-10-05 오전 11:04:20] 최소 TETBL5306로 초기화되었습니다.
[2022-10-05 오전 11:04:20] 최소 TETBL5306로 초기화되었습니다.
[2022-10-05 오전 11:04:20] 최소 TETBL5306로 초기화되었습니다.
[2022-10-05 오전 11:04:21] 최소 TETBL5306로 초기화되었습니다.
[2022-10-05 오전 11:04:21] 최소 TETBL5306로 초기화되었습니다.
[2022-10-05 오전 11:04:21] 최소 TETBL5306로 초기화되었습니다.
[2022-10-05 오전 11:04:21] 최소 TETBL5306로 초기화되었습니다.
[2022-10-05 오전 11:04:21] 최소 TETBL5306로 초기화되었습니다.
[2022-10-05 오전 11:04:21] 최소 TETBL5306로 초기화되었습니다.
[2022-10-05 오전 11:04:21] 최소 TETBL5306로 초기화되었습니다.
[2022-10-05 오전 11:04:22] 최소 TETBL5306로 초기화되었습니다.
[2022-10-05 오전 11:04:22] 최소 TETBL5306로 초기화되었습니다.
[2022-10-05 오전 11:04:22] 최소 TETBL5306로 초기화되었습니다.
[2022-10-05 오전 11:04:22] 최소 TETBL5306로 초기화되었습니다.
[2022-10-05 오전 11:04:22] 최소 TETBL5306로 초기화되었습니다.
[2022-10-05 오전 11:04:22] 최소 TETBL5306로 초기화되었습니다.
[2022-10-05 오전 11:04:23] 최소 TETBL5306로 초기화되었습니다.
[2022-10-05 오전 11:04:23] 최소 TETBL5306로 초기화되었습니다.
[2022-10-05 오전 11:04:23] 최소 TETBL5306로 초기화되었습니다.
[2022-10-05 오전 11:04:23] 최소 TETBL5306로 초기화되었습니다.
[2022-10-05 오전 11:04:23] 최소 TETBL5306로 초기화되었습니다.
[2022-10-05 오전 11:04:23] 최소 TETBL5306로 초기화되었습니다.
[2022-10-05 오전 11:04:24] 최소 TETBL5306로 초기화되었습니다.
[2022-10-05 오전 11:04:24] 최소 TETBL5306로 초기화되었습니다.
[2022-10-05 오전 11:04:24] 최소 TETBL5306로 초기화되었습니다.
[2022-10-05 오전 11:04:24] 최소 TETBL5306로 초기화되었습니다.
[2022-10-05 오전 11:04:24] 최소 TETBL5306로 초기화되었습니다.
[2022-10-05 오전 11:04:24] 최소 TETBL5306로 초기화되었습니다.
[2022-10-05 오전 11:04:25] 최소 TETBL5306로 초기화되었습니다.
[2022-10-05 오전 11:04:25] 최소 TETBL5306로 초기화되었습니다.
[2022-10-05 오전 11:04:25] 최소 TETBL5306로 초기화되었습니다.
[2022-10-05 오전 11:04:25] 최소 TETBL5306로 초기화되었습니다.
[2022-10-05 오전 11:04:25] 최소 TETBL5306로 초기화되었습니다.
[2022-10-05 오전 11:04:25] 최소 TETBL5306로 초기화되었습니다.
[2022-10-05 오전 11:04:25] 최소 TETBL5306로 초기화되었습니다.
[2022-10-05 오전 11:04:26] 최소 TETBL5306로 초기화되었습니다.
[2022-10-05 오전 11:04:26] 최소 TETBL5306로 초기화되었습니다.
[2022-10-05 오전 11:04:26] 최소 TETBL5306로 초기화되었습니다.
[2022-10-05 오전 11:04:26] 최소 TETBL5306로 초기화되었습니다.
[2022-10-05 오전 11:04:31] 최대 TETBL5364를 선택하셨습니다.
[2022-10-05 오전 11:04:33] 최소 TETBL5341를 선택하셨습니다.
[2022-10-05 오전 11:04:37] 최대 TETBL5306를 선택하셨습니다.
[2022-10-05 오전 11:04:37] 초기화(사유: 현재 최대값이 현재 최소값보다 작습니다.)
[2022-10-05 오전 11:04:37] 최소 TETBL5306로 초기화되었습니다.
[2022-10-05 오전 11:04:42] 최대 TETBL5343를 선택하셨습니다.
[2022-10-05 오전 11:04:45] 최소 TETBL5332를 선택하셨습니다.
[2022-10-05 오전 11:04:47] 최대 TETBL5325를 선택하셨습니다.
[2022-10-05 오전 11:04:50] 최대 TETBL5307를 선택하셨습니다.
[2022-10-05 오전 11:04:57] 최대 TETBL5307를 선택하셨습니다.
[2022-10-05 오전 11:04:57] 초기화(사유: 현재 최대값이 현재 최소값보다 작습니다.)
[2022-10-05 오전 11:04:57] 초기화(사유: 현재 최대값이 현재 최소값보다 작습니다.)
[2022-10-05 오전 11:04:57] 초기화(사유: 현재 최대값이 현재 최소값보다 작습니다.)
[2022-10-05 오전 11:04:57] 초기화(사유: 현재 최대값이 현재 최소값보다 작습니다.)
[2022-10-05 오전 11:04:57] 초기화(사유: 현재 최대값이 현재 최소값보다 작습니다.)
[2022-10-05 오전 11:04:57] 초기화(사유: 현재 최대값이 현재 최소값보다 작습니다.)
[2022-10-05 오전 11:04:57] 초기화(사유: 현재 최대값이 현재 최소값보다 작습니다.)
[2022-10-05 오전 11:04:57] 초기화(사유: 현재 최대값이 현재 최소값보다 작습니다.)
[2022-10-05 오전 11:04:58] 최소 TETBL5306로 초기화되었습니다.
[2022-10-05 오전 11:04:58] 초기화(사유: 현재 최대값이 현재 최소값보다 작습니다.)
[2022-10-05 오전 11:04:58] 초기화(사유: 현재 최대값이 현재 최소값보다 작습니다.)
[2022-10-05 오전 11:04:58] 초기화(사유: 현재 최대값이 현재 최소값보다 작습니다.)
[2022-10-05 오전 11:04:58] 초기화(사유: 현재 최대값이 현재 최소값보다 작습니다.)
[2022-10-05 오전 11:04:58] 초기화(사유: 현재 최대값이 현재 최소값보다 작습니다.)
[2022-10-05 오전 11:04:58] 최소 TETBL5306로 초기화되었습니다.
[2022-10-05 오전 11:04:58] 초기화(사유: 현재 최대값이 현재 최소값보다 작습니다.)
[2022-10-05 오전 11:04:58] 초기화(사유: 현재 최대값이 현재 최소값보다 작습니다.)
[2022-10-05 오전 11:04:58] 최소 TETBL5306로 초기화되었습니다.
[2022-10-05 오전 11:04:58] 초기화(사유: 현재 최대값이 현재 최소값보다 작습니다.)
[2022-10-05 오전 11:04:58] 초기화(사유: 현재 최대값이 현재 최소값보다 작습니다.)
[2022-10-05 오전 11:04:58] 최소 TETBL5306로 초기화되었습니다.
[2022-10-05 오전 11:04:58] 초기화(사유: 현재 최대값이 현재 최소값보다 작습니다.)
[2022-10-05 오전 11:04:58] 초기화(사유: 현재 최대값이 현재 최소값보다 작습니다.)
[2022-10-05 오전 11:04:58] 최소 TETBL5306로 초기화되었습니다.
[2022-10-05 오전 11:04:58] 초기화(사유: 현재 최대값이 현재 최소값보다 작습니다.)
[2022-10-05 오전 11:04:58] 초기화(사유: 현재 최대값이 현재 최소값보다 작습니다.)
[2022-10-05 오전 11:04:58] 최소 TETBL5306로 초기화되었습니다.
[2022-10-05 오전 11:04:58] 초기화(사유: 현재 최대값이 현재 최소값보다 작습니다.)
[2022-10-05 오전 11:04:58] 초기화(사유: 현재 최대값이 현재 최소값보다 작습니다.)
[2022-10-05 오전 11:04:58] 최소 TETBL5306로 초기화되었습니다.
[2022-10-05 오전 11:04:58] 초기화(사유: 현재 최대값이 현재 최소값보다 작습니다.)
[2022-10-05 오전 11:04:58] 초기화(사유: 현재 최대값이 현재 최소값보다 작습니다.)
[2022-10-05 오전 11:04:59] 최소 TETBL5306로 초기화되었습니다.
[2022-10-05 오전 11:04:59] 초기화(사유: 현재 최대값이 현재 최소값보다 작습니다.)
[2022-10-05 오전 11:04:59] 초기화(사유: 현재 최대값이 현재 최소값보다 작습니다.)
[2022-10-05 오전 11:04:59] 최소 TETBL5306로 초기화되었습니다.
[2022-10-05 오전 11:04:59] 초기화(사유: 현재 최대값이 현재 최소값보다 작습니다.)
[2022-10-05 오전 11:04:59] 초기화(사유: 현재 최대값이 현재 최소값보다 작습니다.)
[2022-10-05 오전 11:04:59] 최소 TETBL5306로 초기화되었습니다.
[2022-10-05 오전 11:04:59] 초기화(사유: 현재 최대값이 현재 최소값보다 작습니다.)
[2022-10-05 오전 11:04:59] 초기화(사유: 현재 최대값이 현재 최소값보다 작습니다.)
[2022-10-05 오전 11:04:59] 최소 TETBL5306로 초기화되었습니다.
[2022-10-05 오전 11:04:59] 초기화(사유: 현재 최대값이 현재 최소값보다 작습니다.)
[2022-10-05 오전 11:04:59] 초기화(사유: 현재 최대값이 현재 최소값보다 작습니다.)
[2022-10-05 오전 11:04:59] 최소 TETBL5306로 초기화되었습니다.
[2022-10-05 오전 11:04:59] 초기화(사유: 현재 최대값이 현재 최소값보다 작습니다.)
[2022-10-05 오전 11:04:59] 초기화(사유: 현재 최대값이 현재 최소값보다 작습니다.)
[2022-10-05 오전 11:04:59] 최소 TETBL5306로 초기화되었습니다.
[2022-10-05 오전 11:04:59] 초기화(사유: 현재 최대값이 현재 최소값보다 작습니다.)
[2022-10-05 오전 11:04:59] 초기화(사유: 현재 최대값이 현재 최소값보다 작습니다.)
[2022-10-05 오전 11:05:00] 최소 TETBL5306로 초기화되었습니다.
[2022-10-05 오전 11:05:00] 초기화(사유: 현재 최대값이 현재 최소값보다 작습니다.)
[2022-10-05 오전 11:05:00] 초기화(사유: 현재 최대값이 현재 최소값보다 작습니다.)
[2022-10-05 오전 11:05:00] 최소 TETBL5306로 초기화되었습니다.
[2022-10-05 오전 11:05:00] 초기화(사유: 현재 최대값이 현재 최소값보다 작습니다.)
[2022-10-05 오전 11:05:00] 초기화(사유: 현재 최대값이 현재 최소값보다 작습니다.)
[2022-10-05 오전 11:05:00] 초기화(사유: 현재 최대값이 현재 최소값보다 작습니다.)
[2022-10-05 오전 11:05:00] 최소 TETBL5306로 초기화되었습니다.
[2022-10-05 오전 11:05:00] 초기화(사유: 현재 최대값이 현재 최소값보다 작습니다.)
[2022-10-05 오전 11:05:00] 초기화(사유: 현재 최대값이 현재 최소값보다 작습니다.)
[2022-10-05 오전 11:05:00] 최소 TETBL5306로 초기화되었습니다.
[2022-10-05 오전 11:05:00] 초기화(사유: 현재 최대값이 현재 최소값보다 작습니다.)
[2022-10-05 오전 11:05:00] 초기화(사유: 현재 최대값이 현재 최소값보다 작습니다.)
[2022-10-05 오전 11:05:00] 최소 TETBL5306로 초기화되었습니다.
[2022-10-05 오전 11:05:00] 초기화(사유: 현재 최대값이 현재 최소값보다 작습니다.)
[2022-10-05 오전 11:05:00] 초기화(사유: 현재 최대값이 현재 최소값보다 작습니다.)
[2022-10-05 오전 11:05:00] 최소 TETBL5306로 초기화되었습니다.
[2022-10-05 오전 11:05:00] 초기화(사유: 현재 최대값이 현재 최소값보다 작습니다.)
[2022-10-05 오전 11:05:00] 초기화(사유: 현재 최대값이 현재 최소값보다 작습니다.)
[2022-10-05 오전 11:05:00] 최소 TETBL5306로 초기화되었습니다.
[2022-10-05 오전 11:05:00] 초기화(사유: 현재 최대값이 현재 최소값보다 작습니다.)
[2022-10-05 오전 11:05:00] 초기화(사유: 현재 최대값이 현재 최소값보다 작습니다.)
[2022-10-05 오전 11:05:01] 최소 TETBL5306로 초기화되었습니다.
[2022-10-05 오전 11:05:01] 초기화(사유: 현재 최대값이 현재 최소값보다 작습니다.)
[2022-10-05 오전 11:05:01] 초기화(사유: 현재 최대값이 현재 최소값보다 작습니다.)
[2022-10-05 오전 11:05:01] 최소 TETBL5306로 초기화되었습니다.
[2022-10-05 오전 11:05:01] 초기화(사유: 현재 최대값이 현재 최소값보다 작습니다.)
[2022-10-05 오전 11:05:01] 초기화(사유: 현재 최대값이 현재 최소값보다 작습니다.)
[2022-10-05 오전 11:05:01] 최소 TETBL5306로 초기화되었습니다.
[2022-10-05 오전 11:05:01] 초기화(사유: 현재 최대값이 현재 최소값보다 작습니다.)
[2022-10-05 오전 11:05:01] 초기화(사유: 현재 최대값이 현재 최소값보다 작습니다.)
[2022-10-05 오전 11:05:01] 최소 TETBL5306로 초기화되었습니다.
[2022-10-05 오전 11:05:01] 초기화(사유: 현재 최대값이 현재 최소값보다 작습니다.)
[2022-10-05 오전 11:05:01] 초기화(사유: 현재 최대값이 현재 최소값보다 작습니다.)
[2022-10-05 오전 11:05:01] 최소 TETBL5306로 초기화되었습니다.
[2022-10-05 오전 11:05:01] 초기화(사유: 현재 최대값이 현재 최소값보다 작습니다.)
[2022-10-05 오전 11:05:01] 초기화(사유: 현재 최대값이 현재 최소값보다 작습니다.)
[2022-10-05 오전 11:05:01] 최소 TETBL5306로 초기화되었습니다.
[2022-10-05 오전 11:05:01] 초기화(사유: 현재 최대값이 현재 최소값보다 작습니다.)
[2022-10-05 오전 11:05:01] 초기화(사유: 현재 최대값이 현재 최소값보다 작습니다.)
[2022-10-05 오전 11:05:01] 초기화(사유: 현재 최대값이 현재 최소값보다 작습니다.)
[2022-10-05 오전 11:05:01] 최소 TETBL5306로 초기화되었습니다.
[2022-10-05 오전 11:05:01] 초기화(사유: 현재 최대값이 현재 최소값보다 작습니다.)
[2022-10-05 오전 11:05:02] 초기화(사유: 현재 최대값이 현재 최소값보다 작습니다.)
[2022-10-05 오전 11:05:02] 최소 TETBL5306로 초기화되었습니다.
[2022-10-05 오전 11:05:02] 초기화(사유: 현재 최대값이 현재 최소값보다 작습니다.)
[2022-10-05 오전 11:05:02] 초기화(사유: 현재 최대값이 현재 최소값보다 작습니다.)
[2022-10-05 오전 11:05:02] 최소 TETBL5306로 초기화되었습니다.
[2022-10-05 오전 11:05:02] 초기화(사유: 현재 최대값이 현재 최소값보다 작습니다.)
[2022-10-05 오전 11:05:02] 초기화(사유: 현재 최대값이 현재 최소값보다 작습니다.)
[2022-10-05 오전 11:05:02] 최소 TETBL5306로 초기화되었습니다.
[2022-10-05 오전 11:05:02] 초기화(사유: 현재 최대값이 현재 최소값보다 작습니다.)
[2022-10-05 오전 11:05:02] 초기화(사유: 현재 최대값이 현재 최소값보다 작습니다.)
[2022-10-05 오전 11:05:02] 초기화(사유: 현재 최대값이 현재 최소값보다 작습니다.)
[2022-10-05 오전 11:05:02] 최소 TETBL5306로 초기화되었습니다.
[2022-10-05 오전 11:05:02] 초기화(사유: 현재 최대값이 현재 최소값보다 작습니다.)
[2022-10-05 오전 11:05:02] 초기화(사유: 현재 최대값이 현재 최소값보다 작습니다.)
[2022-10-05 오전 11:05:02] 최소 TETBL5306로 초기화되었습니다.
[2022-10-05 오전 11:05:02] 초기화(사유: 현재 최대값이 현재 최소값보다 작습니다.)
[2022-10-05 오전 11:05:02] 초기화(사유: 현재 최대값이 현재 최소값보다 작습니다.)
[2022-10-05 오전 11:05:02] 최소 TETBL5306로 초기화되었습니다.
[2022-10-05 오전 11:05:02] 초기화(사유: 현재 최대값이 현재 최소값보다 작습니다.)
[2022-10-05 오전 11:05:02] 초기화(사유: 현재 최대값이 현재 최소값보다 작습니다.)
[2022-10-05 오전 11:05:03] 최소 TETBL5306로 초기화되었습니다.
[2022-10-05 오전 11:05:03] 초기화(사유: 현재 최대값이 현재 최소값보다 작습니다.)
[2022-10-05 오전 11:05:03] 초기화(사유: 현재 최대값이 현재 최소값보다 작습니다.)
[2022-10-05 오전 11:05:03] 최소 TETBL5306로 초기화되었습니다.
[2022-10-05 오전 11:05:03] 초기화(사유: 현재 최대값이 현재 최소값보다 작습니다.)
[2022-10-05 오전 11:05:03] 초기화(사유: 현재 최대값이 현재 최소값보다 작습니다.)
[2022-10-05 오전 11:05:03] 최소 TETBL5306로 초기화되었습니다.
[2022-10-05 오전 11:05:03] 초기화(사유: 현재 최대값이 현재 최소값보다 작습니다.)
[2022-10-05 오전 11:05:03] 초기화(사유: 현재 최대값이 현재 최소값보다 작습니다.)
[2022-10-05 오전 11:05:03] 최소 TETBL5306로 초기화되었습니다.
[2022-10-05 오전 11:05:03] 초기화(사유: 현재 최대값이 현재 최소값보다 작습니다.)
[2022-10-05 오전 11:05:03] 초기화(사유: 현재 최대값이 현재 최소값보다 작습니다.)
[2022-10-05 오전 11:05:03] 최소 TETBL5306로 초기화되었습니다.
[2022-10-05 오전 11:05:03] 초기화(사유: 현재 최대값이 현재 최소값보다 작습니다.)
[2022-10-05 오전 11:05:03] 초기화(사유: 현재 최대값이 현재 최소값보다 작습니다.)
[2022-10-05 오전 11:05:03] 최소 TETBL5306로 초기화되었습니다.
[2022-10-05 오전 11:05:03] 초기화(사유: 현재 최대값이 현재 최소값보다 작습니다.)
[2022-10-05 오전 11:05:03] 초기화(사유: 현재 최대값이 현재 최소값보다 작습니다.)
[2022-10-05 오전 11:05:03] 최소 TETBL5306로 초기화되었습니다.
[2022-10-05 오전 11:05:03] 초기화(사유: 현재 최대값이 현재 최소값보다 작습니다.)
[2022-10-05 오전 11:05:03] 초기화(사유: 현재 최대값이 현재 최소값보다 작습니다.)
[2022-10-05 오전 11:05:04] 최소 TETBL5306로 초기화되었습니다.
[2022-10-05 오전 11:05:04] 초기화(사유: 현재 최대값이 현재 최소값보다 작습니다.)
[2022-10-05 오전 11:05:04] 초기화(사유: 현재 최대값이 현재 최소값보다 작습니다.)
[2022-10-05 오전 11:05:04] 최소 TETBL5306로 초기화되었습니다.
[2022-10-05 오전 11:05:04] 초기화(사유: 현재 최대값이 현재 최소값보다 작습니다.)
[2022-10-05 오전 11:05:04] 초기화(사유: 현재 최대값이 현재 최소값보다 작습니다.)
[2022-10-05 오전 11:05:04] 최소 TETBL5306로 초기화되었습니다.
[2022-10-05 오전 11:05:04] 초기화(사유: 현재 최대값이 현재 최소값보다 작습니다.)
[2022-10-05 오전 11:05:04] 초기화(사유: 현재 최대값이 현재 최소값보다 작습니다.)
[2022-10-05 오전 11:05:04] 최소 TETBL5306로 초기화되었습니다.
[2022-10-05 오전 11:05:04] 초기화(사유: 현재 최대값이 현재 최소값보다 작습니다.)
[2022-10-05 오전 11:05:04] 초기화(사유: 현재 최대값이 현재 최소값보다 작습니다.)
[2022-10-05 오전 11:05:04] 최소 TETBL5306로 초기화되었습니다.
[2022-10-05 오전 11:05:04] 초기화(사유: 현재 최대값이 현재 최소값보다 작습니다.)
[2022-10-05 오전 11:05:04] 초기화(사유: 현재 최대값이 현재 최소값보다 작습니다.)
[2022-10-05 오전 11:05:04] 최소 TETBL5306로 초기화되었습니다.
[2022-10-05 오전 11:05:04] 초기화(사유: 현재 최대값이 현재 최소값보다 작습니다.)
[2022-10-05 오전 11:05:04] 초기화(사유: 현재 최대값이 현재 최소값보다 작습니다.)
[2022-10-05 오전 11:05:05] 최소 TETBL5306로 초기화되었습니다.
[2022-10-05 오전 11:05:05] 초기화(사유: 현재 최대값이 현재 최소값보다 작습니다.)
[2022-10-05 오전 11:05:05] 초기화(사유: 현재 최대값이 현재 최소값보다 작습니다.)
[2022-10-05 오전 11:05:05] 초기화(사유: 현재 최대값이 현재 최소값보다 작습니다.)
[2022-10-05 오전 11:05:05] 초기화(사유: 현재 최대값이 현재 최소값보다 작습니다.)
[2022-10-05 오전 11:05:05] 초기화(사유: 현재 최대값이 현재 최소값보다 작습니다.)
[2022-10-05 오전 11:05:05] 초기화(사유: 현재 최대값이 현재 최소값보다 작습니다.)
[2022-10-05 오전 11:05:05] 초기화(사유: 현재 최대값이 현재 최소값보다 작습니다.)
[2022-10-05 오전 11:05:05] 초기화(사유: 현재 최대값이 현재 최소값보다 작습니다.)
[2022-10-05 오전 11:05:05] 최소 TETBL5306로 초기화되었습니다.
[2022-10-05 오전 11:05:05] 최소 TETBL5306로 초기화되었습니다.
[2022-10-05 오전 11:05:05] 최소 TETBL5306로 초기화되었습니다.
[2022-10-05 오전 11:05:05] 최소 TETBL5306로 초기화되었습니다.
[2022-10-05 오전 11:05:05] 최소 TETBL5306로 초기화되었습니다.
[2022-10-05 오전 11:05:05] 최소 TETBL5306로 초기화되었습니다.
[2022-10-05 오전 11:05:06] 최소 TETBL5306로 초기화되었습니다.
[2022-10-05 오전 11:05:06] 최소 TETBL5306로 초기화되었습니다.
[2022-10-05 오전 11:05:06] 최소 TETBL5306로 초기화되었습니다.
[2022-10-05 오전 11:05:06] 최소 TETBL5306로 초기화되었습니다.
[2022-10-05 오전 11:05:06] 최소 TETBL5306로 초기화되었습니다.
[2022-10-05 오전 11:05:06] 최소 TETBL5306로 초기화되었습니다.
[2022-10-05 오전 11:05:07] 최소 TETBL5306로 초기화되었습니다.
[2022-10-05 오전 11:05:07] 최소 TETBL5306로 초기화되었습니다.
[2022-10-05 오전 11:05:07] 최소 TETBL5306로 초기화되었습니다.
[2022-10-05 오전 11:05:07] 최소 TETBL5306로 초기화되었습니다.
[2022-10-05 오전 11:05:07] 최소 TETBL5306로 초기화되었습니다.
[2022-10-05 오전 11:05:07] 최소 TETBL5306로 초기화되었습니다.
[2022-10-05 오전 11:05:08] 최소 TETBL5306로 초기화되었습니다.
[2022-10-05 오전 11:05:08] 최소 TETBL5306로 초기화되었습니다.
[2022-10-05 오전 11:05:08] 최소 TETBL5306로 초기화되었습니다.
[2022-10-05 오전 11:05:08] 최소 TETBL5306로 초기화되었습니다.
[2022-10-05 오전 11:05:08] 최소 TETBL5306로 초기화되었습니다.
[2022-10-05 오전 11:05:08] 최소 TETBL5306로 초기화되었습니다.
[2022-10-05 오전 11:05:09] 최소 TETBL5306로 초기화되었습니다.
[2022-10-05 오전 11:05:09] 최소 TETBL5306로 초기화되었습니다.
[2022-10-05 오전 11:05:09] 최소 TETBL5306로 초기화되었습니다.
[2022-10-05 오전 11:05:09] 최소 TETBL5306로 초기화되었습니다.
[2022-10-05 오전 11:05:09] 최소 TETBL5306로 초기화되었습니다.
[2022-10-05 오전 11:05:09] 최소 TETBL5306로 초기화되었습니다.
[2022-10-05 오전 11:05:10] 최소 TETBL5306로 초기화되었습니다.
[2022-10-05 오전 11:05:10] 최소 TETBL5306로 초기화되었습니다.
[2022-10-05 오전 11:05:10] 최소 TETBL5306로 초기화되었습니다.
[2022-10-05 오전 11:05:10] 최소 TETBL5306로 초기화되었습니다.
[2022-10-05 오전 11:05:10] 최소 TETBL5306로 초기화되었습니다.
[2022-10-05 오전 11:05:11] 최소 TETBL5306로 초기화되었습니다.
[2022-10-05 오전 11:05:11] 최소 TETBL5306로 초기화되었습니다.
[2022-10-05 오전 11:05:11] 최소 TETBL5306로 초기화되었습니다.
[2022-10-05 오전 11:05:11] 최소 TETBL5306로 초기화되었습니다.
[2022-10-05 오전 11:05:11] 최소 TETBL5306로 초기화되었습니다.
[2022-10-05 오전 11:05:12] 최소 TETBL5306로 초기화되었습니다.
[2022-10-05 오전 11:05:12] 최소 TETBL5306로 초기화되었습니다.
[2022-10-05 오전 11:05:12] 최소 TETBL5306로 초기화되었습니다.
[2022-10-05 오전 11:05:12] 최소 TETBL5306로 초기화되었습니다.
[2022-10-05 오전 11:05:12] 최소 TETBL5306로 초기화되었습니다.
[2022-10-05 오전 11:05:12] 최소 TETBL5306로 초기화되었습니다.
[2022-10-05 오전 11:05:13] 최소 TETBL5306로 초기화되었습니다.
[2022-10-05 오전 11:05:15] 최소 TETBL5306로 초기화되었습니다.
[2022-10-05 오전 11:05:15] 최소 TETBL5306로 초기화되었습니다.
[2022-10-05 오전 11:05:15] 최소 TETBL5306로 초기화되었습니다.
[2022-10-05 오전 11:05:15] 최소 TETBL5306로 초기화되었습니다.
[2022-10-05 오전 11:05:15] 최소 TETBL5306로 초기화되었습니다.
[2022-10-05 오전 11:05:16] 최소 TETBL5306로 초기화되었습니다.
[2022-10-05 오전 11:05:16] 최소 TETBL5306로 초기화되었습니다.
[2022-10-05 오전 11:05:17] 최소 TETBL5306로 초기화되었습니다.
[2022-10-05 오전 11:05:17] 최소 TETBL5306로 초기화되었습니다.
[2022-10-05 오전 11:05:17] 최소 TETBL5306로 초기화되었습니다.
[2022-10-05 오전 11:05:17] 최소 TETBL5306로 초기화되었습니다.
[2022-10-05 오전 11:05:17] 최소 TETBL5306로 초기화되었습니다.
[2022-10-05 오전 11:05:17] 최소 TETBL5306로 초기화되었습니다.
[2022-10-05 오전 11:05:17] 최소 TETBL5306로 초기화되었습니다.
[2022-10-05 오전 11:05:18] 최소 TETBL5306로 초기화되었습니다.
[2022-10-05 오전 11:05:18] 최소 TETBL5306로 초기화되었습니다.
[2022-10-05 오전 11:05:18] 최소 TETBL5306로 초기화되었습니다.
[2022-10-05 오전 11:05:18] 최소 TETBL5306로 초기화되었습니다.
[2022-10-05 오전 11:05:18] 최소 TETBL5306로 초기화되었습니다.
[2022-10-05 오전 11:05:18] 최소 TETBL5306로 초기화되었습니다.
[2022-10-05 오전 11:05:21] 최대 TETBL5342를 선택하셨습니다.
[2022-10-05 오전 11:05:28] 최소 TETBL5336를 선택하셨습니다.
[2022-10-05 오전 11:05:33] 최대 TETBL5335를 선택하셨습니다.
[2022-10-05 오전 11:05:33] 초기화(사유: 현재 최대값이 현재 최소값보다 작습니다.)
[2022-10-05 오전 11:05:33] 최소 TETBL5306로 초기화되었습니다.
[2022-10-05 오전 11:06:01] 최소 TETBL5335를 선택하셨습니다.
[2022-10-05 오전 11:06:04] 최대 TETBL5381를 선택하셨습니다.
[2022-10-05 오전 11:06:08] 최소 TETBL5380를 선택하셨습니다.
[2022-10-05 오전 11:06:10] 최대 TETBL5379를 선택하셨습니다.
[2022-10-05 오전 11:06:10] 초기화(사유: 현재 최대값이 현재 최소값보다 작습니다.)
[2022-10-05 오전 11:06:10] 최소 TETBL5306로 초기화되었습니다.
[2022-10-05 오전 11:06:20] 최소 TETBL5379를 선택하셨습니다.
[2022-10-05 오전 11:06:23] 최대 TETBL5378를 선택하셨습니다.
[2022-10-05 오전 11:06:23] 초기화(사유: 현재 최대값이 현재 최소값보다 작습니다.)
[2022-10-05 오전 11:06:23] 최소 TETBL5306로 초기화되었습니다.
[2022-10-05 오전 11:06:32] 최대 TETBL5354를 선택하셨습니다.
[2022-10-05 오전 11:06:32] 최대 TETBL5354를 선택하셨습니다.
[2022-10-05 오전 11:06:36] 최대 TETBL5306를 선택하셨습니다.
[2022-10-05 오전 11:06:37] 버튼 버튼 Click
[2022-10-05 오전 11:06:37] DB 확인 중
[2022-10-05 오전 11:06:39] 다나의원DB 실행
[2022-10-05 오전 11:06:51] 다나의원DB와 연결이 되었습니다.
[2022-10-05 오전 11:06:54] TETBL5306 실행
[2022-10-05 오전 11:29:56] 저장
[2022-10-05 오전 11:29:56] 종료
[2022-10-05 오전 11:29:58] 업데이트 중...
[2022-10-05 오전 11:30:05] 프로그램을 시작합니다.
[2022-10-05 오전 11:30:05] 시작
[2022-10-05 오전 11:30:06] 시작
[2022-10-05 오전 11:30:06] 이미지 불러오기 완료
[2022-10-05 오전 11:30:06] 환경설정을 불러 오는 중...
[2022-10-05 오전 11:30:06] 투명도 : 100%
[2022-10-05 오전 11:30:06] 환경설정을 불러 왔습니다.
[2022-10-05 오전 11:30:06] 준비완료
[2022-10-05 오전 11:30:08] 버튼 버튼 Click
[2022-10-05 오전 11:30:12] DB 확인 중
[2022-10-05 오전 11:30:13] 다나의원DB 실행
[2022-10-05 오전 11:30:13] 저장
[2022-10-05 오전 11:30:14] 종료
[2022-10-05 오전 11:30:14] 다나의원DB와 연결이 되었습니다.
[2022-10-05 오전 11:30:18] 프로그램을 시작합니다.
[2022-10-05 오전 11:30:18] 시작
[2022-10-05 오전 11:30:18] 시작
[2022-10-05 오전 11:30:18] 이미지 불러오기 완료
[2022-10-05 오전 11:30:18] 환경설정을 불러 오는 중...
[2022-10-05 오전 11:30:18] 투명도 : 100%
[2022-10-05 오전 11:30:18] 환경설정을 불러 왔습니다.
[2022-10-05 오전 11:30:19] 준비완료
[2022-10-05 오전 11:30:20] 버튼 버튼 Click
[2022-10-05 오전 11:30:20] DB 확인 중
[2022-10-05 오전 11:30:21] 다나의원DB 실행
[2022-10-05 오전 11:30:21] 다나의원DB와 연결이 되었습니다.
[2022-10-05 오전 11:30:23] TETBL5306 실행
[2022-10-05 오전 11:30:32] 이미 업데이트 되었음.
[2022-10-05 오전 11:30:32] 종료
[2022-10-05 오전 11:30:33] 종료
[2022-10-05 오전 11:30:33] 종료
[2022-10-05 오전 11:30:34] 종료
[2022-10-05 오전 11:30:34] 종료
[2022-10-05 오전 11:30:36] 버튼 버튼 Click
[2022-10-05 오전 11:30:36] DB 확인 중
[2022-10-05 오전 11:30:37] 다나의원DB 실행
[2022-10-05 오전 11:30:50] 다나의원DB와 연결이 되었습니다.
[2022-10-05 오전 11:30:52] TETBL5306 실행
[2022-10-05 오전 11:30:58] 이미 업데이트 되었음.
[2022-10-05 오전 11:30:58] 종료
[2022-10-05 오전 11:30:59] 종료
[2022-10-05 오전 11:31:00] 종료
[2022-10-05 오전 11:31:00] 종료
[2022-10-05 오전 11:31:01] 종료
[2022-10-05 오전 11:31:37] 프로그램을 시작합니다.
[2022-10-05 오전 11:31:37] 시작
[2022-10-05 오전 11:31:37] 시작
[2022-10-05 오전 11:31:37] 이미지 불러오기 완료
[2022-10-05 오전 11:31:38] 환경설정을 불러 오는 중...
[2022-10-05 오전 11:31:38] 투명도 : 100%
[2022-10-05 오전 11:31:38] 환경설정을 불러 왔습니다.
[2022-10-05 오전 11:31:38] 준비완료
[2022-10-05 오전 11:31:39] 버튼 버튼 Click
[2022-10-05 오전 11:31:39] DB 확인 중
[2022-10-05 오전 11:31:40] 다나의원DB 실행
[2022-10-05 오전 11:31:44] 버튼 버튼 Click
[2022-10-05 오전 11:31:44] DB 확인 중
[2022-10-05 오전 11:31:45] 다나의원DB 실행
[2022-10-05 오후 01:07:13] 프로그램을 시작합니다.
[2022-10-05 오후 01:07:13] 시작
[2022-10-05 오후 01:07:13] 시작
[2022-10-05 오후 01:07:14] 이미지 불러오기 완료
[2022-10-05 오후 01:07:14] 환경설정을 불러 오는 중...
[2022-10-05 오후 01:07:14] 투명도 : 100%
[2022-10-05 오후 01:07:14] 환경설정을 불러 왔습니다.
[2022-10-05 오후 01:07:14] 준비완료
[2022-10-05 오후 01:07:15] 버튼 버튼 Click
[2022-10-05 오후 01:07:15] DB 확인 중
[2022-10-05 오후 01:07:16] 다나의원DB 실행
[2022-10-05 오후 01:07:17] 버튼 버튼 Click
[2022-10-05 오후 01:07:17] DB 확인 중
[2022-10-05 오후 01:07:18] 다나의원DB 실행
[2022-10-05 오후 01:07:20] 버튼 버튼 Click
[2022-10-05 오후 01:07:20] DB 확인 중
[2022-10-05 오후 01:07:21] 다나의원DB 실행
[2022-10-05 오후 01:07:23] 저장
[2022-10-05 오후 01:07:23] 종료
