[2022-11-28 오후 03:42:12] 프로그램을 시작합니다.
[2022-11-28 오후 03:42:12] 시작
[2022-11-28 오후 03:42:12] 시작
[2022-11-28 오후 03:42:12] 이미지 불러오기 완료
[2022-11-28 오후 03:42:13] 환경설정을 불러 오는 중...
[2022-11-28 오후 03:42:13] 투명도 : 100%
[2022-11-28 오후 03:42:13] 환경설정을 불러 왔습니다.
[2022-11-28 오후 03:42:13] 준비완료
[2022-11-28 오후 03:42:20] 환경설정2를 불러오는 중...
[2022-11-28 오후 03:42:21] 환경설정2를 불러왔습니다.
[2022-11-28 오후 03:42:22] 저장하기
[2022-11-28 오후 03:42:30] 환경설정2를 불러오는 중...
[2022-11-28 오후 03:42:30] 환경설정2를 불러왔습니다.
[2022-11-28 오후 03:42:32] 저장하기
[2022-11-28 오후 03:49:07] 프로그램을 시작합니다.
[2022-11-28 오후 03:49:07] 시작
[2022-11-28 오후 03:49:07] 시작
[2022-11-28 오후 03:49:07] 이미지 불러오기 완료
[2022-11-28 오후 03:49:07] 환경설정을 불러 오는 중...
[2022-11-28 오후 03:49:08] 투명도 : 100%
[2022-11-28 오후 03:49:08] 환경설정을 불러 왔습니다.
[2022-11-28 오후 03:49:08] 준비완료
[2022-11-28 오후 03:49:10] 환경설정2를 불러오는 중...
[2022-11-28 오후 03:49:10] 환경설정2를 불러왔습니다.
[2022-11-28 오후 03:49:11] 저장하기
[2022-11-28 오후 03:49:19] AutoUpdate 버튼 Click
[2022-11-28 오후 03:49:21] AutoUpdate 버튼 Click
[2022-11-28 오후 03:49:22] AutoUpdate 버튼 Click
[2022-11-28 오후 03:50:05] 프로그램을 시작합니다.
[2022-11-28 오후 03:50:06] 시작
[2022-11-28 오후 03:50:06] 시작
[2022-11-28 오후 03:50:06] 이미지 불러오기 완료
[2022-11-28 오후 03:50:06] 환경설정을 불러 오는 중...
[2022-11-28 오후 03:50:06] 투명도 : 100%
[2022-11-28 오후 03:50:06] 환경설정을 불러 왔습니다.
[2022-11-28 오후 03:50:06] 준비완료
[2022-11-28 오후 03:50:13] 저장
[2022-11-28 오후 03:50:13] 종료
