[2022-09-22 오전 09:49:13] 프로그램을 시작합니다.
[2022-09-22 오전 09:49:13] 시작
[2022-09-22 오전 09:49:14] 시작
[2022-09-22 오전 09:49:14] 이미지 불러오기 완료
[2022-09-22 오전 09:49:14] 환경설정을 불러오는 중...
[2022-09-22 오전 09:49:14] 투명도 : 82%
[2022-09-22 오전 09:49:14] 환경설정을 불러왔습니다.
[2022-09-22 오전 09:49:14] 준비완료
[2022-09-22 오전 09:50:11] 프로그램을 시작합니다.
[2022-09-22 오전 09:50:12] 시작
[2022-09-22 오전 09:50:12] 시작
[2022-09-22 오전 09:50:13] 이미지 불러오기 완료
[2022-09-22 오전 09:50:13] 환경설정을 불러오는 중...
[2022-09-22 오전 09:50:13] 투명도 : 82%
[2022-09-22 오전 09:50:13] 환경설정을 불러왔습니다.
[2022-09-22 오전 09:50:26] 준비완료
[2022-09-22 오전 09:51:25] 프로그램을 시작합니다.
[2022-09-22 오전 09:51:25] 시작
[2022-09-22 오전 09:51:25] 시작
[2022-09-22 오전 09:51:26] 이미지 불러오기 완료
[2022-09-22 오전 09:51:26] 환경설정을 불러오는 중...
[2022-09-22 오전 09:51:26] 투명도 : 82%
[2022-09-22 오전 09:51:26] 환경설정을 불러왔습니다.
[2022-09-22 오전 09:51:26] 준비완료
[2022-09-22 오전 09:55:08] 프로그램을 시작합니다.
[2022-09-22 오전 09:55:09] 시작
[2022-09-22 오전 09:55:09] 시작
[2022-09-22 오전 09:55:10] 이미지 불러오기 완료
[2022-09-22 오전 09:55:10] 환경설정을 불러오는 중...
[2022-09-22 오전 09:55:10] 투명도 : 82%
[2022-09-22 오전 09:55:10] 환경설정을 불러왔습니다.
[2022-09-22 오전 09:55:20] 준비완료
[2022-09-22 오전 09:55:21] 저장
[2022-09-22 오전 09:55:21] 종료
[2022-09-22 오전 10:00:12] 프로그램을 시작합니다.
[2022-09-22 오전 10:00:12] 시작
[2022-09-22 오전 10:00:13] 시작
[2022-09-22 오전 10:00:17] 이미지 불러오기 완료
[2022-09-22 오전 10:00:17] 환경설정을 불러오는 중...
[2022-09-22 오전 10:00:17] 투명도 : 82%
[2022-09-22 오전 10:00:18] 환경설정을 불러왔습니다.
[2022-09-22 오전 10:00:18] 준비완료
[2022-09-22 오전 10:00:18] 저장
[2022-09-22 오전 10:00:18] 종료
[2022-09-22 오전 10:01:10] 프로그램을 시작합니다.
[2022-09-22 오전 10:01:11] 시작
[2022-09-22 오전 10:01:11] 시작
[2022-09-22 오전 10:01:46] 프로그램을 시작합니다.
[2022-09-22 오전 10:01:47] 시작
[2022-09-22 오전 10:01:47] 시작
[2022-09-22 오전 10:01:47] 이미지 불러오기 완료
[2022-09-22 오전 10:01:47] 환경설정을 불러오는 중...
[2022-09-22 오전 10:01:48] 투명도 : 82%
[2022-09-22 오전 10:01:48] 환경설정을 불러왔습니다.
[2022-09-22 오전 10:01:48] 준비완료
[2022-09-22 오전 10:02:12] 저장
[2022-09-22 오전 10:02:12] 종료
[2022-09-22 오전 10:02:18] 프로그램을 시작합니다.
[2022-09-22 오전 10:02:19] 시작
[2022-09-22 오전 10:02:52] 프로그램을 시작합니다.
[2022-09-22 오전 10:02:53] 시작
[2022-09-22 오전 10:02:53] 시작
[2022-09-22 오전 10:02:53] 이미지 불러오기 완료
[2022-09-22 오전 10:05:08] 프로그램을 시작합니다.
[2022-09-22 오전 10:05:09] 시작
[2022-09-22 오전 10:05:09] 시작
[2022-09-22 오전 10:05:09] 이미지 불러오기 완료
[2022-09-22 오전 10:05:09] 환경설정을 불러오는 중...
[2022-09-22 오전 10:05:10] 투명도 : 82%
[2022-09-22 오전 10:05:10] 환경설정을 불러왔습니다.
[2022-09-22 오전 10:05:10] 준비완료
[2022-09-22 오전 10:05:31] 프로그램을 시작합니다.
[2022-09-22 오전 10:05:32] 시작
[2022-09-22 오전 10:05:32] 시작
[2022-09-22 오후 01:55:06] 프로그램을 시작합니다.
[2022-09-22 오후 01:55:07] 시작
[2022-09-22 오후 01:55:07] 시작
[2022-09-22 오후 01:56:46] 프로그램을 시작합니다.
[2022-09-22 오후 01:56:46] 시작
[2022-09-22 오후 01:56:47] 시작
[2022-09-22 오후 01:56:47] 이미지 불러오기 완료
[2022-09-22 오후 01:56:47] 환경설정을 불러오는 중...
[2022-09-22 오후 01:59:52] 프로그램을 시작합니다.
[2022-09-22 오후 01:59:52] 시작
[2022-09-22 오후 01:59:53] 시작
[2022-09-22 오후 01:59:53] 이미지 불러오기 완료
[2022-09-22 오후 04:39:26] 프로그램을 시작합니다.
[2022-09-22 오후 04:39:27] 시작
[2022-09-22 오후 04:39:27] 시작
[2022-09-22 오후 04:39:27] 이미지 불러오기 완료
[2022-09-22 오후 04:39:28] 환경설정을 불러오는 중...
[2022-09-22 오후 04:39:28] 투명도 : 82%
[2022-09-22 오후 04:39:28] 환경설정을 불러왔습니다.
[2022-09-22 오후 04:39:28] 준비완료
[2022-09-22 오후 04:39:30] 저장
[2022-09-22 오후 04:39:30] 종료
[2022-09-22 오후 04:41:13] 프로그램을 시작합니다.
[2022-09-22 오후 04:41:14] 시작
[2022-09-22 오후 04:41:14] 시작
[2022-09-22 오후 04:41:14] 이미지 불러오기 완료
[2022-09-22 오후 04:41:15] 환경설정을 불러오는 중...
[2022-09-22 오후 04:41:15] 투명도 : 82%
[2022-09-22 오후 04:41:15] 환경설정을 불러왔습니다.
[2022-09-22 오후 04:41:15] 준비완료
[2022-09-22 오후 04:41:22] 저장
[2022-09-22 오후 04:41:22] 종료
[2022-09-22 오후 04:41:44] 프로그램을 시작합니다.
[2022-09-22 오후 04:41:45] 시작
[2022-09-22 오후 04:41:45] 시작
[2022-09-22 오후 04:41:45] 이미지 불러오기 완료
[2022-09-22 오후 04:41:45] 환경설정을 불러오는 중...
[2022-09-22 오후 04:41:45] 투명도 : 82%
[2022-09-22 오후 04:41:45] 환경설정을 불러왔습니다.
[2022-09-22 오후 04:41:46] 준비완료
[2022-09-22 오후 04:41:49] 저장
[2022-09-22 오후 04:41:49] 종료
[2022-09-22 오후 04:42:01] 프로그램을 시작합니다.
[2022-09-22 오후 04:42:01] 시작
[2022-09-22 오후 04:42:02] 시작
[2022-09-22 오후 04:42:02] 이미지 불러오기 완료
[2022-09-22 오후 04:42:02] 환경설정을 불러오는 중...
[2022-09-22 오후 04:42:02] 투명도 : 82%
[2022-09-22 오후 04:42:02] 환경설정을 불러왔습니다.
[2022-09-22 오후 04:42:02] 준비완료
[2022-09-22 오후 04:42:10] 저장
[2022-09-22 오후 04:42:10] 종료
[2022-09-22 오후 04:42:45] 프로그램을 시작합니다.
[2022-09-22 오후 04:42:46] 시작
[2022-09-22 오후 04:42:46] 시작
[2022-09-22 오후 04:42:47] 이미지 불러오기 완료
[2022-09-22 오후 04:42:47] 환경설정을 불러오는 중...
[2022-09-22 오후 04:42:47] 투명도 : 82%
[2022-09-22 오후 04:42:47] 환경설정을 불러왔습니다.
[2022-09-22 오후 04:42:47] 준비완료
[2022-09-22 오후 04:42:48] 저장
[2022-09-22 오후 04:42:48] 종료
[2022-09-22 오후 04:45:29] 프로그램을 시작합니다.
[2022-09-22 오후 04:45:30] 시작
[2022-09-22 오후 04:45:30] 시작
[2022-09-22 오후 04:45:30] 이미지 불러오기 완료
[2022-09-22 오후 04:45:31] 환경설정을 불러오는 중...
[2022-09-22 오후 04:45:31] 투명도 : 82%
[2022-09-22 오후 04:45:31] 환경설정을 불러왔습니다.
[2022-09-22 오후 04:45:31] 준비완료
[2022-09-22 오후 04:45:43] 저장
[2022-09-22 오후 04:45:43] 종료
[2022-09-22 오후 04:46:34] 프로그램을 시작합니다.
[2022-09-22 오후 04:46:35] 시작
[2022-09-22 오후 04:46:35] 시작
[2022-09-22 오후 04:46:35] 이미지 불러오기 완료
[2022-09-22 오후 04:46:35] 환경설정을 불러오는 중...
[2022-09-22 오후 04:46:35] 투명도 : 82%
[2022-09-22 오후 04:46:36] 환경설정을 불러왔습니다.
[2022-09-22 오후 04:46:36] 준비완료
[2022-09-22 오후 04:46:39] 저장
[2022-09-22 오후 04:46:39] 종료
[2022-09-22 오후 04:47:19] 프로그램을 시작합니다.
[2022-09-22 오후 04:47:20] 시작
[2022-09-22 오후 04:47:20] 시작
[2022-09-22 오후 04:47:20] 이미지 불러오기 완료
[2022-09-22 오후 04:47:20] 환경설정을 불러오는 중...
[2022-09-22 오후 04:47:20] 투명도 : 82%
[2022-09-22 오후 04:47:21] 환경설정을 불러왔습니다.
[2022-09-22 오후 04:47:21] 준비완료
[2022-09-22 오후 04:47:24] 윈도우 최상위로
[2022-09-22 오후 04:47:24] 윈도우 최상위 취소
[2022-09-22 오후 04:47:31] 저장
[2022-09-22 오후 04:47:31] 종료
[2022-09-22 오후 04:48:32] 프로그램을 시작합니다.
[2022-09-22 오후 04:48:32] 시작
[2022-09-22 오후 04:48:32] 시작
[2022-09-22 오후 04:48:33] 이미지 불러오기 완료
[2022-09-22 오후 04:48:33] 환경설정을 불러오는 중...
[2022-09-22 오후 04:48:33] 투명도 : 82%
[2022-09-22 오후 04:48:33] 환경설정을 불러왔습니다.
[2022-09-22 오후 04:48:33] 준비완료
[2022-09-22 오후 04:48:37] 저장
[2022-09-22 오후 04:48:37] 종료
[2022-09-22 오후 05:16:56] 프로그램을 시작합니다.
[2022-09-22 오후 05:16:57] 시작
[2022-09-22 오후 05:16:57] 시작
[2022-09-22 오후 05:16:57] 이미지 불러오기 완료
[2022-09-22 오후 05:16:57] 환경설정을 불러오는 중...
[2022-09-22 오후 05:16:57] 투명도 : 82%
[2022-09-22 오후 05:16:58] 환경설정을 불러왔습니다.
[2022-09-22 오후 05:16:58] 준비완료
[2022-09-22 오후 05:24:43] 프로그램을 시작합니다.
[2022-09-22 오후 05:24:43] 시작
[2022-09-22 오후 05:24:44] 시작
[2022-09-22 오후 05:24:44] 이미지 불러오기 완료
[2022-09-22 오후 05:24:44] 환경설정을 불러오는 중...
[2022-09-22 오후 05:24:44] 투명도 : 82%
[2022-09-22 오후 05:24:44] 환경설정을 불러왔습니다.
[2022-09-22 오후 05:24:44] 준비완료
[2022-09-22 오후 05:32:53] 프로그램을 시작합니다.
[2022-09-22 오후 05:32:53] 시작
[2022-09-22 오후 05:32:53] 시작
[2022-09-22 오후 05:33:32] 프로그램을 시작합니다.
[2022-09-22 오후 05:33:33] 시작
[2022-09-22 오후 05:33:33] 시작
[2022-09-22 오후 05:33:33] 이미지 불러오기 완료
[2022-09-22 오후 05:33:33] 환경설정을 불러오는 중...
[2022-09-22 오후 05:33:33] 투명도 : 82%
[2022-09-22 오후 05:33:34] 환경설정을 불러왔습니다.
[2022-09-22 오후 05:33:34] 준비완료
[2022-09-22 오후 05:34:12] 프로그램을 시작합니다.
[2022-09-22 오후 05:34:13] 시작
[2022-09-22 오후 05:34:13] 시작
[2022-09-22 오후 05:38:18] 프로그램을 시작합니다.
[2022-09-22 오후 05:38:18] 시작
[2022-09-22 오후 05:38:19] 시작
[2022-09-22 오후 05:38:19] 이미지 불러오기 완료
[2022-09-22 오후 05:38:19] 환경설정을 불러오는 중...
[2022-09-22 오후 05:45:47] 프로그램을 시작합니다.
[2022-09-22 오후 05:45:47] 시작
[2022-09-22 오후 05:45:48] 시작
[2022-09-22 오후 05:45:48] 이미지 불러오기 완료
