[2022-09-27 오전 10:20:36] 프로그램을 시작합니다.
[2022-09-27 오전 10:20:37] 시작
[2022-09-27 오전 10:20:37] 시작
[2022-09-27 오전 10:20:37] 이미지 불러오기 완료
[2022-09-27 오전 10:20:37] 환경설정을 불러오는 중...
[2022-09-27 오전 10:20:38] 투명도 : 100%
[2022-09-27 오전 10:20:38] 환경설정을 불러왔습니다.
[2022-09-27 오전 10:20:38] 준비완료
[2022-09-27 오전 10:20:43] 저장
[2022-09-27 오전 10:22:21] 프로그램을 시작합니다.
[2022-09-27 오전 10:22:21] 시작
[2022-09-27 오전 10:22:22] 시작
[2022-09-27 오전 10:22:22] 이미지 불러오기 완료
[2022-09-27 오전 10:22:22] 환경설정을 불러오는 중...
[2022-09-27 오전 10:22:22] 투명도 : 100%
[2022-09-27 오전 10:22:22] 환경설정을 불러왔습니다.
[2022-09-27 오전 10:22:22] 준비완료
[2022-09-27 오전 10:22:25] 저장
[2022-09-27 오전 10:22:40] 프로그램을 시작합니다.
[2022-09-27 오전 10:22:41] 시작
[2022-09-27 오전 10:22:41] 시작
[2022-09-27 오전 10:22:41] 이미지 불러오기 완료
[2022-09-27 오전 10:22:41] 환경설정을 불러오는 중...
[2022-09-27 오전 10:22:42] 투명도 : 100%
[2022-09-27 오전 10:22:42] 환경설정을 불러왔습니다.
[2022-09-27 오전 10:22:42] 준비완료
[2022-09-27 오전 10:23:20] 프로그램을 시작합니다.
[2022-09-27 오전 10:23:20] 시작
[2022-09-27 오전 10:23:21] 시작
[2022-09-27 오전 10:23:21] 이미지 불러오기 완료
[2022-09-27 오전 10:23:21] 환경설정을 불러오는 중...
[2022-09-27 오전 10:23:21] 투명도 : 100%
[2022-09-27 오전 10:23:21] 환경설정을 불러왔습니다.
[2022-09-27 오전 10:23:28] 준비완료
[2022-09-27 오전 10:23:29] 저장
[2022-09-27 오전 10:23:42] 프로그램을 시작합니다.
[2022-09-27 오전 10:23:43] 시작
[2022-09-27 오전 10:24:27] 프로그램을 시작합니다.
[2022-09-27 오전 10:24:28] 시작
[2022-09-27 오전 10:24:28] 시작
[2022-09-27 오전 10:24:28] 이미지 불러오기 완료
[2022-09-27 오전 10:24:28] 환경설정을 불러오는 중...
[2022-09-27 오전 10:24:28] 투명도 : 100%
[2022-09-27 오전 10:24:28] 환경설정을 불러왔습니다.
[2022-09-27 오전 10:24:30] 준비완료
[2022-09-27 오전 10:24:39] 저장
[2022-09-27 오전 10:24:39] 종료
[2022-09-27 오전 10:30:43] 프로그램을 시작합니다.
[2022-09-27 오전 10:30:44] 시작
[2022-09-27 오전 10:30:44] 시작
[2022-09-27 오전 10:30:44] 이미지 불러오기 완료
[2022-09-27 오전 10:30:44] 환경설정을 불러오는 중...
[2022-09-27 오전 10:30:44] 투명도 : 100%
[2022-09-27 오전 10:30:44] 환경설정을 불러왔습니다.
[2022-09-27 오전 10:30:47] 준비완료
[2022-09-27 오전 10:30:49] 저장
[2022-09-27 오전 10:31:23] 프로그램을 시작합니다.
[2022-09-27 오전 10:31:24] 시작
[2022-09-27 오전 10:31:24] 시작
[2022-09-27 오전 10:31:24] 이미지 불러오기 완료
[2022-09-27 오전 10:31:24] 환경설정을 불러오는 중...
[2022-09-27 오전 10:31:25] 투명도 : 100%
[2022-09-27 오전 10:31:25] 환경설정을 불러왔습니다.
[2022-09-27 오전 10:31:27] 준비완료
[2022-09-27 오전 10:31:32] 저장
[2022-09-27 오전 10:31:46] 프로그램을 시작합니다.
[2022-09-27 오전 10:31:47] 시작
[2022-09-27 오전 10:31:47] 시작
[2022-09-27 오전 10:31:48] 이미지 불러오기 완료
[2022-09-27 오전 10:31:48] 환경설정을 불러오는 중...
[2022-09-27 오전 10:31:48] 투명도 : 100%
[2022-09-27 오전 10:31:48] 환경설정을 불러왔습니다.
[2022-09-27 오전 10:31:50] 준비완료
[2022-09-27 오전 10:31:52] 저장
[2022-09-27 오전 10:31:52] 종료
[2022-09-27 오전 10:32:03] 프로그램을 시작합니다.
[2022-09-27 오전 10:32:03] 시작
[2022-09-27 오전 10:32:03] 시작
[2022-09-27 오전 10:32:04] 이미지 불러오기 완료
[2022-09-27 오전 10:32:04] 환경설정을 불러오는 중...
[2022-09-27 오전 10:32:04] 투명도 : 100%
[2022-09-27 오전 10:32:04] 환경설정을 불러왔습니다.
[2022-09-27 오전 10:32:04] 준비완료
[2022-09-27 오전 10:32:11] 저장
[2022-09-27 오전 10:32:11] 종료
[2022-09-27 오전 10:43:32] 프로그램을 시작합니다.
[2022-09-27 오전 10:43:33] 시작
[2022-09-27 오전 10:43:33] 시작
[2022-09-27 오전 10:43:33] 이미지 불러오기 완료
[2022-09-27 오전 10:43:33] 환경설정을 불러오는 중...
[2022-09-27 오전 10:43:34] 투명도 : 100%
[2022-09-27 오전 10:43:34] 환경설정을 불러왔습니다.
[2022-09-27 오전 10:43:34] 준비완료
[2022-09-27 오전 10:43:37] 최소 TETBL5337를 선택하셨습니다.
[2022-09-27 오전 10:43:48] 최대 TETBL5450를 선택하셨습니다.
[2022-09-27 오전 10:43:51] 최솟값이 최댓값보다 큽니다.
[2022-09-27 오전 10:45:36] 프로그램을 시작합니다.
[2022-09-27 오전 10:45:37] 시작
[2022-09-27 오전 10:45:37] 시작
[2022-09-27 오전 10:45:37] 이미지 불러오기 완료
[2022-09-27 오전 10:45:37] 환경설정을 불러오는 중...
[2022-09-27 오전 10:45:37] 투명도 : 100%
[2022-09-27 오전 10:45:37] 환경설정을 불러왔습니다.
[2022-09-27 오전 10:46:23] 프로그램을 시작합니다.
[2022-09-27 오전 10:46:23] 시작
[2022-09-27 오전 10:46:23] 시작
[2022-09-27 오전 10:46:24] 이미지 불러오기 완료
[2022-09-27 오전 10:46:24] 환경설정을 불러오는 중...
[2022-09-27 오전 10:46:24] 투명도 : 100%
[2022-09-27 오전 10:46:24] 환경설정을 불러왔습니다.
[2022-09-27 오전 10:46:48] 프로그램을 시작합니다.
[2022-09-27 오전 10:46:49] 시작
[2022-09-27 오전 10:46:49] 시작
[2022-09-27 오전 10:46:49] 이미지 불러오기 완료
[2022-09-27 오전 10:46:49] 환경설정을 불러오는 중...
[2022-09-27 오전 10:46:49] 투명도 : 100%
[2022-09-27 오전 10:46:49] 환경설정을 불러왔습니다.
[2022-09-27 오전 10:47:33] 프로그램을 시작합니다.
[2022-09-27 오전 10:47:34] 시작
[2022-09-27 오전 10:47:34] 시작
[2022-09-27 오전 10:47:34] 이미지 불러오기 완료
[2022-09-27 오전 10:47:35] 환경설정을 불러오는 중...
[2022-09-27 오전 10:47:35] 투명도 : 100%
[2022-09-27 오전 10:47:35] 환경설정을 불러왔습니다.
[2022-09-27 오전 10:48:48] 프로그램을 시작합니다.
[2022-09-27 오전 10:48:49] 시작
[2022-09-27 오전 10:48:49] 시작
[2022-09-27 오전 10:48:49] 이미지 불러오기 완료
[2022-09-27 오전 10:48:49] 환경설정을 불러오는 중...
[2022-09-27 오전 10:48:49] 투명도 : 100%
[2022-09-27 오전 10:48:50] 환경설정을 불러왔습니다.
[2022-09-27 오전 10:49:00] 프로그램을 시작합니다.
[2022-09-27 오전 10:49:01] 시작
[2022-09-27 오전 10:49:01] 시작
[2022-09-27 오전 10:49:01] 이미지 불러오기 완료
[2022-09-27 오전 10:49:01] 환경설정을 불러오는 중...
[2022-09-27 오전 10:49:01] 투명도 : 100%
[2022-09-27 오전 10:49:02] 환경설정을 불러왔습니다.
[2022-09-27 오전 10:49:19] 프로그램을 시작합니다.
[2022-09-27 오전 10:49:20] 시작
[2022-09-27 오전 10:49:20] 시작
[2022-09-27 오전 10:49:20] 이미지 불러오기 완료
[2022-09-27 오전 10:49:22] 환경설정을 불러오는 중...
[2022-09-27 오전 10:49:22] 투명도 : 100%
[2022-09-27 오전 10:49:22] 환경설정을 불러왔습니다.
[2022-09-27 오전 10:50:14] 프로그램을 시작합니다.
[2022-09-27 오전 10:50:14] 시작
[2022-09-27 오전 10:50:15] 시작
[2022-09-27 오전 10:50:15] 이미지 불러오기 완료
[2022-09-27 오전 10:50:18] 환경설정을 불러오는 중...
[2022-09-27 오전 10:50:18] 투명도 : 100%
[2022-09-27 오전 10:50:18] 환경설정을 불러왔습니다.
[2022-09-27 오전 10:51:11] 프로그램을 시작합니다.
[2022-09-27 오전 10:51:11] 시작
[2022-09-27 오전 10:51:12] 시작
[2022-09-27 오전 10:51:12] 이미지 불러오기 완료
[2022-09-27 오전 10:51:13] 환경설정을 불러오는 중...
[2022-09-27 오전 10:51:14] 투명도 : 100%
[2022-09-27 오전 10:51:14] 환경설정을 불러왔습니다.
[2022-09-27 오전 10:51:21] 프로그램을 시작합니다.
[2022-09-27 오전 10:51:22] 시작
[2022-09-27 오전 10:51:22] 시작
[2022-09-27 오전 10:51:22] 이미지 불러오기 완료
[2022-09-27 오전 10:51:24] 환경설정을 불러오는 중...
[2022-09-27 오전 10:51:24] 투명도 : 100%
[2022-09-27 오전 10:51:24] 환경설정을 불러왔습니다.
[2022-09-27 오전 10:51:39] 프로그램을 시작합니다.
[2022-09-27 오전 10:51:39] 시작
[2022-09-27 오전 10:51:40] 시작
[2022-09-27 오전 10:51:40] 이미지 불러오기 완료
[2022-09-27 오전 10:51:42] 환경설정을 불러오는 중...
[2022-09-27 오전 10:51:42] 투명도 : 100%
[2022-09-27 오전 10:51:42] 환경설정을 불러왔습니다.
[2022-09-27 오전 10:54:45] 프로그램을 시작합니다.
[2022-09-27 오전 10:54:46] 시작
[2022-09-27 오전 10:54:46] 시작
[2022-09-27 오전 10:54:46] 이미지 불러오기 완료
[2022-09-27 오전 10:54:48] 환경설정을 불러오는 중...
[2022-09-27 오전 10:54:48] 투명도 : 100%
[2022-09-27 오전 10:54:48] 환경설정을 불러왔습니다.
[2022-09-27 오전 10:56:13] 프로그램을 시작합니다.
[2022-09-27 오전 10:56:14] 시작
[2022-09-27 오전 10:56:14] 시작
[2022-09-27 오전 10:56:14] 이미지 불러오기 완료
[2022-09-27 오전 10:56:16] 환경설정을 불러오는 중...
[2022-09-27 오전 10:56:16] 투명도 : 100%
[2022-09-27 오전 10:56:16] 환경설정을 불러왔습니다.
[2022-09-27 오전 10:57:35] 프로그램을 시작합니다.
[2022-09-27 오전 10:57:36] 시작
[2022-09-27 오전 10:57:36] 시작
[2022-09-27 오전 10:57:36] 이미지 불러오기 완료
[2022-09-27 오전 10:57:38] 환경설정을 불러오는 중...
[2022-09-27 오전 10:57:38] 투명도 : 100%
[2022-09-27 오전 10:57:38] 환경설정을 불러왔습니다.
[2022-09-27 오전 10:57:42] 준비완료
[2022-09-27 오전 10:57:45] 환경설정2를 불러오는 중...
[2022-09-27 오전 10:57:45] 환경설정2를 불러왔습니다.
[2022-09-27 오전 10:57:47] 저장하기
[2022-09-27 오전 10:57:53] 저장
[2022-09-27 오전 10:57:53] 종료
[2022-09-27 오전 10:57:55] 프로그램을 시작합니다.
[2022-09-27 오전 10:57:56] 시작
[2022-09-27 오전 10:57:56] 시작
[2022-09-27 오전 10:57:56] 이미지 불러오기 완료
[2022-09-27 오전 10:57:58] 환경설정을 불러오는 중...
[2022-09-27 오전 10:57:58] 투명도 : 100%
[2022-09-27 오전 10:57:58] 환경설정을 불러왔습니다.
[2022-09-27 오전 10:58:02] 준비완료
[2022-09-27 오전 10:58:32] 환경설정2를 불러오는 중...
[2022-09-27 오전 10:58:32] 환경설정2를 불러왔습니다.
[2022-09-27 오전 10:58:47] 저장하기
[2022-09-27 오전 10:58:48] 환경설정2를 불러오는 중...
[2022-09-27 오전 10:58:49] 환경설정2를 불러왔습니다.
[2022-09-27 오전 10:58:52] 저장하기
[2022-09-27 오전 10:58:54] 환경설정2를 불러오는 중...
[2022-09-27 오전 10:58:54] 환경설정2를 불러왔습니다.
[2022-09-27 오전 10:58:55] 저장하기
[2022-09-27 오전 10:58:58] 저장
[2022-09-27 오전 10:58:58] 종료
[2022-09-27 오전 10:59:01] 프로그램을 시작합니다.
[2022-09-27 오전 10:59:02] 시작
[2022-09-27 오전 10:59:02] 시작
[2022-09-27 오전 10:59:02] 이미지 불러오기 완료
[2022-09-27 오전 10:59:04] 환경설정을 불러오는 중...
[2022-09-27 오전 10:59:04] 투명도 : 100%
[2022-09-27 오전 10:59:04] 환경설정을 불러왔습니다.
[2022-09-27 오전 10:59:08] 준비완료
[2022-09-27 오전 10:59:17] 저장
[2022-09-27 오전 10:59:17] 종료
[2022-09-27 오전 10:59:26] 프로그램을 시작합니다.
[2022-09-27 오전 10:59:27] 시작
[2022-09-27 오전 10:59:27] 시작
[2022-09-27 오전 10:59:27] 이미지 불러오기 완료
[2022-09-27 오전 10:59:29] 환경설정을 불러오는 중...
[2022-09-27 오전 10:59:29] 투명도 : 100%
[2022-09-27 오전 10:59:29] 환경설정을 불러왔습니다.
[2022-09-27 오전 10:59:31] 준비완료
[2022-09-27 오전 10:59:35] 최소 TETBL5376를 선택하셨습니다.
[2022-09-27 오전 10:59:38] 최솟값이 최댓값보다 큽니다.
[2022-09-27 오전 10:59:39] 최소 TETBL5300로 초기화되었습니다.
[2022-09-27 오전 10:59:44] 최소 TETBL5345를 선택하셨습니다.
[2022-09-27 오전 10:59:46] 최솟값이 최댓값보다 큽니다.
[2022-09-27 오전 10:59:48] 최소 TETBL5300로 초기화되었습니다.
[2022-09-27 오전 10:59:51] 최소 TETBL5335를 선택하셨습니다.
[2022-09-27 오전 10:59:54] 최솟값이 최댓값보다 큽니다.
[2022-09-27 오전 10:59:55] 최소 TETBL5300로 초기화되었습니다.
[2022-09-27 오전 10:59:58] 최소 TETBL5309를 선택하셨습니다.
[2022-09-27 오전 11:00:00] 최대 TETBL5390를 선택하셨습니다.
[2022-09-27 오전 11:00:03] 최소 TETBL5375를 선택하셨습니다.
[2022-09-27 오전 11:00:12] 최소 TETBL5376를 선택하셨습니다.
[2022-09-27 오전 11:00:27] 최소 TETBL5375를 선택하셨습니다.
[2022-09-27 오전 11:33:22] 프로그램을 시작합니다.
[2022-09-27 오전 11:33:23] 시작
[2022-09-27 오전 11:33:23] 시작
[2022-09-27 오전 11:33:24] 이미지 불러오기 완료
[2022-09-27 오전 11:33:24] 환경설정을 불러오는 중...
[2022-09-27 오전 11:33:24] 투명도 : 100%
[2022-09-27 오전 11:33:24] 환경설정을 불러왔습니다.
[2022-09-27 오전 11:34:46] 프로그램을 시작합니다.
[2022-09-27 오전 11:34:47] 시작
[2022-09-27 오전 11:34:47] 시작
[2022-09-27 오전 11:34:47] 이미지 불러오기 완료
[2022-09-27 오전 11:34:47] 환경설정을 불러오는 중...
[2022-09-27 오전 11:34:47] 투명도 : 100%
[2022-09-27 오전 11:34:48] 환경설정을 불러왔습니다.
[2022-09-27 오전 11:35:34] 프로그램을 시작합니다.
[2022-09-27 오전 11:35:35] 시작
[2022-09-27 오전 11:35:35] 시작
[2022-09-27 오전 11:35:35] 이미지 불러오기 완료
[2022-09-27 오전 11:35:35] 환경설정을 불러오는 중...
[2022-09-27 오전 11:35:36] 투명도 : 100%
[2022-09-27 오전 11:35:36] 환경설정을 불러왔습니다.
[2022-09-27 오전 11:35:36] 준비완료
[2022-09-27 오전 11:35:42] 저장
[2022-09-27 오전 11:35:42] 종료
[2022-09-27 오전 11:35:45] 프로그램을 시작합니다.
[2022-09-27 오전 11:35:45] 시작
[2022-09-27 오전 11:35:45] 시작
[2022-09-27 오전 11:35:46] 이미지 불러오기 완료
[2022-09-27 오전 11:35:46] 환경설정을 불러오는 중...
[2022-09-27 오전 11:35:46] 투명도 : 100%
[2022-09-27 오전 11:35:46] 환경설정을 불러왔습니다.
[2022-09-27 오전 11:35:46] 준비완료
[2022-09-27 오전 11:35:47] 저장
[2022-09-27 오전 11:35:47] 종료
[2022-09-27 오전 11:35:55] 프로그램을 시작합니다.
[2022-09-27 오전 11:35:56] 시작
[2022-09-27 오전 11:35:56] 시작
[2022-09-27 오전 11:35:56] 이미지 불러오기 완료
[2022-09-27 오전 11:35:57] 환경설정을 불러오는 중...
[2022-09-27 오전 11:35:57] 투명도 : 100%
[2022-09-27 오전 11:35:57] 환경설정을 불러왔습니다.
[2022-09-27 오전 11:40:06] 프로그램을 시작합니다.
[2022-09-27 오전 11:40:07] 시작
[2022-09-27 오전 11:40:07] 시작
[2022-09-27 오전 11:40:07] 이미지 불러오기 완료
[2022-09-27 오전 11:40:07] 환경설정을 불러오는 중...
[2022-09-27 오전 11:40:07] 투명도 : 100%
[2022-09-27 오전 11:40:07] 환경설정을 불러왔습니다.
[2022-09-27 오전 11:40:23] 프로그램을 시작합니다.
[2022-09-27 오전 11:40:23] 시작
[2022-09-27 오전 11:40:24] 시작
[2022-09-27 오전 11:40:24] 이미지 불러오기 완료
[2022-09-27 오전 11:40:24] 환경설정을 불러오는 중...
[2022-09-27 오전 11:40:24] 투명도 : 100%
[2022-09-27 오전 11:40:24] 환경설정을 불러왔습니다.
[2022-09-27 오전 11:41:18] 프로그램을 시작합니다.
[2022-09-27 오전 11:41:18] 시작
[2022-09-27 오전 11:41:19] 시작
[2022-09-27 오전 11:41:19] 이미지 불러오기 완료
[2022-09-27 오전 11:41:19] 환경설정을 불러오는 중...
[2022-09-27 오전 11:41:19] 투명도 : 100%
[2022-09-27 오전 11:41:19] 환경설정을 불러왔습니다.
[2022-09-27 오전 11:42:46] 프로그램을 시작합니다.
[2022-09-27 오전 11:42:47] 시작
[2022-09-27 오전 11:42:47] 시작
[2022-09-27 오전 11:42:47] 이미지 불러오기 완료
[2022-09-27 오전 11:42:47] 환경설정을 불러오는 중...
[2022-09-27 오전 11:42:47] 투명도 : 100%
[2022-09-27 오전 11:42:48] 환경설정을 불러왔습니다.
[2022-09-27 오전 11:47:36] 프로그램을 시작합니다.
[2022-09-27 오전 11:47:37] 시작
[2022-09-27 오전 11:47:37] 시작
[2022-09-27 오전 11:47:37] 이미지 불러오기 완료
[2022-09-27 오전 11:47:37] 환경설정을 불러오는 중...
[2022-09-27 오전 11:47:37] 투명도 : 100%
[2022-09-27 오전 11:47:37] 환경설정을 불러왔습니다.
[2022-09-27 오후 01:16:02] 프로그램을 시작합니다.
[2022-09-27 오후 01:16:03] 시작
[2022-09-27 오후 01:16:03] 시작
[2022-09-27 오후 01:16:03] 이미지 불러오기 완료
[2022-09-27 오후 01:16:03] 환경설정을 불러오는 중...
[2022-09-27 오후 01:16:03] 투명도 : 100%
[2022-09-27 오후 01:16:03] 환경설정을 불러왔습니다.
[2022-09-27 오후 01:28:30] 프로그램을 시작합니다.
[2022-09-27 오후 01:28:31] 시작
[2022-09-27 오후 01:28:31] 시작
[2022-09-27 오후 01:28:31] 이미지 불러오기 완료
[2022-09-27 오후 01:28:32] 환경설정을 불러오는 중...
[2022-09-27 오후 01:28:32] 투명도 : 100%
[2022-09-27 오후 01:28:32] 환경설정을 불러왔습니다.
[2022-09-27 오후 01:28:35] 최대 TETBL로 초기화되었습니다.
[2022-09-27 오후 01:28:35] 준비완료
[2022-09-27 오후 01:28:39] 저장
[2022-09-27 오후 01:28:56] 프로그램을 시작합니다.
[2022-09-27 오후 01:28:57] 시작
[2022-09-27 오후 01:28:57] 시작
[2022-09-27 오후 01:28:57] 이미지 불러오기 완료
[2022-09-27 오후 01:28:57] 환경설정을 불러오는 중...
[2022-09-27 오후 01:28:57] 투명도 : 100%
[2022-09-27 오후 01:28:58] 환경설정을 불러왔습니다.
[2022-09-27 오후 01:29:00] 최대 TETBL로 초기화되었습니다.
[2022-09-27 오후 01:29:00] 준비완료
[2022-09-27 오후 01:34:14] 프로그램을 시작합니다.
[2022-09-27 오후 01:34:14] 시작
[2022-09-27 오후 01:34:15] 시작
[2022-09-27 오후 01:34:15] 이미지 불러오기 완료
[2022-09-27 오후 01:34:15] 환경설정을 불러오는 중...
[2022-09-27 오후 01:34:15] 투명도 : 100%
[2022-09-27 오후 01:34:15] 환경설정을 불러왔습니다.
[2022-09-27 오후 01:34:17] 최소 TETBL5306로 초기화되었습니다.
[2022-09-27 오후 01:34:19] 최대 TETBL5306로 초기화되었습니다.
[2022-09-27 오후 01:34:19] 준비완료
[2022-09-27 오후 01:34:58] 프로그램을 시작합니다.
[2022-09-27 오후 01:34:59] 시작
[2022-09-27 오후 01:34:59] 시작
[2022-09-27 오후 01:34:59] 이미지 불러오기 완료
[2022-09-27 오후 01:34:59] 환경설정을 불러오는 중...
[2022-09-27 오후 01:34:59] 투명도 : 100%
[2022-09-27 오후 01:34:59] 환경설정을 불러왔습니다.
[2022-09-27 오후 01:35:00] 최소 TETBL5306로 초기화되었습니다.
[2022-09-27 오후 01:35:01] 최대 TETBL5306로 초기화되었습니다.
[2022-09-27 오후 01:35:01] 준비완료
[2022-09-27 오후 01:38:49] 최대 TETBL5323를 선택하셨습니다.
[2022-09-27 오후 01:38:51] 저장
[2022-09-27 오후 01:38:51] 종료
[2022-09-27 오후 01:38:53] 프로그램을 시작합니다.
[2022-09-27 오후 01:38:54] 시작
[2022-09-27 오후 01:38:54] 시작
[2022-09-27 오후 01:38:55] 이미지 불러오기 완료
[2022-09-27 오후 01:38:55] 환경설정을 불러오는 중...
[2022-09-27 오후 01:38:55] 투명도 : 100%
[2022-09-27 오후 01:38:55] 환경설정을 불러왔습니다.
[2022-09-27 오후 01:38:57] 최소 TETBL5306로 초기화되었습니다.
[2022-09-27 오후 01:38:58] 최대 TETBL5306로 초기화되었습니다.
[2022-09-27 오후 01:38:58] 준비완료
[2022-09-27 오후 01:39:00] 최대 TETBL5331를 선택하셨습니다.
[2022-09-27 오후 01:39:02] 저장
[2022-09-27 오후 01:39:02] 종료
[2022-09-27 오후 01:39:11] 프로그램을 시작합니다.
[2022-09-27 오후 01:39:11] 시작
[2022-09-27 오후 01:39:12] 시작
[2022-09-27 오후 01:39:12] 이미지 불러오기 완료
[2022-09-27 오후 01:39:12] 환경설정을 불러오는 중...
[2022-09-27 오후 01:39:12] 투명도 : 100%
[2022-09-27 오후 01:39:12] 환경설정을 불러왔습니다.
[2022-09-27 오후 01:39:13] 최소 TETBL5306로 초기화되었습니다.
[2022-09-27 오후 01:39:14] 최대 TETBL5306로 초기화되었습니다.
[2022-09-27 오후 01:39:14] 준비완료
[2022-09-27 오후 01:39:15] 저장
[2022-09-27 오후 01:39:16] 종료
[2022-09-27 오후 01:43:35] 프로그램을 시작합니다.
[2022-09-27 오후 01:43:35] 시작
[2022-09-27 오후 01:43:36] 시작
[2022-09-27 오후 01:43:36] 이미지 불러오기 완료
[2022-09-27 오후 01:43:36] 환경설정을 불러오는 중...
[2022-09-27 오후 01:43:36] 투명도 : 100%
[2022-09-27 오후 01:43:36] 환경설정을 불러왔습니다.
[2022-09-27 오후 01:43:36] 초기값이 설정되어 있지 않습니다.
[2022-09-27 오후 01:43:36] 초기값이 설정되어 있지 않습니다.
[2022-09-27 오후 01:43:36] 초기값이 설정되어 있지 않습니다.
[2022-09-27 오후 01:43:36] 초기값이 설정되어 있지 않습니다.
[2022-09-27 오후 01:43:37] 초기값이 설정되어 있지 않습니다.
[2022-09-27 오후 01:43:37] 초기값이 설정되어 있지 않습니다.
[2022-09-27 오후 01:43:37] 초기값이 설정되어 있지 않습니다.
[2022-09-27 오후 01:43:37] 초기값이 설정되어 있지 않습니다.
[2022-09-27 오후 01:43:37] 초기값이 설정되어 있지 않습니다.
[2022-09-27 오후 01:43:37] 초기값이 설정되어 있지 않습니다.
[2022-09-27 오후 01:43:37] 초기값이 설정되어 있지 않습니다.
[2022-09-27 오후 01:43:37] 초기값이 설정되어 있지 않습니다.
[2022-09-27 오후 01:43:37] 초기값이 설정되어 있지 않습니다.
[2022-09-27 오후 01:43:37] 초기값이 설정되어 있지 않습니다.
[2022-09-27 오후 01:43:38] 초기값이 설정되어 있지 않습니다.
[2022-09-27 오후 01:43:38] 초기값이 설정되어 있지 않습니다.
[2022-09-27 오후 01:43:38] 초기값이 설정되어 있지 않습니다.
[2022-09-27 오후 01:43:38] 초기값이 설정되어 있지 않습니다.
[2022-09-27 오후 01:43:38] 초기값이 설정되어 있지 않습니다.
[2022-09-27 오후 01:43:38] 초기값이 설정되어 있지 않습니다.
[2022-09-27 오후 01:43:38] 초기값이 설정되어 있지 않습니다.
[2022-09-27 오후 01:43:38] 초기값이 설정되어 있지 않습니다.
[2022-09-27 오후 01:43:38] 초기값이 설정되어 있지 않습니다.
[2022-09-27 오후 01:43:39] 초기값이 설정되어 있지 않습니다.
[2022-09-27 오후 01:43:39] 초기값이 설정되어 있지 않습니다.
[2022-09-27 오후 01:43:39] 초기값이 설정되어 있지 않습니다.
[2022-09-27 오후 01:43:39] 초기값이 설정되어 있지 않습니다.
[2022-09-27 오후 01:43:39] 초기값이 설정되어 있지 않습니다.
[2022-09-27 오후 01:43:39] 초기값이 설정되어 있지 않습니다.
[2022-09-27 오후 01:43:39] 초기값이 설정되어 있지 않습니다.
[2022-09-27 오후 01:43:39] 초기값이 설정되어 있지 않습니다.
[2022-09-27 오후 01:43:39] 초기값이 설정되어 있지 않습니다.
[2022-09-27 오후 01:43:39] 초기값이 설정되어 있지 않습니다.
[2022-09-27 오후 01:43:40] 초기값이 설정되어 있지 않습니다.
[2022-09-27 오후 01:43:40] 초기값이 설정되어 있지 않습니다.
[2022-09-27 오후 01:43:40] 초기값이 설정되어 있지 않습니다.
[2022-09-27 오후 01:43:40] 초기값이 설정되어 있지 않습니다.
[2022-09-27 오후 01:43:40] 초기값이 설정되어 있지 않습니다.
[2022-09-27 오후 01:43:40] 초기값이 설정되어 있지 않습니다.
[2022-09-27 오후 01:43:40] 초기값이 설정되어 있지 않습니다.
[2022-09-27 오후 01:43:40] 초기값이 설정되어 있지 않습니다.
[2022-09-27 오후 01:43:40] 초기값이 설정되어 있지 않습니다.
[2022-09-27 오후 01:43:40] 초기값이 설정되어 있지 않습니다.
[2022-09-27 오후 01:43:41] 초기값이 설정되어 있지 않습니다.
[2022-09-27 오후 01:43:41] 초기값이 설정되어 있지 않습니다.
[2022-09-27 오후 01:43:41] 초기값이 설정되어 있지 않습니다.
[2022-09-27 오후 01:43:41] 초기값이 설정되어 있지 않습니다.
[2022-09-27 오후 01:43:41] 초기값이 설정되어 있지 않습니다.
[2022-09-27 오후 01:43:41] 초기값이 설정되어 있지 않습니다.
[2022-09-27 오후 01:43:41] 초기값이 설정되어 있지 않습니다.
[2022-09-27 오후 01:43:41] 초기값이 설정되어 있지 않습니다.
[2022-09-27 오후 01:43:41] 초기값이 설정되어 있지 않습니다.
[2022-09-27 오후 01:43:41] 초기값이 설정되어 있지 않습니다.
[2022-09-27 오후 01:43:42] 초기값이 설정되어 있지 않습니다.
[2022-09-27 오후 01:43:42] 초기값이 설정되어 있지 않습니다.
[2022-09-27 오후 01:43:42] 초기값이 설정되어 있지 않습니다.
[2022-09-27 오후 01:43:42] 초기값이 설정되어 있지 않습니다.
[2022-09-27 오후 01:43:42] 초기값이 설정되어 있지 않습니다.
[2022-09-27 오후 01:43:42] 초기값이 설정되어 있지 않습니다.
[2022-09-27 오후 01:43:42] 초기값이 설정되어 있지 않습니다.
[2022-09-27 오후 01:43:42] 초기값이 설정되어 있지 않습니다.
[2022-09-27 오후 01:43:42] 초기값이 설정되어 있지 않습니다.
[2022-09-27 오후 01:43:43] 초기값이 설정되어 있지 않습니다.
[2022-09-27 오후 01:43:43] 초기값이 설정되어 있지 않습니다.
[2022-09-27 오후 01:43:43] 초기값이 설정되어 있지 않습니다.
[2022-09-27 오후 01:43:43] 초기값이 설정되어 있지 않습니다.
[2022-09-27 오후 01:43:43] 초기값이 설정되어 있지 않습니다.
[2022-09-27 오후 01:43:43] 초기값이 설정되어 있지 않습니다.
[2022-09-27 오후 01:43:43] 초기값이 설정되어 있지 않습니다.
[2022-09-27 오후 01:43:43] 초기값이 설정되어 있지 않습니다.
[2022-09-27 오후 01:43:43] 초기값이 설정되어 있지 않습니다.
[2022-09-27 오후 01:43:43] 초기값이 설정되어 있지 않습니다.
[2022-09-27 오후 01:43:44] 초기값이 설정되어 있지 않습니다.
[2022-09-27 오후 01:43:44] 초기값이 설정되어 있지 않습니다.
[2022-09-27 오후 01:43:44] 초기값이 설정되어 있지 않습니다.
[2022-09-27 오후 01:43:44] 초기값이 설정되어 있지 않습니다.
[2022-09-27 오후 01:43:44] 초기값이 설정되어 있지 않습니다.
[2022-09-27 오후 01:43:44] 초기값이 설정되어 있지 않습니다.
[2022-09-27 오후 01:43:44] 초기값이 설정되어 있지 않습니다.
[2022-09-27 오후 01:43:44] 초기값이 설정되어 있지 않습니다.
[2022-09-27 오후 01:43:44] 초기값이 설정되어 있지 않습니다.
[2022-09-27 오후 01:43:44] 초기값이 설정되어 있지 않습니다.
[2022-09-27 오후 01:43:45] 초기값이 설정되어 있지 않습니다.
[2022-09-27 오후 01:43:45] 초기값이 설정되어 있지 않습니다.
[2022-09-27 오후 01:43:47] 최소 TETBL5306로 초기화되었습니다.
[2022-09-27 오후 01:43:48] 최대 TETBL5306로 초기화되었습니다.
[2022-09-27 오후 01:43:49] 준비완료
[2022-09-27 오후 01:43:51] 저장
[2022-09-27 오후 01:43:51] 종료
[2022-09-27 오후 01:44:21] 프로그램을 시작합니다.
[2022-09-27 오후 01:44:22] 시작
[2022-09-27 오후 01:44:22] 시작
[2022-09-27 오후 01:44:22] 이미지 불러오기 완료
[2022-09-27 오후 01:44:22] 환경설정을 불러오는 중...
[2022-09-27 오후 01:44:22] 투명도 : 100%
[2022-09-27 오후 01:44:22] 환경설정을 불러왔습니다.
[2022-09-27 오후 01:44:23] 초기값이 설정되어 있지 않습니다.
[2022-09-27 오후 01:44:24] 최소 TETBL5306로 초기화되었습니다.
[2022-09-27 오후 01:44:25] 최대 TETBL5306로 초기화되었습니다.
[2022-09-27 오후 01:44:25] 준비완료
[2022-09-27 오후 01:44:27] 저장
[2022-09-27 오후 01:44:27] 종료
[2022-09-27 오후 01:46:43] 프로그램을 시작합니다.
[2022-09-27 오후 01:46:44] 시작
[2022-09-27 오후 01:46:44] 시작
[2022-09-27 오후 01:46:44] 이미지 불러오기 완료
[2022-09-27 오후 01:46:44] 환경설정을 불러오는 중...
[2022-09-27 오후 01:46:44] 투명도 : 100%
[2022-09-27 오후 01:46:44] 환경설정을 불러왔습니다.
[2022-09-27 오후 01:46:45] 초기값이 설정되어 있지 않습니다.
[2022-09-27 오후 01:46:45] 현재값이 설정되어 있지 않습니다.
[2022-09-27 오후 01:46:45] 최소 TETBL5306로 초기화되었습니다.
[2022-09-27 오후 01:46:45] 현재값이 설정되어 있지 않습니다.
[2022-09-27 오후 01:46:45] 최대 TETBL5306로 초기화되었습니다.
[2022-09-27 오후 01:46:45] 준비완료
[2022-09-27 오후 01:48:16] 최솟값이 최댓값보다 큽니다.
[2022-09-27 오후 01:48:18] 최소 TETBL5306로 초기화되었습니다.
[2022-09-27 오후 01:48:21] 최대 TETBL5316를 선택하셨습니다.
[2022-09-27 오후 01:48:22] 최소 TETBL5308를 선택하셨습니다.
[2022-09-27 오후 01:48:24] 저장
[2022-09-27 오후 01:48:24] 종료
[2022-09-27 오후 01:48:26] 프로그램을 시작합니다.
[2022-09-27 오후 01:48:27] 시작
[2022-09-27 오후 01:48:27] 시작
[2022-09-27 오후 01:48:27] 이미지 불러오기 완료
[2022-09-27 오후 01:48:28] 환경설정을 불러오는 중...
[2022-09-27 오후 01:48:28] 투명도 : 100%
[2022-09-27 오후 01:48:28] 환경설정을 불러왔습니다.
[2022-09-27 오후 01:48:28] 초기값이 설정되어 있지 않습니다.
[2022-09-27 오후 01:48:28] 현재값이 설정되어 있지 않습니다.
[2022-09-27 오후 01:48:28] 최소 TETBL5306로 초기화되었습니다.
[2022-09-27 오후 01:48:28] 현재값이 설정되어 있지 않습니다.
[2022-09-27 오후 01:48:28] 최대 TETBL5306로 초기화되었습니다.
[2022-09-27 오후 01:48:29] 준비완료
[2022-09-27 오후 01:49:01] 프로그램을 시작합니다.
[2022-09-27 오후 01:49:02] 시작
[2022-09-27 오후 01:49:02] 시작
[2022-09-27 오후 01:49:02] 이미지 불러오기 완료
[2022-09-27 오후 01:49:03] 환경설정을 불러오는 중...
[2022-09-27 오후 01:49:03] 투명도 : 100%
[2022-09-27 오후 01:49:03] 환경설정을 불러왔습니다.
[2022-09-27 오후 01:49:06] 초기값이 설정되어 있지 않습니다.
[2022-09-27 오후 01:49:06] 현재값이 설정되어 있지 않습니다.
[2022-09-27 오후 01:49:06] 최소 TETBL5306로 초기화되었습니다.
[2022-09-27 오후 01:49:06] 현재값이 설정되어 있지 않습니다.
[2022-09-27 오후 01:49:06] 최대 TETBL5306로 초기화되었습니다.
[2022-09-27 오후 01:49:06] 준비완료
[2022-09-27 오후 01:49:10] 저장
[2022-09-27 오후 01:49:10] 종료
[2022-09-27 오후 01:49:39] 프로그램을 시작합니다.
[2022-09-27 오후 01:49:39] 시작
[2022-09-27 오후 01:49:40] 시작
[2022-09-27 오후 01:49:40] 이미지 불러오기 완료
[2022-09-27 오후 01:49:40] 환경설정을 불러오는 중...
[2022-09-27 오후 01:49:41] 투명도 : 100%
[2022-09-27 오후 01:49:41] 환경설정을 불러왔습니다.
[2022-09-27 오후 01:49:44] 초기값이 설정되어 있지 않습니다.
[2022-09-27 오후 01:49:44] 현재값이 설정되어 있지 않습니다.
[2022-09-27 오후 01:49:44] 최소 TETBL5306로 초기화되었습니다.
[2022-09-27 오후 01:49:44] 현재값이 설정되어 있지 않습니다.
[2022-09-27 오후 01:49:44] 최대 TETBL5306로 초기화되었습니다.
[2022-09-27 오후 01:49:45] 준비완료
[2022-09-27 오후 01:49:46] 저장
[2022-09-27 오후 01:49:46] 종료
[2022-09-27 오후 01:51:52] 프로그램을 시작합니다.
[2022-09-27 오후 01:51:53] 시작
[2022-09-27 오후 01:51:53] 시작
[2022-09-27 오후 01:51:53] 이미지 불러오기 완료
[2022-09-27 오후 01:51:53] 환경설정1을 불러오는 중...
[2022-09-27 오후 01:51:55] 환경설정을 불러왔습니다.
[2022-09-27 오후 01:51:55] 환경설정2을 불러오는 중...
[2022-09-27 오후 01:51:56] 투명도 : 100%
[2022-09-27 오후 01:51:56] 환경설정을 불러왔습니다.
[2022-09-27 오후 01:51:58] 초기값이 설정되어 있지 않습니다.
[2022-09-27 오후 01:51:58] 현재값이 설정되어 있지 않습니다.
[2022-09-27 오후 01:51:58] 최소 TETBL5306로 초기화되었습니다.
[2022-09-27 오후 01:51:59] 현재값이 설정되어 있지 않습니다.
[2022-09-27 오후 01:51:59] 최대 TETBL5306로 초기화되었습니다.
[2022-09-27 오후 01:51:59] 준비완료
[2022-09-27 오후 01:52:00] 저장
[2022-09-27 오후 01:52:00] 종료
[2022-09-27 오후 01:52:56] 프로그램을 시작합니다.
[2022-09-27 오후 01:52:57] 시작
[2022-09-27 오후 01:52:57] 시작
[2022-09-27 오후 01:52:57] 이미지 불러오기 완료
[2022-09-27 오후 01:52:57] 환경설정1을 불러오는 중...
[2022-09-27 오후 01:52:59] 환경설정을 불러왔습니다.
[2022-09-27 오후 01:52:59] 환경설정2을 불러오는 중...
[2022-09-27 오후 01:53:00] 투명도 : 100%
[2022-09-27 오후 01:53:00] 환경설정을 불러왔습니다.
[2022-09-27 오후 01:53:39] 프로그램을 시작합니다.
[2022-09-27 오후 01:53:39] 시작
[2022-09-27 오후 01:53:39] 시작
[2022-09-27 오후 01:53:40] 이미지 불러오기 완료
[2022-09-27 오후 01:53:40] 환경설정1을 불러오는 중...
[2022-09-27 오후 01:53:41] 환경설정을 불러왔습니다.
[2022-09-27 오후 01:53:41] 환경설정2을 불러오는 중...
[2022-09-27 오후 01:53:42] 투명도 : 100%
[2022-09-27 오후 01:53:42] 환경설정을 불러왔습니다.
[2022-09-27 오후 01:53:45] 초기값이 설정되어 있지 않습니다.
[2022-09-27 오후 01:53:46] 현재값이 설정되어 있지 않습니다.
[2022-09-27 오후 01:53:46] 최소 TETBL5306로 초기화되었습니다.
[2022-09-27 오후 01:53:46] 현재값이 설정되어 있지 않습니다.
[2022-09-27 오후 01:53:46] 최대 TETBL5306로 초기화되었습니다.
[2022-09-27 오후 01:53:46] 준비완료
[2022-09-27 오후 01:53:47] 저장
[2022-09-27 오후 01:53:47] 종료
[2022-09-27 오후 01:55:06] 프로그램을 시작합니다.
[2022-09-27 오후 01:55:07] 시작
[2022-09-27 오후 01:55:07] 시작
[2022-09-27 오후 01:55:07] 이미지 불러오기 완료
[2022-09-27 오후 01:55:07] 환경설정1을 불러오는 중...
[2022-09-27 오후 01:55:09] 환경설정을 불러왔습니다.
[2022-09-27 오후 01:55:09] 환경설정2을 불러오는 중...
[2022-09-27 오후 01:55:10] 투명도 : 100%
[2022-09-27 오후 01:55:14] 환경설정을 불러왔습니다.
[2022-09-27 오후 01:55:18] 초기값이 설정되어 있지 않습니다.
[2022-09-27 오후 01:55:18] 현재값이 설정되어 있지 않습니다.
[2022-09-27 오후 01:55:18] 최소 TETBL5306로 초기화되었습니다.
[2022-09-27 오후 01:55:18] 현재값이 설정되어 있지 않습니다.
[2022-09-27 오후 01:55:18] 최대 TETBL5306로 초기화되었습니다.
[2022-09-27 오후 01:55:18] 준비완료
[2022-09-27 오후 02:01:24] 프로그램을 시작합니다.
[2022-09-27 오후 02:01:24] 시작
[2022-09-27 오후 02:01:25] 시작
[2022-09-27 오후 02:01:25] 이미지 불러오기 완료
[2022-09-27 오후 02:01:25] 환경설정1을 불러오는 중...
[2022-09-27 오후 02:01:26] 환경설정을 불러왔습니다.
[2022-09-27 오후 02:01:26] 환경설정2을 불러오는 중...
[2022-09-27 오후 02:01:27] 투명도 : 100%
[2022-09-27 오후 02:01:27] 환경설정을 불러왔습니다.
[2022-09-27 오후 02:01:38] 최대 TETBL5306로 초기화되었습니다.
[2022-09-27 오후 02:01:38] 준비완료
[2022-09-27 오후 02:01:46] 프로그램을 시작합니다.
[2022-09-27 오후 02:01:47] 시작
[2022-09-27 오후 02:01:47] 시작
[2022-09-27 오후 02:01:47] 이미지 불러오기 완료
[2022-09-27 오후 02:01:47] 환경설정1을 불러오는 중...
[2022-09-27 오후 02:01:48] 환경설정을 불러왔습니다.
[2022-09-27 오후 02:01:48] 환경설정2을 불러오는 중...
[2022-09-27 오후 02:01:49] 투명도 : 100%
[2022-09-27 오후 02:01:49] 환경설정을 불러왔습니다.
[2022-09-27 오후 02:05:39] 프로그램을 시작합니다.
[2022-09-27 오후 02:05:40] 시작
[2022-09-27 오후 02:05:40] 시작
[2022-09-27 오후 02:05:40] 이미지 불러오기 완료
[2022-09-27 오후 02:05:40] 환경설정1을 불러오는 중...
[2022-09-27 오후 02:05:41] 환경설정을 불러왔습니다.
[2022-09-27 오후 02:05:41] 환경설정2을 불러오는 중...
[2022-09-27 오후 02:05:42] 투명도 : 100%
[2022-09-27 오후 02:05:43] 환경설정을 불러왔습니다.
[2022-09-27 오후 02:05:50] 최대 TETBL5306로 초기화되었습니다.
[2022-09-27 오후 02:05:50] 준비완료
[2022-09-27 오후 02:05:51] 저장
[2022-09-27 오후 02:05:51] 종료
[2022-09-27 오후 02:06:22] 프로그램을 시작합니다.
[2022-09-27 오후 02:06:22] 시작
[2022-09-27 오후 02:06:22] 시작
[2022-09-27 오후 02:06:23] 이미지 불러오기 완료
[2022-09-27 오후 02:06:23] 환경설정1을 불러오는 중...
[2022-09-27 오후 02:06:24] 환경설정을 불러왔습니다.
[2022-09-27 오후 02:06:24] 환경설정2을 불러오는 중...
[2022-09-27 오후 02:06:25] 투명도 : 100%
[2022-09-27 오후 02:06:25] 환경설정을 불러왔습니다.
[2022-09-27 오후 02:06:57] 최대 TETBL5306로 초기화되었습니다.
[2022-09-27 오후 02:06:57] 준비완료
[2022-09-27 오후 02:06:59] 저장
[2022-09-27 오후 02:06:59] 종료
[2022-09-27 오후 02:12:14] 프로그램을 시작합니다.
[2022-09-27 오후 02:12:15] 시작
[2022-09-27 오후 02:12:15] 시작
[2022-09-27 오후 02:12:15] 이미지 불러오기 완료
[2022-09-27 오후 02:12:15] 환경설정1을 불러오는 중...
[2022-09-27 오후 02:12:16] 환경설정을 불러왔습니다.
[2022-09-27 오후 02:12:16] 환경설정2을 불러오는 중...
[2022-09-27 오후 02:12:17] 투명도 : 100%
[2022-09-27 오후 02:12:18] 환경설정을 불러왔습니다.
[2022-09-27 오후 02:12:21] 준비완료
[2022-09-27 오후 02:12:23] 최대 TETBL5330를 선택하셨습니다.
[2022-09-27 오후 02:12:25] 최대 TETBL5382를 선택하셨습니다.
[2022-09-27 오후 02:12:29] 프로그램을 시작합니다.
[2022-09-27 오후 02:12:30] 시작
[2022-09-27 오후 02:12:30] 시작
[2022-09-27 오후 02:12:30] 이미지 불러오기 완료
[2022-09-27 오후 02:12:30] 환경설정1을 불러오는 중...
[2022-09-27 오후 02:12:31] 환경설정을 불러왔습니다.
[2022-09-27 오후 02:12:31] 환경설정2을 불러오는 중...
[2022-09-27 오후 02:12:32] 투명도 : 100%
[2022-09-27 오후 02:12:32] 환경설정을 불러왔습니다.
[2022-09-27 오후 02:12:36] 준비완료
[2022-09-27 오후 02:12:47] 최소 TETBL5315를 선택하셨습니다.
[2022-09-27 오후 02:13:02] 최소 TETBL5330를 선택하셨습니다.
[2022-09-27 오후 02:13:05] 저장
[2022-09-27 오후 02:13:05] 종료
[2022-09-27 오후 02:13:07] 프로그램을 시작합니다.
[2022-09-27 오후 02:13:08] 시작
[2022-09-27 오후 02:13:08] 시작
[2022-09-27 오후 02:13:08] 이미지 불러오기 완료
[2022-09-27 오후 02:13:09] 환경설정1을 불러오는 중...
[2022-09-27 오후 02:13:10] 환경설정을 불러왔습니다.
[2022-09-27 오후 02:13:10] 환경설정2을 불러오는 중...
[2022-09-27 오후 02:13:11] 투명도 : 100%
[2022-09-27 오후 02:13:11] 환경설정을 불러왔습니다.
[2022-09-27 오후 02:13:14] 준비완료
[2022-09-27 오후 02:13:15] 저장
[2022-09-27 오후 02:13:15] 종료
[2022-09-27 오후 02:19:36] 프로그램을 시작합니다.
[2022-09-27 오후 02:19:36] 시작
[2022-09-27 오후 02:19:37] 시작
[2022-09-27 오후 02:19:37] 이미지 불러오기 완료
[2022-09-27 오후 02:19:37] 환경설정1을 불러오는 중...
[2022-09-27 오후 02:19:38] 환경설정을 불러왔습니다.
[2022-09-27 오후 02:19:38] 환경설정2을 불러오는 중...
[2022-09-27 오후 02:19:39] 투명도 : 100%
[2022-09-27 오후 02:19:39] 환경설정을 불러왔습니다.
[2022-09-27 오후 02:19:39] 준비완료
[2022-09-27 오후 02:19:51] 프로그램을 시작합니다.
[2022-09-27 오후 02:19:52] 시작
[2022-09-27 오후 02:19:52] 시작
[2022-09-27 오후 02:19:52] 이미지 불러오기 완료
[2022-09-27 오후 02:19:53] 환경설정1을 불러오는 중...
[2022-09-27 오후 02:19:54] 환경설정을 불러왔습니다.
[2022-09-27 오후 02:19:54] 환경설정2을 불러오는 중...
[2022-09-27 오후 02:19:55] 투명도 : 100%
[2022-09-27 오후 02:19:55] 환경설정을 불러왔습니다.
[2022-09-27 오후 02:19:55] 준비완료
[2022-09-27 오후 02:20:08] 환경설정2를 불러오는 중...
[2022-09-27 오후 02:20:08] 환경설정2를 불러왔습니다.
[2022-09-27 오후 02:20:16] 저장하기
[2022-09-27 오후 02:20:22] 프로그램을 시작합니다.
[2022-09-27 오후 02:20:23] 시작
[2022-09-27 오후 02:20:23] 시작
[2022-09-27 오후 02:20:23] 이미지 불러오기 완료
[2022-09-27 오후 02:20:24] 환경설정1을 불러오는 중...
[2022-09-27 오후 02:20:25] 환경설정을 불러왔습니다.
[2022-09-27 오후 02:20:25] 환경설정2을 불러오는 중...
[2022-09-27 오후 02:20:26] 투명도 : 100%
[2022-09-27 오후 02:20:26] 환경설정을 불러왔습니다.
[2022-09-27 오후 02:20:26] 준비완료
[2022-09-27 오후 02:20:54] 환경설정2를 불러오는 중...
[2022-09-27 오후 02:20:54] 환경설정2를 불러왔습니다.
[2022-09-27 오후 02:21:01] 저장하기
[2022-09-27 오후 02:21:08] 환경설정2를 불러오는 중...
[2022-09-27 오후 02:21:08] 환경설정2를 불러왔습니다.
[2022-09-27 오후 02:21:10] 저장하기
[2022-09-27 오후 02:21:13] 저장
[2022-09-27 오후 02:21:13] 종료
[2022-09-27 오후 02:24:19] 프로그램을 시작합니다.
[2022-09-27 오후 02:24:20] 시작
[2022-09-27 오후 02:24:20] 시작
[2022-09-27 오후 02:24:20] 이미지 불러오기 완료
[2022-09-27 오후 02:24:20] 환경설정1을 불러오는 중...
[2022-09-27 오후 02:24:21] 환경설정을 불러왔습니다.
[2022-09-27 오후 02:24:21] 환경설정2을 불러오는 중...
[2022-09-27 오후 02:24:23] 투명도 : 100%
[2022-09-27 오후 02:24:23] 환경설정을 불러왔습니다.
[2022-09-27 오후 02:24:23] 준비완료
[2022-09-27 오후 02:24:26] 환경설정2를 불러오는 중...
[2022-09-27 오후 02:24:26] 환경설정2를 불러왔습니다.
[2022-09-27 오후 02:24:30] 저장하기
[2022-09-27 오후 02:24:34] 최소 TETBL5311를 선택하셨습니다.
[2022-09-27 오후 02:24:36] 최소 TETBL5300를 선택하셨습니다.
[2022-09-27 오후 02:24:37] 저장
[2022-09-27 오후 02:24:38] 종료
[2022-09-27 오후 02:25:38] 프로그램을 시작합니다.
[2022-09-27 오후 02:25:38] 시작
[2022-09-27 오후 02:25:38] 시작
[2022-09-27 오후 02:25:39] 이미지 불러오기 완료
[2022-09-27 오후 02:25:39] 환경설정1을 불러오는 중...
[2022-09-27 오후 02:25:40] 환경설정을 불러왔습니다.
[2022-09-27 오후 02:25:40] 환경설정2을 불러오는 중...
[2022-09-27 오후 02:25:41] 투명도 : 100%
[2022-09-27 오후 02:25:41] 환경설정을 불러왔습니다.
[2022-09-27 오후 02:25:41] 준비완료
[2022-09-27 오후 02:25:42] 최소 TETBL5300를 선택하셨습니다.
[2022-09-27 오후 02:25:46] 환경설정2를 불러오는 중...
[2022-09-27 오후 02:25:46] 환경설정2를 불러왔습니다.
[2022-09-27 오후 02:25:49] 저장하기
[2022-09-27 오후 02:25:51] 최소 TETBL5308를 선택하셨습니다.
[2022-09-27 오후 02:25:54] 환경설정2를 불러오는 중...
[2022-09-27 오후 02:25:54] 환경설정2를 불러왔습니다.
[2022-09-27 오후 02:25:59] 저장하기
[2022-09-27 오후 02:26:00] 최소 TETBL5308를 선택하셨습니다.
[2022-09-27 오후 02:26:06] 저장
[2022-09-27 오후 02:26:07] 종료
[2022-09-27 오후 02:27:48] 프로그램을 시작합니다.
[2022-09-27 오후 02:27:48] 시작
[2022-09-27 오후 02:27:48] 시작
[2022-09-27 오후 02:27:49] 이미지 불러오기 완료
[2022-09-27 오후 02:27:49] 환경설정1을 불러오는 중...
[2022-09-27 오후 02:27:50] 환경설정을 불러왔습니다.
[2022-09-27 오후 02:27:50] 환경설정2을 불러오는 중...
[2022-09-27 오후 02:27:51] 투명도 : 100%
[2022-09-27 오후 02:27:51] 환경설정을 불러왔습니다.
[2022-09-27 오후 02:27:51] 준비완료
[2022-09-27 오후 02:27:53] 최소 TETBL5308를 선택하셨습니다.
[2022-09-27 오후 02:27:55] 최소 TETBL5308를 선택하셨습니다.
[2022-09-27 오후 02:27:56] 최소 TETBL5308를 선택하셨습니다.
[2022-09-27 오후 02:27:57] 최소 TETBL5308를 선택하셨습니다.
[2022-09-27 오후 02:27:58] 최소 TETBL5308를 선택하셨습니다.
[2022-09-27 오후 02:27:59] 최소 TETBL5308를 선택하셨습니다.
[2022-09-27 오후 02:28:01] 최소 TETBL5308를 선택하셨습니다.
[2022-09-27 오후 02:28:03] 최소 TETBL5350를 선택하셨습니다.
[2022-09-27 오후 02:28:05] 최소 TETBL5350를 선택하셨습니다.
[2022-09-27 오후 02:28:22] 최소 TETBL5350를 선택하셨습니다.
[2022-09-27 오후 02:28:25] 최소 TETBL5350를 선택하셨습니다.
[2022-09-27 오후 02:28:26] 최소 TETBL5350를 선택하셨습니다.
[2022-09-27 오후 02:28:27] 최소 TETBL5350를 선택하셨습니다.
[2022-09-27 오후 02:28:29] 최소 TETBL5350를 선택하셨습니다.
[2022-09-27 오후 02:28:31] 최소 TETBL5350를 선택하셨습니다.
[2022-09-27 오후 02:29:26] 프로그램을 시작합니다.
[2022-09-27 오후 02:29:26] 시작
[2022-09-27 오후 02:29:26] 시작
[2022-09-27 오후 02:29:27] 이미지 불러오기 완료
[2022-09-27 오후 02:29:27] 환경설정1을 불러오는 중...
[2022-09-27 오후 02:29:28] 환경설정을 불러왔습니다.
[2022-09-27 오후 02:29:28] 환경설정2을 불러오는 중...
[2022-09-27 오후 02:29:29] 투명도 : 100%
[2022-09-27 오후 02:29:29] 환경설정을 불러왔습니다.
[2022-09-27 오후 02:29:29] 준비완료
[2022-09-27 오후 02:36:57] 프로그램을 시작합니다.
[2022-09-27 오후 02:36:58] 시작
[2022-09-27 오후 02:36:58] 시작
[2022-09-27 오후 02:36:58] 이미지 불러오기 완료
[2022-09-27 오후 02:36:59] 환경설정1을 불러오는 중...
[2022-09-27 오후 02:36:59] 저장
[2022-09-27 오후 02:37:20] 프로그램을 시작합니다.
[2022-09-27 오후 02:37:21] 시작
[2022-09-27 오후 02:37:21] 시작
[2022-09-27 오후 02:37:21] 이미지 불러오기 완료
[2022-09-27 오후 02:37:21] 환경설정1을 불러오는 중...
[2022-09-27 오후 02:37:22] 환경설정을 불러왔습니다.
[2022-09-27 오후 02:37:23] 환경설정2을 불러오는 중...
[2022-09-27 오후 02:37:24] 환경설정을 불러왔습니다.
[2022-09-27 오후 02:37:24] 준비완료
[2022-09-27 오후 02:37:34] 저장
[2022-09-27 오후 02:37:34] 종료
[2022-09-27 오후 02:37:57] 프로그램을 시작합니다.
[2022-09-27 오후 02:37:58] 시작
[2022-09-27 오후 02:37:58] 시작
[2022-09-27 오후 02:37:58] 이미지 불러오기 완료
[2022-09-27 오후 02:37:59] 환경설정1을 불러오는 중...
[2022-09-27 오후 02:38:00] 환경설정을 불러왔습니다.
[2022-09-27 오후 02:38:00] 환경설정2을 불러오는 중...
[2022-09-27 오후 02:38:01] 환경설정을 불러왔습니다.
[2022-09-27 오후 02:38:01] 준비완료
[2022-09-27 오후 02:38:04] 저장
[2022-09-27 오후 02:38:04] 종료
[2022-09-27 오후 02:41:01] 프로그램을 시작합니다.
[2022-09-27 오후 02:41:02] 시작
[2022-09-27 오후 02:41:02] 시작
[2022-09-27 오후 02:41:02] 이미지 불러오기 완료
[2022-09-27 오후 02:41:02] 환경설정1을 불러오는 중...
[2022-09-27 오후 02:41:03] 환경설정을 불러왔습니다.
[2022-09-27 오후 02:41:03] 환경설정2을 불러오는 중...
[2022-09-27 오후 02:41:04] 환경설정을 불러왔습니다.
[2022-09-27 오후 02:41:05] 준비완료
[2022-09-27 오후 02:41:14] 최소 TETBL5302를 선택하셨습니다.
[2022-09-27 오후 02:41:15] 환경설정2를 불러오는 중...
[2022-09-27 오후 02:41:15] 환경설정2를 불러왔습니다.
[2022-09-27 오후 02:41:20] 저장하기
[2022-09-27 오후 02:41:23] 최소 TETBL5200를 선택하셨습니다.
[2022-09-27 오후 02:41:24] 최대 TETBL5389를 선택하셨습니다.
[2022-09-27 오후 02:41:26] 환경설정2를 불러오는 중...
[2022-09-27 오후 02:41:26] 환경설정2를 불러왔습니다.
[2022-09-27 오후 02:41:30] 저장하기
[2022-09-27 오후 02:41:30] 최대 TETBL5389를 선택하셨습니다.
[2022-09-27 오후 02:41:33] 최대 TETBL5389를 선택하셨습니다.
[2022-09-27 오후 02:41:36] 저장
[2022-09-27 오후 02:41:36] 종료
[2022-09-27 오후 02:41:39] 프로그램을 시작합니다.
[2022-09-27 오후 02:41:40] 시작
[2022-09-27 오후 02:41:40] 시작
[2022-09-27 오후 02:41:40] 이미지 불러오기 완료
[2022-09-27 오후 02:41:40] 환경설정1을 불러오는 중...
[2022-09-27 오후 02:41:41] 환경설정을 불러왔습니다.
[2022-09-27 오후 02:41:42] 환경설정2을 불러오는 중...
[2022-09-27 오후 02:41:43] 환경설정을 불러왔습니다.
[2022-09-27 오후 02:41:43] 준비완료
[2022-09-27 오후 02:41:44] 최대 TETBL5389를 선택하셨습니다.
[2022-09-27 오후 02:41:49] 저장
[2022-09-27 오후 02:41:49] 종료
[2022-09-27 오후 02:42:35] 프로그램을 시작합니다.
[2022-09-27 오후 02:42:35] 시작
[2022-09-27 오후 02:42:36] 시작
[2022-09-27 오후 02:42:36] 이미지 불러오기 완료
[2022-09-27 오후 02:42:36] 환경설정1을 불러오는 중...
[2022-09-27 오후 02:42:37] 환경설정을 불러왔습니다.
[2022-09-27 오후 02:42:37] 환경설정2을 불러오는 중...
[2022-09-27 오후 02:42:38] 환경설정을 불러왔습니다.
[2022-09-27 오후 02:42:38] 준비완료
[2022-09-27 오후 02:42:41] 최대 TETBL5389를 선택하셨습니다.
[2022-09-27 오후 02:42:43] 환경설정2를 불러오는 중...
[2022-09-27 오후 02:42:43] 환경설정2를 불러왔습니다.
[2022-09-27 오후 02:42:47] 저장하기
[2022-09-27 오후 02:42:48] 최대 TETBL5389를 선택하셨습니다.
[2022-09-27 오후 02:50:55] 프로그램을 시작합니다.
[2022-09-27 오후 02:50:56] 시작
[2022-09-27 오후 02:50:56] 시작
[2022-09-27 오후 02:50:56] 이미지 불러오기 완료
[2022-09-27 오후 02:50:56] 환경설정1을 불러오는 중...
[2022-09-27 오후 02:50:57] 환경설정을 불러왔습니다.
[2022-09-27 오후 02:50:57] 환경설정2을 불러오는 중...
[2022-09-27 오후 02:50:59] 환경설정을 불러왔습니다.
[2022-09-27 오후 02:50:59] 준비완료
[2022-09-27 오후 02:51:04] 환경설정2를 불러오는 중...
[2022-09-27 오후 02:51:05] 환경설정2를 불러왔습니다.
[2022-09-27 오후 02:51:09] 저장하기
[2022-09-27 오후 02:51:17] 저장
[2022-09-27 오후 02:51:17] 종료
[2022-09-27 오후 02:51:22] 프로그램을 시작합니다.
[2022-09-27 오후 02:51:23] 시작
[2022-09-27 오후 02:51:23] 시작
[2022-09-27 오후 02:51:23] 이미지 불러오기 완료
[2022-09-27 오후 02:51:23] 환경설정1을 불러오는 중...
[2022-09-27 오후 02:51:25] 환경설정을 불러왔습니다.
[2022-09-27 오후 02:51:25] 환경설정2을 불러오는 중...
[2022-09-27 오후 02:51:26] 투명도 : 100%
[2022-09-27 오후 02:51:26] 환경설정을 불러왔습니다.
[2022-09-27 오후 02:51:26] 준비완료
[2022-09-27 오후 02:51:41] 저장
[2022-09-27 오후 02:51:41] 종료
[2022-09-27 오후 02:51:49] 프로그램을 시작합니다.
[2022-09-27 오후 02:51:49] 시작
[2022-09-27 오후 02:51:49] 시작
[2022-09-27 오후 02:51:50] 이미지 불러오기 완료
[2022-09-27 오후 02:51:50] 환경설정1을 불러오는 중...
[2022-09-27 오후 02:51:50] 환경설정을 불러왔습니다.
[2022-09-27 오후 02:51:50] 환경설정2을 불러오는 중...
[2022-09-27 오후 02:51:50] 투명도 : 100%
[2022-09-27 오후 02:51:50] 환경설정을 불러왔습니다.
[2022-09-27 오후 02:51:50] 준비완료
[2022-09-27 오후 03:02:11] 환경설정2를 불러오는 중...
[2022-09-27 오후 03:02:11] 환경설정2를 불러왔습니다.
[2022-09-27 오후 03:02:16] 저장하기
[2022-09-27 오후 03:02:23] 환경설정2를 불러오는 중...
[2022-09-27 오후 03:02:23] 환경설정2를 불러왔습니다.
[2022-09-27 오후 03:02:28] 저장하기
[2022-09-27 오후 03:02:36] 최대 TETBL5380를 선택하셨습니다.
[2022-09-27 오후 03:02:39] 환경설정2를 불러오는 중...
[2022-09-27 오후 03:02:39] 환경설정2를 불러왔습니다.
[2022-09-27 오후 03:02:45] 저장하기
[2022-09-27 오후 03:02:56] 최대 TETBL5373를 선택하셨습니다.
[2022-09-27 오후 03:02:57] 환경설정2를 불러오는 중...
[2022-09-27 오후 03:02:57] 환경설정2를 불러왔습니다.
[2022-09-27 오후 03:02:58] 저장하기
[2022-09-27 오후 03:03:00] 최대 TETBL5354를 선택하셨습니다.
[2022-09-27 오후 03:03:02] 저장
[2022-09-27 오후 03:03:02] 종료
[2022-09-27 오후 03:03:05] 프로그램을 시작합니다.
[2022-09-27 오후 03:03:05] 시작
[2022-09-27 오후 03:03:06] 시작
[2022-09-27 오후 03:03:06] 이미지 불러오기 완료
[2022-09-27 오후 03:03:06] 환경설정1을 불러오는 중...
[2022-09-27 오후 03:03:06] 환경설정을 불러왔습니다.
[2022-09-27 오후 03:03:06] 환경설정2을 불러오는 중...
[2022-09-27 오후 03:03:06] 투명도 : 100%
[2022-09-27 오후 03:03:06] 환경설정을 불러왔습니다.
[2022-09-27 오후 03:03:06] 준비완료
[2022-09-27 오후 03:03:10] 최대 TETBL5380를 선택하셨습니다.
[2022-09-27 오후 03:03:11] 환경설정2를 불러오는 중...
[2022-09-27 오후 03:03:11] 환경설정2를 불러왔습니다.
[2022-09-27 오후 03:03:15] 저장하기
[2022-09-27 오후 03:03:18] 최대 TETBL5389를 선택하셨습니다.
[2022-09-27 오후 03:03:19] 환경설정2를 불러오는 중...
[2022-09-27 오후 03:03:19] 환경설정2를 불러왔습니다.
[2022-09-27 오후 03:03:23] 저장하기
[2022-09-27 오후 03:03:30] 최대 TETBL5400를 선택하셨습니다.
[2022-09-27 오후 03:03:32] 환경설정2를 불러오는 중...
[2022-09-27 오후 03:03:32] 환경설정2를 불러왔습니다.
[2022-09-27 오후 03:03:39] 저장하기
[2022-09-27 오후 03:03:49] 저장
[2022-09-27 오후 04:08:29] 프로그램을 시작합니다.
[2022-09-27 오후 04:08:30] 시작
[2022-09-27 오후 04:08:30] 시작
[2022-09-27 오후 04:08:30] 이미지 불러오기 완료
[2022-09-27 오후 04:08:30] 환경설정1을 불러오는 중...
[2022-09-27 오후 04:08:31] 환경설정을 불러왔습니다.
[2022-09-27 오후 04:08:31] 환경설정2을 불러오는 중...
[2022-09-27 오후 04:08:31] 환경설정을 불러왔습니다.
[2022-09-27 오후 04:08:31] 준비완료
[2022-09-27 오후 04:08:35] 저장
[2022-09-27 오후 04:08:35] 종료
[2022-09-27 오후 04:09:49] 프로그램을 시작합니다.
[2022-09-27 오후 04:09:50] 시작
[2022-09-27 오후 04:09:50] 시작
[2022-09-27 오후 04:09:50] 이미지 불러오기 완료
[2022-09-27 오후 04:09:50] 환경설정1을 불러오는 중...
[2022-09-27 오후 04:09:50] 환경설정을 불러왔습니다.
[2022-09-27 오후 04:09:51] 환경설정2을 불러오는 중...
[2022-09-27 오후 04:09:51] 환경설정을 불러왔습니다.
[2022-09-27 오후 04:09:51] 준비완료
[2022-09-27 오후 04:09:58] 환경설정2를 불러오는 중...
[2022-09-27 오후 04:09:58] 환경설정2를 불러왔습니다.
[2022-09-27 오후 04:10:02] 저장하기
[2022-09-27 오후 04:10:02] 다시 로드
[2022-09-27 오후 04:10:03] 최대 TETBL5200로 초기화되었습니다.
[2022-09-27 오후 04:10:07] 환경설정2를 불러오는 중...
[2022-09-27 오후 04:10:07] 환경설정2를 불러왔습니다.
[2022-09-27 오후 04:10:16] 저장하기
[2022-09-27 오후 04:10:16] 다시 로드
[2022-09-27 오후 04:10:17] 최대 TETBL5200로 초기화되었습니다.
[2022-09-27 오후 04:11:38] 프로그램을 시작합니다.
[2022-09-27 오후 04:11:39] 시작
[2022-09-27 오후 04:11:39] 시작
[2022-09-27 오후 04:11:39] 이미지 불러오기 완료
[2022-09-27 오후 04:11:39] 환경설정1을 불러오는 중...
[2022-09-27 오후 04:11:39] 환경설정을 불러왔습니다.
[2022-09-27 오후 04:11:39] 환경설정2을 불러오는 중...
[2022-09-27 오후 04:11:39] 환경설정을 불러왔습니다.
[2022-09-27 오후 04:11:41] 최대 TETBL5200로 초기화되었습니다.
[2022-09-27 오후 04:11:41] 준비완료
[2022-09-27 오후 04:11:43] 최대 TETBL5234를 선택하셨습니다.
[2022-09-27 오후 04:11:45] 환경설정2를 불러오는 중...
[2022-09-27 오후 04:11:45] 환경설정2를 불러왔습니다.
[2022-09-27 오후 04:11:50] 저장하기
[2022-09-27 오후 04:11:50] 다시 로드
[2022-09-27 오후 04:11:50] 설정 값이 현재 값 보다 작습니다.
[2022-09-27 오후 04:12:15] 프로그램을 시작합니다.
[2022-09-27 오후 04:12:15] 시작
[2022-09-27 오후 04:12:15] 시작
[2022-09-27 오후 04:12:16] 이미지 불러오기 완료
[2022-09-27 오후 04:12:16] 환경설정1을 불러오는 중...
[2022-09-27 오후 04:12:16] 환경설정을 불러왔습니다.
[2022-09-27 오후 04:12:16] 환경설정2을 불러오는 중...
[2022-09-27 오후 04:12:16] 환경설정을 불러왔습니다.
[2022-09-27 오후 04:12:52] 프로그램을 시작합니다.
[2022-09-27 오후 04:12:52] 시작
[2022-09-27 오후 04:12:53] 시작
[2022-09-27 오후 04:12:53] 이미지 불러오기 완료
[2022-09-27 오후 04:12:53] 환경설정1을 불러오는 중...
[2022-09-27 오후 04:12:53] 환경설정을 불러왔습니다.
[2022-09-27 오후 04:12:53] 환경설정2을 불러오는 중...
[2022-09-27 오후 04:12:53] 환경설정을 불러왔습니다.
[2022-09-27 오후 04:19:42] 프로그램을 시작합니다.
[2022-09-27 오후 04:19:42] 시작
[2022-09-27 오후 04:19:42] 시작
[2022-09-27 오후 04:19:43] 이미지 불러오기 완료
[2022-09-27 오후 04:19:43] 환경설정1을 불러오는 중...
[2022-09-27 오후 04:19:43] 환경설정을 불러왔습니다.
[2022-09-27 오후 04:19:43] 환경설정2을 불러오는 중...
[2022-09-27 오후 04:19:43] 환경설정을 불러왔습니다.
