[2022-09-26 오전 10:05:24] 프로그램을 시작합니다.
[2022-09-26 오전 10:05:25] 시작
[2022-09-26 오전 10:05:25] 시작
[2022-09-26 오전 10:05:25] 이미지 불러오기 완료
[2022-09-26 오전 10:05:26] 환경설정을 불러오는 중...
[2022-09-26 오전 10:05:26] 투명도 : 100%
[2022-09-26 오전 10:06:29] 프로그램을 시작합니다.
[2022-09-26 오전 10:06:29] 시작
[2022-09-26 오전 10:06:29] 시작
[2022-09-26 오전 10:06:30] 이미지 불러오기 완료
[2022-09-26 오전 10:06:30] 환경설정을 불러오는 중...
[2022-09-26 오전 10:06:30] 투명도 : 100%
[2022-09-26 오전 10:10:32] 프로그램을 시작합니다.
[2022-09-26 오전 10:10:33] 시작
[2022-09-26 오전 10:10:33] 시작
[2022-09-26 오전 10:10:33] 이미지 불러오기 완료
[2022-09-26 오전 10:10:33] 환경설정을 불러오는 중...
[2022-09-26 오전 10:10:34] 투명도 : 100%
[2022-09-26 오전 10:13:47] 프로그램을 시작합니다.
[2022-09-26 오전 10:13:47] 시작
[2022-09-26 오전 10:13:48] 시작
[2022-09-26 오전 10:13:48] 이미지 불러오기 완료
[2022-09-26 오전 10:13:48] 환경설정을 불러오는 중...
[2022-09-26 오전 10:13:48] 투명도 : 100%
[2022-09-26 오전 10:29:47] 프로그램을 시작합니다.
[2022-09-26 오전 10:29:47] 시작
[2022-09-26 오전 10:29:48] 시작
[2022-09-26 오전 10:29:48] 이미지 불러오기 완료
[2022-09-26 오전 10:29:48] 환경설정을 불러오는 중...
[2022-09-26 오전 10:29:48] 투명도 : 100%
[2022-09-26 오전 10:30:11] 프로그램을 시작합니다.
[2022-09-26 오전 10:30:12] 시작
[2022-09-26 오전 10:30:12] 시작
[2022-09-26 오전 10:30:12] 이미지 불러오기 완료
[2022-09-26 오전 10:30:12] 환경설정을 불러오는 중...
[2022-09-26 오전 10:30:12] 투명도 : 100%
[2022-09-26 오전 10:30:12] 환경설정을 불러왔습니다.
[2022-09-26 오전 10:30:13] 준비완료
[2022-09-26 오전 10:36:25] 프로그램을 시작합니다.
[2022-09-26 오전 10:36:25] 시작
[2022-09-26 오전 10:36:26] 시작
[2022-09-26 오전 10:36:26] 이미지 불러오기 완료
[2022-09-26 오전 10:36:26] 환경설정을 불러오는 중...
[2022-09-26 오전 10:36:26] 투명도 : 100%
[2022-09-26 오전 10:36:26] 환경설정을 불러왔습니다.
[2022-09-26 오전 10:36:26] 준비완료
[2022-09-26 오전 10:36:46] 프로그램을 시작합니다.
[2022-09-26 오전 10:36:46] 시작
[2022-09-26 오전 10:36:47] 시작
[2022-09-26 오전 10:36:47] 이미지 불러오기 완료
[2022-09-26 오전 10:36:47] 환경설정을 불러오는 중...
[2022-09-26 오전 10:36:47] 투명도 : 100%
[2022-09-26 오전 10:36:47] 환경설정을 불러왔습니다.
[2022-09-26 오전 10:36:47] 준비완료
[2022-09-26 오전 10:37:22] 프로그램을 시작합니다.
[2022-09-26 오전 10:37:23] 시작
[2022-09-26 오전 10:37:23] 시작
[2022-09-26 오전 10:37:23] 이미지 불러오기 완료
[2022-09-26 오전 10:37:23] 환경설정을 불러오는 중...
[2022-09-26 오전 10:37:24] 투명도 : 100%
[2022-09-26 오전 10:37:24] 환경설정을 불러왔습니다.
[2022-09-26 오전 10:37:24] 준비완료
[2022-09-26 오전 10:38:01] 프로그램을 시작합니다.
[2022-09-26 오전 10:38:01] 시작
[2022-09-26 오전 10:38:01] 시작
[2022-09-26 오전 10:38:02] 이미지 불러오기 완료
[2022-09-26 오전 10:38:02] 환경설정을 불러오는 중...
[2022-09-26 오전 10:38:02] 투명도 : 100%
[2022-09-26 오전 10:38:02] 환경설정을 불러왔습니다.
[2022-09-26 오전 10:38:02] 준비완료
[2022-09-26 오전 10:38:22] 프로그램을 시작합니다.
[2022-09-26 오전 10:38:23] 시작
[2022-09-26 오전 10:38:23] 시작
[2022-09-26 오전 10:38:23] 이미지 불러오기 완료
[2022-09-26 오전 10:38:23] 환경설정을 불러오는 중...
[2022-09-26 오전 10:38:23] 투명도 : 100%
[2022-09-26 오전 10:38:23] 환경설정을 불러왔습니다.
[2022-09-26 오전 10:38:24] 준비완료
[2022-09-26 오전 10:38:39] 환경설정2를 불러오는 중...
[2022-09-26 오전 10:38:43] 환경설정2를 불러왔습니다.
[2022-09-26 오전 10:38:43] 준비완료
[2022-09-26 오전 10:38:50] 의사랑 업데이트 폴더 선택
[2022-09-26 오전 10:39:10] 환경설정2를 불러오는 중...
[2022-09-26 오전 10:39:13] 환경설정2를 불러왔습니다.
[2022-09-26 오전 10:39:13] 준비완료
[2022-09-26 오전 11:01:02] 프로그램을 시작합니다.
[2022-09-26 오전 11:01:03] 시작
[2022-09-26 오전 11:01:03] 시작
[2022-09-26 오전 11:01:03] 이미지 불러오기 완료
[2022-09-26 오전 11:01:03] 환경설정을 불러오는 중...
[2022-09-26 오전 11:01:04] 투명도 : 100%
[2022-09-26 오전 11:01:04] 환경설정을 불러왔습니다.
[2022-09-26 오전 11:01:04] 준비완료
[2022-09-26 오전 11:01:28] 프로그램을 시작합니다.
[2022-09-26 오전 11:01:29] 시작
[2022-09-26 오전 11:01:29] 시작
[2022-09-26 오전 11:01:29] 이미지 불러오기 완료
[2022-09-26 오전 11:01:29] 환경설정을 불러오는 중...
[2022-09-26 오전 11:01:29] 투명도 : 100%
[2022-09-26 오전 11:01:29] 환경설정을 불러왔습니다.
[2022-09-26 오전 11:01:29] 준비완료
[2022-09-26 오전 11:01:30] 환경설정2를 불러오는 중...
[2022-09-26 오전 11:01:35] 환경설정2를 불러왔습니다.
[2022-09-26 오전 11:01:35] 준비완료
[2022-09-26 오전 11:02:01] 프로그램을 시작합니다.
[2022-09-26 오전 11:02:02] 시작
[2022-09-26 오전 11:02:02] 시작
[2022-09-26 오전 11:02:02] 이미지 불러오기 완료
[2022-09-26 오전 11:02:02] 환경설정을 불러오는 중...
[2022-09-26 오전 11:02:02] 투명도 : 100%
[2022-09-26 오전 11:02:02] 환경설정을 불러왔습니다.
[2022-09-26 오전 11:02:02] 준비완료
[2022-09-26 오전 11:02:04] 환경설정2를 불러오는 중...
[2022-09-26 오전 11:02:04] 환경설정2를 불러왔습니다.
[2022-09-26 오전 11:02:04] 준비완료
[2022-09-26 오전 11:02:12] 의사랑 업데이트 폴더 선택
[2022-09-26 오전 11:03:04] 저장
[2022-09-26 오전 11:03:04] 종료
[2022-09-26 오전 11:12:53] 프로그램을 시작합니다.
[2022-09-26 오전 11:12:53] 시작
[2022-09-26 오전 11:12:54] 시작
[2022-09-26 오전 11:12:54] 이미지 불러오기 완료
[2022-09-26 오전 11:12:54] 환경설정을 불러오는 중...
[2022-09-26 오전 11:12:54] 투명도 : 100%
[2022-09-26 오전 11:12:54] 환경설정을 불러왔습니다.
[2022-09-26 오전 11:12:54] 준비완료
[2022-09-26 오전 11:12:55] 환경설정2를 불러오는 중...
[2022-09-26 오전 11:12:55] 환경설정2를 불러왔습니다.
[2022-09-26 오전 11:12:56] 준비완료
[2022-09-26 오전 11:13:12] 프로그램을 시작합니다.
[2022-09-26 오전 11:13:12] 시작
[2022-09-26 오전 11:13:12] 시작
[2022-09-26 오전 11:13:13] 이미지 불러오기 완료
[2022-09-26 오전 11:13:13] 환경설정을 불러오는 중...
[2022-09-26 오전 11:13:13] 투명도 : 100%
[2022-09-26 오전 11:13:13] 환경설정을 불러왔습니다.
[2022-09-26 오전 11:13:13] 준비완료
[2022-09-26 오전 11:13:14] 환경설정2를 불러오는 중...
[2022-09-26 오전 11:13:14] 환경설정2를 불러왔습니다.
[2022-09-26 오전 11:13:27] 의사랑 업데이트 폴더 선택
[2022-09-26 오전 11:13:38] 의사랑 업데이트 폴더 선택
[2022-09-26 오전 11:14:34] 의사랑 업데이트 폴더 선택
[2022-09-26 오전 11:14:35] 의사랑 업데이트 폴더 선택
[2022-09-26 오전 11:14:36] 의사랑 업데이트 폴더 선택
[2022-09-26 오전 11:14:49] 프로그램을 시작합니다.
[2022-09-26 오전 11:14:50] 시작
[2022-09-26 오전 11:14:50] 시작
[2022-09-26 오전 11:14:50] 이미지 불러오기 완료
[2022-09-26 오전 11:14:51] 환경설정을 불러오는 중...
[2022-09-26 오전 11:14:51] 투명도 : 100%
[2022-09-26 오전 11:14:51] 환경설정을 불러왔습니다.
[2022-09-26 오전 11:14:51] 준비완료
[2022-09-26 오전 11:14:52] 환경설정2를 불러오는 중...
[2022-09-26 오전 11:14:52] 환경설정2를 불러왔습니다.
[2022-09-26 오전 11:15:03] 의사랑 업데이트 폴더 선택
[2022-09-26 오전 11:15:07] 저장 버튼 Click
[2022-09-26 오전 11:15:09] 저장 버튼 Click
[2022-09-26 오전 11:15:10] 환경설정2를 불러오는 중...
[2022-09-26 오전 11:15:10] 환경설정2를 불러왔습니다.
[2022-09-26 오전 11:15:27] 저장
[2022-09-26 오전 11:15:27] 종료
[2022-09-26 오전 11:15:48] 프로그램을 시작합니다.
[2022-09-26 오전 11:15:49] 시작
[2022-09-26 오전 11:15:49] 시작
[2022-09-26 오전 11:15:49] 이미지 불러오기 완료
[2022-09-26 오전 11:15:50] 환경설정을 불러오는 중...
[2022-09-26 오전 11:15:50] 투명도 : 100%
[2022-09-26 오전 11:15:50] 환경설정을 불러왔습니다.
[2022-09-26 오전 11:15:50] 준비완료
[2022-09-26 오전 11:15:50] 환경설정2를 불러오는 중...
[2022-09-26 오전 11:15:51] 환경설정2를 불러왔습니다.
[2022-09-26 오전 11:15:53] 저장 버튼 Click
[2022-09-26 오전 11:16:04] 최소 TETBL5320를 선택하셨습니다.
[2022-09-26 오전 11:16:08] 최대 TETBL5369를 선택하셨습니다.
[2022-09-26 오전 11:16:14] 저장
[2022-09-26 오전 11:16:15] 종료
[2022-09-26 오전 11:16:17] 프로그램을 시작합니다.
[2022-09-26 오전 11:16:17] 시작
[2022-09-26 오전 11:16:18] 시작
[2022-09-26 오전 11:16:18] 이미지 불러오기 완료
[2022-09-26 오전 11:16:18] 환경설정을 불러오는 중...
[2022-09-26 오전 11:16:18] 투명도 : 100%
[2022-09-26 오전 11:16:18] 환경설정을 불러왔습니다.
[2022-09-26 오전 11:16:18] 준비완료
[2022-09-26 오전 11:16:20] 환경설정2를 불러오는 중...
[2022-09-26 오전 11:16:20] 환경설정2를 불러왔습니다.
[2022-09-26 오전 11:17:13] 저장
[2022-09-26 오전 11:17:13] 종료
[2022-09-26 오후 12:17:56] 프로그램을 시작합니다.
[2022-09-26 오후 12:17:57] 시작
[2022-09-26 오후 12:17:57] 환경설정2를 불러오는 중...
[2022-09-26 오후 12:17:57] 환경설정2를 불러왔습니다.
[2022-09-26 오후 12:18:04] 저장 버튼 Click
[2022-09-26 오후 12:18:05] 시작
[2022-09-26 오후 12:18:05] 이미지 불러오기 완료
[2022-09-26 오후 12:18:05] 환경설정을 불러오는 중...
[2022-09-26 오후 12:18:05] 투명도 : 100%
[2022-09-26 오후 12:18:05] 환경설정을 불러왔습니다.
[2022-09-26 오후 12:18:06] 준비완료
[2022-09-26 오후 12:18:06] 환경설정2를 불러오는 중...
[2022-09-26 오후 12:18:06] 환경설정2를 불러왔습니다.
[2022-09-26 오후 12:18:11] 저장
[2022-09-26 오후 12:18:11] 종료
[2022-09-26 오후 01:13:33] 프로그램을 시작합니다.
[2022-09-26 오후 01:13:34] 시작
[2022-09-26 오후 01:13:34] 시작
[2022-09-26 오후 01:13:34] 이미지 불러오기 완료
[2022-09-26 오후 01:13:34] 환경설정을 불러오는 중...
[2022-09-26 오후 01:13:35] 투명도 : 100%
[2022-09-26 오후 01:13:35] 환경설정을 불러왔습니다.
[2022-09-26 오후 01:13:35] 준비완료
[2022-09-26 오후 01:13:49] 프로그램을 시작합니다.
[2022-09-26 오후 01:13:49] 시작
[2022-09-26 오후 01:13:50] 시작
[2022-09-26 오후 01:13:50] 이미지 불러오기 완료
[2022-09-26 오후 01:13:50] 환경설정을 불러오는 중...
[2022-09-26 오후 01:13:50] 투명도 : 100%
[2022-09-26 오후 01:13:50] 환경설정을 불러왔습니다.
[2022-09-26 오후 01:13:50] 준비완료
[2022-09-26 오후 01:14:08] 프로그램을 시작합니다.
[2022-09-26 오후 01:14:09] 시작
[2022-09-26 오후 01:14:09] 시작
[2022-09-26 오후 01:14:09] 이미지 불러오기 완료
[2022-09-26 오후 01:14:09] 환경설정을 불러오는 중...
[2022-09-26 오후 01:14:09] 투명도 : 100%
[2022-09-26 오후 01:14:09] 환경설정을 불러왔습니다.
[2022-09-26 오후 01:14:10] 준비완료
[2022-09-26 오후 01:14:10] 환경설정2를 불러오는 중...
[2022-09-26 오후 01:14:10] 환경설정2를 불러왔습니다.
[2022-09-26 오후 01:15:06] 프로그램을 시작합니다.
[2022-09-26 오후 01:15:06] 시작
[2022-09-26 오후 01:15:06] 환경설정2를 불러오는 중...
[2022-09-26 오후 01:15:07] 환경설정2를 불러왔습니다.
[2022-09-26 오후 01:15:10] 시작
[2022-09-26 오후 01:15:10] 이미지 불러오기 완료
[2022-09-26 오후 01:15:10] 환경설정을 불러오는 중...
[2022-09-26 오후 01:15:10] 투명도 : 100%
[2022-09-26 오후 01:15:10] 환경설정을 불러왔습니다.
[2022-09-26 오후 01:15:10] 준비완료
[2022-09-26 오후 01:15:19] 프로그램을 시작합니다.
[2022-09-26 오후 01:15:19] 시작
[2022-09-26 오후 01:15:19] 시작
[2022-09-26 오후 01:15:19] 환경설정2를 불러오는 중...
[2022-09-26 오후 01:15:20] 환경설정2를 불러왔습니다.
[2022-09-26 오후 01:15:21] 이미지 불러오기 완료
[2022-09-26 오후 01:15:21] 환경설정을 불러오는 중...
[2022-09-26 오후 01:15:21] 투명도 : 100%
[2022-09-26 오후 01:15:21] 환경설정을 불러왔습니다.
[2022-09-26 오후 01:15:21] 준비완료
[2022-09-26 오후 01:17:12] 프로그램을 시작합니다.
[2022-09-26 오후 01:17:13] 시작
[2022-09-26 오후 01:17:13] 시작
[2022-09-26 오후 01:17:13] 환경설정2를 불러오는 중...
[2022-09-26 오후 01:17:13] 환경설정2를 불러왔습니다.
[2022-09-26 오후 01:17:14] 이미지 불러오기 완료
[2022-09-26 오후 01:17:14] 환경설정을 불러오는 중...
[2022-09-26 오후 01:17:15] 투명도 : 100%
[2022-09-26 오후 01:17:15] 환경설정을 불러왔습니다.
[2022-09-26 오후 01:17:15] 준비완료
[2022-09-26 오후 01:17:15] 환경설정2를 불러오는 중...
[2022-09-26 오후 01:17:16] 환경설정2를 불러왔습니다.
[2022-09-26 오후 01:17:19] 환경설정2를 불러오는 중...
[2022-09-26 오후 01:17:19] 환경설정2를 불러왔습니다.
[2022-09-26 오후 01:17:29] 프로그램을 시작합니다.
[2022-09-26 오후 01:17:29] 시작
[2022-09-26 오후 01:17:30] 환경설정2를 불러오는 중...
[2022-09-26 오후 01:17:30] 환경설정2를 불러왔습니다.
[2022-09-26 오후 01:17:32] 시작
[2022-09-26 오후 01:17:32] 이미지 불러오기 완료
[2022-09-26 오후 01:17:32] 환경설정을 불러오는 중...
[2022-09-26 오후 01:17:33] 투명도 : 100%
[2022-09-26 오후 01:17:33] 환경설정을 불러왔습니다.
[2022-09-26 오후 01:17:33] 준비완료
[2022-09-26 오후 01:17:43] 프로그램을 시작합니다.
[2022-09-26 오후 01:17:43] 시작
[2022-09-26 오후 01:17:44] 시작
[2022-09-26 오후 01:17:44] 환경설정2를 불러오는 중...
[2022-09-26 오후 01:17:44] 환경설정2를 불러왔습니다.
[2022-09-26 오후 01:17:45] 이미지 불러오기 완료
[2022-09-26 오후 01:17:45] 환경설정을 불러오는 중...
[2022-09-26 오후 01:17:46] 투명도 : 100%
[2022-09-26 오후 01:17:46] 환경설정을 불러왔습니다.
[2022-09-26 오후 01:17:46] 준비완료
[2022-09-26 오후 01:17:47] 환경설정2를 불러오는 중...
[2022-09-26 오후 01:17:47] 환경설정2를 불러왔습니다.
[2022-09-26 오후 01:18:44] 저장
[2022-09-26 오후 01:18:44] 종료
[2022-09-26 오후 01:24:15] 프로그램을 시작합니다.
[2022-09-26 오후 01:24:16] 시작
[2022-09-26 오후 01:24:16] 시작
[2022-09-26 오후 01:24:16] 이미지 불러오기 완료
[2022-09-26 오후 01:24:16] 환경설정을 불러오는 중...
[2022-09-26 오후 01:24:16] 투명도 : 100%
[2022-09-26 오후 01:24:16] 환경설정을 불러왔습니다.
[2022-09-26 오후 01:24:17] 준비완료
[2022-09-26 오후 01:24:17] 환경설정2를 불러오는 중...
[2022-09-26 오후 01:24:17] 환경설정2를 불러왔습니다.
[2022-09-26 오후 01:24:21] 환경설정2를 불러오는 중...
[2022-09-26 오후 01:24:21] 환경설정2를 불러왔습니다.
[2022-09-26 오후 01:24:27] 환경설정2를 불러오는 중...
[2022-09-26 오후 01:24:27] 환경설정2를 불러왔습니다.
[2022-09-26 오후 01:24:31] 저장 버튼 Click
[2022-09-26 오후 01:24:32] 환경설정2를 불러오는 중...
[2022-09-26 오후 01:24:33] 환경설정2를 불러왔습니다.
[2022-09-26 오후 01:24:39] 저장 버튼 Click
[2022-09-26 오후 01:24:41] 환경설정2를 불러오는 중...
[2022-09-26 오후 01:24:41] 환경설정2를 불러왔습니다.
[2022-09-26 오후 01:25:07] 프로그램을 시작합니다.
[2022-09-26 오후 01:25:08] 시작
[2022-09-26 오후 01:25:08] 시작
[2022-09-26 오후 01:25:09] 이미지 불러오기 완료
[2022-09-26 오후 01:25:09] 환경설정을 불러오는 중...
[2022-09-26 오후 01:25:09] 투명도 : 100%
[2022-09-26 오후 01:25:09] 환경설정2를 불러오는 중...
[2022-09-26 오후 01:25:09] 환경설정2를 불러왔습니다.
[2022-09-26 오후 01:25:23] 프로그램을 시작합니다.
[2022-09-26 오후 01:25:23] 시작
[2022-09-26 오후 01:25:23] 시작
[2022-09-26 오후 01:25:24] 이미지 불러오기 완료
[2022-09-26 오후 01:25:24] 환경설정을 불러오는 중...
[2022-09-26 오후 01:25:24] 환경설정2를 불러오는 중...
[2022-09-26 오후 01:25:24] 환경설정2를 불러왔습니다.
[2022-09-26 오후 01:25:32] 저장 버튼 Click
[2022-09-26 오후 01:25:33] 투명도 : 100%
[2022-09-26 오후 01:25:33] 환경설정을 불러왔습니다.
[2022-09-26 오후 01:25:33] 준비완료
[2022-09-26 오후 01:25:34] 환경설정2를 불러오는 중...
[2022-09-26 오후 01:25:34] 환경설정2를 불러왔습니다.
[2022-09-26 오후 01:25:40] 저장 버튼 Click
[2022-09-26 오후 01:25:42] 환경설정2를 불러오는 중...
[2022-09-26 오후 01:25:42] 환경설정2를 불러왔습니다.
[2022-09-26 오후 01:25:45] 환경설정2를 불러오는 중...
[2022-09-26 오후 01:25:45] 환경설정2를 불러왔습니다.
[2022-09-26 오후 01:25:48] 저장 버튼 Click
[2022-09-26 오후 01:25:50] 환경설정2를 불러오는 중...
[2022-09-26 오후 01:25:50] 환경설정2를 불러왔습니다.
[2022-09-26 오후 01:26:23] 프로그램을 시작합니다.
[2022-09-26 오후 01:26:24] 시작
[2022-09-26 오후 01:26:24] 시작
[2022-09-26 오후 01:26:24] 이미지 불러오기 완료
[2022-09-26 오후 01:26:25] 환경설정을 불러오는 중...
[2022-09-26 오후 01:26:25] 투명도 : 100%
[2022-09-26 오후 01:26:25] 환경설정을 불러왔습니다.
[2022-09-26 오후 01:26:25] 준비완료
[2022-09-26 오후 01:26:25] 환경설정2를 불러오는 중...
[2022-09-26 오후 01:26:26] 환경설정2를 불러왔습니다.
[2022-09-26 오후 01:26:33] 저장 버튼 Click
[2022-09-26 오후 01:26:34] 환경설정2를 불러오는 중...
[2022-09-26 오후 01:26:34] 환경설정2를 불러왔습니다.
[2022-09-26 오후 01:26:37] 환경설정2를 불러오는 중...
[2022-09-26 오후 01:26:37] 환경설정2를 불러왔습니다.
[2022-09-26 오후 01:26:39] 환경설정2를 불러오는 중...
[2022-09-26 오후 01:26:40] 환경설정2를 불러왔습니다.
[2022-09-26 오후 01:28:19] 프로그램을 시작합니다.
[2022-09-26 오후 01:28:19] 시작
[2022-09-26 오후 01:28:20] 시작
[2022-09-26 오후 01:28:20] 이미지 불러오기 완료
[2022-09-26 오후 01:28:20] 환경설정을 불러오는 중...
[2022-09-26 오후 01:28:20] 투명도 : 100%
[2022-09-26 오후 01:28:20] 환경설정을 불러왔습니다.
[2022-09-26 오후 01:28:20] 준비완료
[2022-09-26 오후 01:28:21] 환경설정2를 불러오는 중...
[2022-09-26 오후 01:28:21] 환경설정2를 불러왔습니다.
[2022-09-26 오후 01:28:25] 저장
[2022-09-26 오후 01:28:25] 종료
[2022-09-26 오후 01:30:04] 프로그램을 시작합니다.
[2022-09-26 오후 01:30:04] 시작
[2022-09-26 오후 01:30:05] 환경설정2를 불러오는 중...
[2022-09-26 오후 01:30:05] 환경설정2를 불러왔습니다.
[2022-09-26 오후 01:30:09] 시작
[2022-09-26 오후 01:30:09] 이미지 불러오기 완료
[2022-09-26 오후 01:30:09] 환경설정을 불러오는 중...
[2022-09-26 오후 01:30:09] 투명도 : 100%
[2022-09-26 오후 01:30:09] 환경설정을 불러왔습니다.
[2022-09-26 오후 01:30:09] 준비완료
[2022-09-26 오후 01:30:10] 환경설정2를 불러오는 중...
[2022-09-26 오후 01:30:10] 환경설정2를 불러왔습니다.
[2022-09-26 오후 01:30:12] 환경설정2를 불러오는 중...
[2022-09-26 오후 01:30:12] 환경설정2를 불러왔습니다.
[2022-09-26 오후 01:30:14] 저장 버튼 Click
[2022-09-26 오후 01:30:17] 환경설정2를 불러오는 중...
[2022-09-26 오후 01:30:17] 환경설정2를 불러왔습니다.
[2022-09-26 오후 01:30:20] 저장
[2022-09-26 오후 01:30:20] 종료
[2022-09-26 오후 01:30:22] 프로그램을 시작합니다.
[2022-09-26 오후 01:30:23] 시작
[2022-09-26 오후 01:30:23] 시작
[2022-09-26 오후 01:30:23] 환경설정2를 불러오는 중...
[2022-09-26 오후 01:30:23] 환경설정2를 불러왔습니다.
[2022-09-26 오후 01:30:26] 저장 버튼 Click
[2022-09-26 오후 01:30:27] 이미지 불러오기 완료
[2022-09-26 오후 01:30:27] 환경설정을 불러오는 중...
[2022-09-26 오후 01:30:27] 투명도 : 100%
[2022-09-26 오후 01:30:27] 환경설정을 불러왔습니다.
[2022-09-26 오후 01:30:27] 준비완료
[2022-09-26 오후 01:30:28] 환경설정2를 불러오는 중...
[2022-09-26 오후 01:30:28] 환경설정2를 불러왔습니다.
[2022-09-26 오후 01:30:30] 환경설정2를 불러오는 중...
[2022-09-26 오후 01:30:30] 환경설정2를 불러왔습니다.
[2022-09-26 오후 01:30:34] 저장
[2022-09-26 오후 01:30:34] 종료
[2022-09-26 오후 01:30:37] 프로그램을 시작합니다.
[2022-09-26 오후 01:30:38] 환경설정2를 불러오는 중...
[2022-09-26 오후 01:30:38] 환경설정2를 불러왔습니다.
[2022-09-26 오후 01:30:40] 저장 버튼 Click
[2022-09-26 오후 01:30:41] 시작
[2022-09-26 오후 01:30:41] 시작
[2022-09-26 오후 01:30:41] 이미지 불러오기 완료
[2022-09-26 오후 01:30:41] 환경설정을 불러오는 중...
[2022-09-26 오후 01:30:41] 투명도 : 100%
[2022-09-26 오후 01:30:41] 환경설정을 불러왔습니다.
[2022-09-26 오후 01:30:42] 준비완료
[2022-09-26 오후 01:30:46] 환경설정2를 불러오는 중...
[2022-09-26 오후 01:30:46] 환경설정2를 불러왔습니다.
[2022-09-26 오후 01:49:35] 프로그램을 시작합니다.
[2022-09-26 오후 01:49:36] 시작
[2022-09-26 오후 01:49:36] 시작
[2022-09-26 오후 01:49:36] 이미지 불러오기 완료
[2022-09-26 오후 01:49:36] 환경설정을 불러오는 중...
[2022-09-26 오후 01:49:37] 투명도 : 100%
[2022-09-26 오후 01:49:37] 환경설정을 불러왔습니다.
[2022-09-26 오후 01:49:37] 준비완료
[2022-09-26 오후 01:49:38] 환경설정2를 불러오는 중...
[2022-09-26 오후 01:49:38] 환경설정2를 불러왔습니다.
[2022-09-26 오후 01:49:40] button4 병의원 Database 선택
[2022-09-26 오후 01:49:47] button5 병의원 Database 선택
[2022-09-26 오후 01:49:50] button8 병의원 Database 선택
[2022-09-26 오후 01:49:54] 저장 버튼 Click
[2022-09-26 오후 01:49:57] 환경설정2를 불러오는 중...
[2022-09-26 오후 01:49:57] 환경설정2를 불러왔습니다.
[2022-09-26 오후 01:50:21] 프로그램을 시작합니다.
[2022-09-26 오후 01:50:22] 시작
[2022-09-26 오후 01:50:22] 시작
[2022-09-26 오후 01:50:22] 이미지 불러오기 완료
[2022-09-26 오후 01:50:22] 환경설정을 불러오는 중...
[2022-09-26 오후 01:50:22] 투명도 : 100%
[2022-09-26 오후 01:50:22] 환경설정을 불러왔습니다.
[2022-09-26 오후 01:50:23] 준비완료
[2022-09-26 오후 01:50:23] 환경설정2를 불러오는 중...
[2022-09-26 오후 01:50:23] 환경설정2를 불러왔습니다.
[2022-09-26 오후 01:50:24] button4 병의원 Database 선택
[2022-09-26 오후 01:50:27] button5 병의원 Database 선택
[2022-09-26 오후 01:50:30] button6 병의원 Database 선택
[2022-09-26 오후 01:50:32] button7 병의원 Database 선택
[2022-09-26 오후 01:50:37] 저장 버튼 Click
[2022-09-26 오후 01:50:39] 환경설정2를 불러오는 중...
[2022-09-26 오후 01:50:39] 환경설정2를 불러왔습니다.
[2022-09-26 오후 01:50:43] button4 병의원 Database 선택
[2022-09-26 오후 01:51:25] 저장
[2022-09-26 오후 01:51:25] 종료
[2022-09-26 오후 01:57:44] 프로그램을 시작합니다.
[2022-09-26 오후 01:57:44] 시작
[2022-09-26 오후 01:57:44] 시작
[2022-09-26 오후 01:57:45] 이미지 불러오기 완료
[2022-09-26 오후 01:57:45] 환경설정을 불러오는 중...
[2022-09-26 오후 01:57:45] 투명도 : 100%
[2022-09-26 오후 01:57:45] 환경설정을 불러왔습니다.
[2022-09-26 오후 01:57:45] 준비완료
[2022-09-26 오후 01:57:48] 환경설정2를 불러오는 중...
[2022-09-26 오후 01:57:48] 환경설정2를 불러왔습니다.
[2022-09-26 오후 01:57:51] button4 병의원 Database 선택
[2022-09-26 오후 01:57:54] button5 병의원 Database 선택
[2022-09-26 오후 01:57:57] button6 병의원 Database 선택
[2022-09-26 오후 01:57:59] button7 병의원 Database 선택
[2022-09-26 오후 01:58:01] 저장 버튼 Click
[2022-09-26 오후 01:58:04] 환경설정2를 불러오는 중...
[2022-09-26 오후 01:58:04] 환경설정2를 불러왔습니다.
[2022-09-26 오후 01:58:44] 저장 버튼 Click
[2022-09-26 오후 02:04:36] 프로그램을 시작합니다.
[2022-09-26 오후 02:04:37] 시작
[2022-09-26 오후 02:04:37] 시작
[2022-09-26 오후 02:04:37] 이미지 불러오기 완료
[2022-09-26 오후 02:04:37] 환경설정을 불러오는 중...
[2022-09-26 오후 02:04:37] 투명도 : 100%
[2022-09-26 오후 02:04:37] 환경설정을 불러왔습니다.
[2022-09-26 오후 02:04:38] 준비완료
[2022-09-26 오후 02:04:39] 환경설정2를 불러오는 중...
[2022-09-26 오후 02:04:39] 환경설정2를 불러왔습니다.
[2022-09-26 오후 02:04:41] 의사랑 업데이트 폴더 선택
[2022-09-26 오후 02:04:45] 저장 버튼 Click
[2022-09-26 오후 02:04:47] 의사랑 업데이트 폴더 선택
[2022-09-26 오후 02:04:50] 환경설정2를 불러오는 중...
[2022-09-26 오후 02:04:50] 환경설정2를 불러왔습니다.
[2022-09-26 오후 02:04:51] 의사랑 업데이트 폴더 선택
[2022-09-26 오후 02:04:58] 환경설정2를 불러오는 중...
[2022-09-26 오후 02:04:58] 환경설정2를 불러왔습니다.
[2022-09-26 오후 02:04:59] 의사랑 업데이트 폴더 선택
[2022-09-26 오후 02:47:35] 프로그램을 시작합니다.
[2022-09-26 오후 02:47:36] 시작
[2022-09-26 오후 02:47:36] 시작
[2022-09-26 오후 02:47:37] 환경설정2를 불러오는 중...
[2022-09-26 오후 02:47:37] 환경설정2를 불러왔습니다.
[2022-09-26 오후 02:47:48] 이미지 불러오기 완료
[2022-09-26 오후 02:47:48] 환경설정을 불러오는 중...
[2022-09-26 오후 02:47:48] 투명도 : 100%
[2022-09-26 오후 02:47:48] 환경설정을 불러왔습니다.
[2022-09-26 오후 02:47:48] 준비완료
[2022-09-26 오후 02:47:49] 환경설정2를 불러오는 중...
[2022-09-26 오후 02:47:49] 환경설정2를 불러왔습니다.
[2022-09-26 오후 02:47:56] 환경설정2를 불러오는 중...
[2022-09-26 오후 02:47:56] 환경설정2를 불러왔습니다.
[2022-09-26 오후 02:48:00] button4 병의원 Database 선택
[2022-09-26 오후 02:48:08] 환경설정2를 불러오는 중...
[2022-09-26 오후 02:48:08] 환경설정2를 불러왔습니다.
[2022-09-26 오후 02:48:11] 저장
[2022-09-26 오후 02:48:11] 종료
[2022-09-26 오후 02:48:39] 프로그램을 시작합니다.
[2022-09-26 오후 02:48:39] 시작
[2022-09-26 오후 02:48:39] 환경설정2를 불러오는 중...
[2022-09-26 오후 02:48:39] 환경설정2를 불러왔습니다.
[2022-09-26 오후 02:48:41] button4 병의원 Database 선택
[2022-09-26 오후 02:48:43] 저장 버튼 Click
[2022-09-26 오후 02:48:44] 시작
[2022-09-26 오후 02:48:44] 이미지 불러오기 완료
[2022-09-26 오후 02:48:44] 환경설정을 불러오는 중...
[2022-09-26 오후 02:48:44] 투명도 : 100%
[2022-09-26 오후 02:48:44] 환경설정을 불러왔습니다.
[2022-09-26 오후 02:48:45] 준비완료
[2022-09-26 오후 02:48:45] 환경설정2를 불러오는 중...
[2022-09-26 오후 02:48:45] 환경설정2를 불러왔습니다.
[2022-09-26 오후 02:48:48] 환경설정2를 불러오는 중...
[2022-09-26 오후 02:48:48] 환경설정2를 불러왔습니다.
[2022-09-26 오후 02:48:49] button4 병의원 Database 선택
[2022-09-26 오후 02:48:52] 저장 버튼 Click
[2022-09-26 오후 02:49:33] 프로그램을 시작합니다.
[2022-09-26 오후 02:49:33] 시작
[2022-09-26 오후 02:49:34] 시작
[2022-09-26 오후 02:49:34] 이미지 불러오기 완료
[2022-09-26 오후 02:49:34] 환경설정을 불러오는 중...
[2022-09-26 오후 02:49:34] 투명도 : 100%
[2022-09-26 오후 02:49:34] 환경설정을 불러왔습니다.
[2022-09-26 오후 02:49:34] 준비완료
[2022-09-26 오후 02:49:36] 환경설정2를 불러오는 중...
[2022-09-26 오후 02:49:36] 저장하기
[2022-09-26 오후 02:49:37] 환경설정2를 불러왔습니다.
[2022-09-26 오후 02:49:38] button4 병의원 Database 선택
[2022-09-26 오후 02:49:40] 저장하기
[2022-09-26 오후 02:49:43] 환경설정2를 불러오는 중...
[2022-09-26 오후 02:49:43] 저장하기
[2022-09-26 오후 02:49:43] 환경설정2를 불러왔습니다.
[2022-09-26 오후 02:51:24] 의사랑 업데이트 폴더 선택
[2022-09-26 오후 02:51:27] 저장하기
[2022-09-26 오후 02:51:29] 환경설정2를 불러오는 중...
[2022-09-26 오후 02:51:29] 저장하기
[2022-09-26 오후 02:51:29] 환경설정2를 불러왔습니다.
[2022-09-26 오후 02:51:35] 의사랑 업데이트 폴더 선택
[2022-09-26 오후 02:51:39] 저장하기
[2022-09-26 오후 02:51:41] 환경설정2를 불러오는 중...
[2022-09-26 오후 02:51:41] 저장하기
[2022-09-26 오후 02:51:41] 환경설정2를 불러왔습니다.
[2022-09-26 오후 02:51:42] 의사랑 업데이트 폴더 선택
[2022-09-26 오후 02:51:48] 저장하기
[2022-09-26 오후 02:51:55] 저장하기
[2022-09-26 오후 02:51:58] 환경설정2를 불러오는 중...
[2022-09-26 오후 02:51:58] 저장하기
[2022-09-26 오후 02:51:58] 환경설정2를 불러왔습니다.
[2022-09-26 오후 02:51:59] 저장하기
[2022-09-26 오후 02:52:00] 저장하기
[2022-09-26 오후 02:52:00] 저장하기
[2022-09-26 오후 02:52:00] 저장하기
[2022-09-26 오후 02:52:02] 환경설정2를 불러오는 중...
[2022-09-26 오후 02:52:02] 저장하기
[2022-09-26 오후 02:52:02] 환경설정2를 불러왔습니다.
[2022-09-26 오후 02:52:09] 환경설정2를 불러오는 중...
[2022-09-26 오후 02:52:10] 저장하기
[2022-09-26 오후 02:52:10] 환경설정2를 불러왔습니다.
[2022-09-26 오후 02:52:12] 저장하기
[2022-09-26 오후 02:52:13] 저장하기
[2022-09-26 오후 02:52:13] 저장하기
[2022-09-26 오후 02:52:14] 저장하기
[2022-09-26 오후 02:52:16] 저장하기
[2022-09-26 오후 02:52:16] 저장하기
[2022-09-26 오후 02:52:16] 저장하기
[2022-09-26 오후 02:52:16] 저장하기
[2022-09-26 오후 02:52:17] 저장하기
[2022-09-26 오후 02:52:17] 저장하기
[2022-09-26 오후 02:52:17] 저장하기
[2022-09-26 오후 02:52:17] 저장하기
[2022-09-26 오후 02:52:22] 환경설정2를 불러오는 중...
[2022-09-26 오후 02:52:22] 저장하기
[2022-09-26 오후 02:52:22] 환경설정2를 불러왔습니다.
[2022-09-26 오후 02:52:26] 저장
[2022-09-26 오후 02:52:26] 종료
[2022-09-26 오후 02:53:06] 프로그램을 시작합니다.
[2022-09-26 오후 02:53:07] 시작
[2022-09-26 오후 02:53:07] 시작
[2022-09-26 오후 02:53:07] 이미지 불러오기 완료
[2022-09-26 오후 02:53:07] 환경설정을 불러오는 중...
[2022-09-26 오후 02:53:07] 투명도 : 100%
[2022-09-26 오후 02:53:07] 환경설정을 불러왔습니다.
[2022-09-26 오후 02:53:08] 준비완료
[2022-09-26 오후 02:53:09] 환경설정2를 불러오는 중...
[2022-09-26 오후 02:53:09] 저장하기
[2022-09-26 오후 02:53:09] 환경설정2를 불러왔습니다.
[2022-09-26 오후 02:53:10] 저장하기
[2022-09-26 오후 02:53:11] 저장하기
[2022-09-26 오후 02:53:11] 저장하기
[2022-09-26 오후 02:53:11] 저장하기
[2022-09-26 오후 02:53:13] 저장하기
[2022-09-26 오후 02:53:13] 저장하기
[2022-09-26 오후 02:53:13] 저장하기
[2022-09-26 오후 02:53:13] 저장하기
[2022-09-26 오후 02:53:15] 저장 버튼 Click
[2022-09-26 오후 02:53:21] 환경설정2를 불러오는 중...
[2022-09-26 오후 02:53:21] 저장하기
[2022-09-26 오후 02:53:22] 환경설정2를 불러왔습니다.
[2022-09-26 오후 02:53:37] 저장
[2022-09-26 오후 02:53:38] 종료
[2022-09-26 오후 03:12:16] 프로그램을 시작합니다.
[2022-09-26 오후 03:12:17] 시작
[2022-09-26 오후 03:12:17] 시작
[2022-09-26 오후 03:12:17] 이미지 불러오기 완료
[2022-09-26 오후 03:12:17] 환경설정을 불러오는 중...
[2022-09-26 오후 03:12:17] 투명도 : 100%
[2022-09-26 오후 03:12:18] 환경설정을 불러왔습니다.
[2022-09-26 오후 03:12:18] 준비완료
[2022-09-26 오후 03:12:19] 환경설정2를 불러오는 중...
[2022-09-26 오후 03:12:19] 환경설정2를 불러왔습니다.
[2022-09-26 오후 03:12:29] button4 병의원 Database 선택
[2022-09-26 오후 03:12:35] button5 병의원 Database 선택
[2022-09-26 오후 03:12:38] 저장하기
[2022-09-26 오후 03:12:40] 환경설정2를 불러오는 중...
[2022-09-26 오후 03:12:40] 환경설정2를 불러왔습니다.
[2022-09-26 오후 03:12:43] 저장하기
[2022-09-26 오후 03:12:47] 환경설정2를 불러오는 중...
[2022-09-26 오후 03:12:47] 환경설정2를 불러왔습니다.
[2022-09-26 오후 03:12:52] 저장하기
[2022-09-26 오후 03:17:39] 프로그램을 시작합니다.
[2022-09-26 오후 03:17:40] 시작
[2022-09-26 오후 03:17:40] 시작
[2022-09-26 오후 03:17:40] 이미지 불러오기 완료
[2022-09-26 오후 03:17:40] 환경설정을 불러오는 중...
[2022-09-26 오후 03:17:40] 투명도 : 100%
[2022-09-26 오후 03:17:40] 환경설정을 불러왔습니다.
[2022-09-26 오후 03:17:40] 윈도우 최상위로
[2022-09-26 오후 03:17:41] 준비완료
[2022-09-26 오후 03:17:41] 윈도우 최상위 취소
[2022-09-26 오후 03:17:42] 윈도우 최상위로
[2022-09-26 오후 03:17:43] 윈도우 최상위 취소
[2022-09-26 오후 03:17:49] 윈도우 최상위로
[2022-09-26 오후 03:17:50] 윈도우 최상위 취소
[2022-09-26 오후 03:17:52] 윈도우 최상위로
[2022-09-26 오후 03:17:52] 윈도우 최상위 취소
[2022-09-26 오후 03:17:54] 저장
[2022-09-26 오후 03:17:54] 종료
[2022-09-26 오후 03:19:44] 프로그램을 시작합니다.
[2022-09-26 오후 03:19:45] 시작
[2022-09-26 오후 03:19:45] 시작
[2022-09-26 오후 03:19:45] 이미지 불러오기 완료
[2022-09-26 오후 03:19:45] 환경설정을 불러오는 중...
[2022-09-26 오후 03:19:45] 투명도 : 100%
[2022-09-26 오후 03:19:45] 환경설정을 불러왔습니다.
[2022-09-26 오후 03:19:46] 준비완료
[2022-09-26 오후 03:19:47] 투명도 : 94%
[2022-09-26 오후 03:19:47] 투명도 : 88%
[2022-09-26 오후 03:19:47] 투명도 : 82%
[2022-09-26 오후 03:19:47] 투명도 : 69%
[2022-09-26 오후 03:19:47] 투명도 : 51%
[2022-09-26 오후 03:19:47] 투명도 : 45%
[2022-09-26 오후 03:19:47] 투명도 : 32%
[2022-09-26 오후 03:19:47] 투명도 : 26%
[2022-09-26 오후 03:19:47] 투명도 : 20%
[2022-09-26 오후 03:19:47] 투명도 : 26%
[2022-09-26 오후 03:19:47] 투명도 : 38%
[2022-09-26 오후 03:19:47] 투명도 : 45%
[2022-09-26 오후 03:19:47] 투명도 : 63%
[2022-09-26 오후 03:19:47] 투명도 : 82%
[2022-09-26 오후 03:19:47] 투명도 : 94%
[2022-09-26 오후 03:19:48] 투명도 : 100%
[2022-09-26 오후 03:19:50] 투명도 : 94%
[2022-09-26 오후 03:19:50] 투명도 : 88%
[2022-09-26 오후 03:19:50] 투명도 : 75%
[2022-09-26 오후 03:19:50] 투명도 : 69%
[2022-09-26 오후 03:19:50] 투명도 : 63%
[2022-09-26 오후 03:19:50] 투명도 : 57%
[2022-09-26 오후 03:19:50] 투명도 : 51%
[2022-09-26 오후 03:19:50] 투명도 : 45%
[2022-09-26 오후 03:19:50] 투명도 : 38%
[2022-09-26 오후 03:19:50] 투명도 : 45%
[2022-09-26 오후 03:19:50] 투명도 : 51%
[2022-09-26 오후 03:19:50] 투명도 : 63%
[2022-09-26 오후 03:19:50] 투명도 : 69%
[2022-09-26 오후 03:19:50] 투명도 : 75%
[2022-09-26 오후 03:19:51] 투명도 : 82%
[2022-09-26 오후 03:19:51] 투명도 : 88%
[2022-09-26 오후 03:19:52] 투명도 : 82%
[2022-09-26 오후 03:19:52] 투명도 : 75%
[2022-09-26 오후 03:19:52] 투명도 : 69%
[2022-09-26 오후 03:19:52] 투명도 : 63%
[2022-09-26 오후 03:19:53] 투명도 : 57%
[2022-09-26 오후 03:19:53] 투명도 : 63%
[2022-09-26 오후 03:19:53] 투명도 : 69%
[2022-09-26 오후 03:19:55] 투명도 : 75%
[2022-09-26 오후 03:19:55] 투명도 : 88%
[2022-09-26 오후 03:19:55] 투명도 : 100%
[2022-09-26 오후 03:20:09] 윈도우 최상위로
[2022-09-26 오후 03:20:10] 윈도우 최상위 취소
[2022-09-26 오후 03:20:11] 저장
[2022-09-26 오후 03:20:11] 종료
[2022-09-26 오후 04:25:52] 프로그램을 시작합니다.
[2022-09-26 오후 04:25:52] 시작
[2022-09-26 오후 04:25:52] 시작
[2022-09-26 오후 04:25:53] 이미지 불러오기 완료
[2022-09-26 오후 04:25:53] 환경설정을 불러오는 중...
[2022-09-26 오후 04:25:53] 투명도 : 100%
[2022-09-26 오후 04:25:53] 환경설정을 불러왔습니다.
[2022-09-26 오후 04:25:53] 준비완료
[2022-09-26 오후 04:25:54] 환경설정2를 불러오는 중...
[2022-09-26 오후 04:25:54] 환경설정2를 불러왔습니다.
[2022-09-26 오후 04:25:58] 저장하기
[2022-09-26 오후 05:04:18] 저장
[2022-09-26 오후 05:04:18] 종료
[2022-09-26 오후 05:29:35] 프로그램을 시작합니다.
[2022-09-26 오후 05:29:35] 시작
[2022-09-26 오후 05:29:35] 시작
[2022-09-26 오후 05:29:36] 이미지 불러오기 완료
[2022-09-26 오후 05:29:36] 환경설정을 불러오는 중...
[2022-09-26 오후 05:29:36] 투명도 : 100%
[2022-09-26 오후 05:29:36] 환경설정을 불러왔습니다.
[2022-09-26 오후 05:29:36] 준비완료
[2022-09-26 오후 05:30:24] 프로그램을 시작합니다.
[2022-09-26 오후 05:30:24] 시작
[2022-09-26 오후 05:30:25] 시작
[2022-09-26 오후 05:30:25] 이미지 불러오기 완료
[2022-09-26 오후 05:30:25] 환경설정을 불러오는 중...
[2022-09-26 오후 05:30:25] 투명도 : 100%
[2022-09-26 오후 05:30:25] 환경설정을 불러왔습니다.
[2022-09-26 오후 05:30:25] 준비완료
[2022-09-26 오후 05:30:32] 저장
[2022-09-26 오후 05:30:32] 종료
