[2022-12-13 오전 09:12:59] 프로그램을 시작합니다.
[2022-12-13 오전 09:12:59] 시작
[2022-12-13 오전 09:12:59] 시작
[2022-12-13 오전 09:12:59] 이미지 불러오기 완료
[2022-12-13 오전 09:12:59] 환경설정을 불러 오는 중...
[2022-12-13 오전 09:12:59] 투명도 : 100%
[2022-12-13 오전 09:12:59] 환경설정을 불러 왔습니다.
[2022-12-13 오전 09:12:59] 준비완료
[2022-12-13 오전 09:13:04] 저장
[2022-12-13 오전 09:13:04] 종료
[2022-12-13 오전 09:14:21] 프로그램을 시작합니다.
[2022-12-13 오전 09:14:21] 시작
[2022-12-13 오전 09:14:21] 시작
[2022-12-13 오전 09:14:21] 이미지 불러오기 완료
[2022-12-13 오전 09:14:21] 환경설정을 불러 오는 중...
[2022-12-13 오전 09:14:22] 투명도 : 100%
[2022-12-13 오전 09:14:22] 환경설정을 불러 왔습니다.
[2022-12-13 오전 09:14:22] 준비완료
[2022-12-13 오전 09:14:58] 프로그램을 시작합니다.
[2022-12-13 오전 09:14:59] 시작
[2022-12-13 오전 09:14:59] 시작
[2022-12-13 오전 09:14:59] 이미지 불러오기 완료
[2022-12-13 오전 09:14:59] 환경설정을 불러 오는 중...
[2022-12-13 오전 09:14:59] 투명도 : 100%
[2022-12-13 오전 09:14:59] 환경설정을 불러 왔습니다.
[2022-12-13 오전 09:14:59] 준비완료
[2022-12-13 오전 09:34:54] 프로그램을 시작합니다.
[2022-12-13 오전 09:34:54] 시작
[2022-12-13 오전 09:34:54] 시작
[2022-12-13 오전 09:34:54] 이미지 불러오기 완료
[2022-12-13 오전 09:34:54] 환경설정을 불러 오는 중...
[2022-12-13 오전 09:34:54] 투명도 : 100%
[2022-12-13 오전 09:34:54] 환경설정을 불러 왔습니다.
[2022-12-13 오전 09:34:55] 준비완료
[2022-12-13 오전 09:35:00] 최소 TETBL5306를 선택하셨습니다.
[2022-12-13 오전 09:35:09] 환경설정2를 불러오는 중...
[2022-12-13 오전 09:35:09] 환경설정2를 불러왔습니다.
[2022-12-13 오전 09:35:11] 저장하기
[2022-12-13 오전 09:35:13] 저장
[2022-12-13 오전 09:35:13] 종료
[2022-12-13 오전 09:35:20] 프로그램을 시작합니다.
[2022-12-13 오전 09:35:21] 시작
[2022-12-13 오전 09:35:21] 시작
[2022-12-13 오전 09:35:21] 이미지 불러오기 완료
[2022-12-13 오전 09:35:21] 환경설정을 불러 오는 중...
[2022-12-13 오전 09:35:21] 투명도 : 100%
[2022-12-13 오전 09:35:21] 환경설정을 불러 왔습니다.
[2022-12-13 오전 09:38:15] 프로그램을 시작합니다.
[2022-12-13 오전 09:38:16] 시작
[2022-12-13 오전 09:38:16] 시작
[2022-12-13 오전 09:38:16] 이미지 불러오기 완료
[2022-12-13 오전 09:38:16] 환경설정을 불러 오는 중...
[2022-12-13 오전 09:38:16] 투명도 : 100%
[2022-12-13 오전 09:38:16] 환경설정을 불러 왔습니다.
[2022-12-13 오전 09:57:04] 프로그램을 시작합니다.
[2022-12-13 오전 09:57:04] 시작
[2022-12-13 오전 09:57:04] 시작
[2022-12-13 오전 09:57:05] 이미지 불러오기 완료
[2022-12-13 오전 09:57:05] 환경설정을 불러 오는 중...
[2022-12-13 오전 09:57:05] 투명도 : 100%
[2022-12-13 오전 09:57:05] 환경설정을 불러 왔습니다.
[2022-12-13 오전 09:57:05] 설정이 필요합니다.
[2022-12-13 오전 09:57:05] 준비완료
[2022-12-13 오전 09:57:16] 환경설정2를 불러오는 중...
[2022-12-13 오전 09:57:17] 환경설정2를 불러왔습니다.
[2022-12-13 오전 09:57:41] 저장하기
[2022-12-13 오전 09:57:46] 프로그램을 시작합니다.
[2022-12-13 오전 09:57:47] 시작
[2022-12-13 오전 09:57:47] 시작
[2022-12-13 오전 09:57:47] 이미지 불러오기 완료
[2022-12-13 오전 09:57:47] 환경설정을 불러 오는 중...
[2022-12-13 오전 09:57:47] 투명도 : 100%
[2022-12-13 오전 09:57:47] 환경설정을 불러 왔습니다.
[2022-12-13 오전 09:57:47] 준비완료
[2022-12-13 오전 09:58:17] 프로그램을 시작합니다.
[2022-12-13 오전 09:58:17] 시작
[2022-12-13 오전 09:58:17] 시작
[2022-12-13 오전 09:58:17] 이미지 불러오기 완료
[2022-12-13 오전 09:58:17] 환경설정을 불러 오는 중...
[2022-12-13 오전 09:58:17] 투명도 : 100%
[2022-12-13 오전 09:58:18] 환경설정을 불러 왔습니다.
[2022-12-13 오전 09:58:18] 준비완료
[2022-12-13 오전 10:05:43] 최대 TETBL5306를 선택하셨습니다.
[2022-12-13 오전 10:05:45] AutoUpdate 버튼 Click
[2022-12-13 오전 10:05:45] DB 확인 중
[2022-12-13 오전 10:05:46] 서울안과DB 실행
[2022-12-13 오전 10:06:01] 서울안과DB와 연결이 되었습니다.
[2022-12-13 오전 10:06:03] TETBL5306 실행
[2022-12-13 오전 10:06:06] 이미 업데이트 되었음.
[2022-12-13 오전 10:10:23] 프로그램을 시작합니다.
[2022-12-13 오전 10:10:23] 시작
[2022-12-13 오전 10:10:23] 시작
[2022-12-13 오전 10:10:23] 이미지 불러오기 완료
[2022-12-13 오전 10:10:23] 환경설정을 불러 오는 중...
[2022-12-13 오전 10:10:23] 투명도 : 100%
[2022-12-13 오전 10:10:23] 환경설정을 불러 왔습니다.
[2022-12-13 오전 10:10:23] 준비완료
[2022-12-13 오전 10:10:29] AutoUpdate 버튼 Click
[2022-12-13 오전 10:10:29] DB 확인 중
[2022-12-13 오전 10:10:35] 서울안과DB 실행
[2022-12-13 오전 10:10:49] 서울안과DB와 연결이 되었습니다.
[2022-12-13 오전 10:10:51] TETBL5306 실행
[2022-12-13 오전 10:10:54] 이미 업데이트 되었음.
[2022-12-13 오전 10:12:37] 프로그램을 시작합니다.
[2022-12-13 오전 10:12:37] 시작
[2022-12-13 오전 10:12:37] 시작
[2022-12-13 오전 10:12:38] 이미지 불러오기 완료
[2022-12-13 오전 10:12:38] 환경설정을 불러 오는 중...
[2022-12-13 오전 10:12:38] 투명도 : 100%
[2022-12-13 오전 10:12:38] 환경설정을 불러 왔습니다.
[2022-12-13 오전 10:12:38] 준비완료
[2022-12-13 오전 10:13:14] AutoUpdate 버튼 Click
[2022-12-13 오전 10:13:14] DB 확인 중
[2022-12-13 오전 10:13:16] 서울안과DB 실행
[2022-12-13 오전 10:13:30] 서울안과DB와 연결이 되었습니다.
[2022-12-13 오전 10:13:32] TETBL5306 실행
[2022-12-13 오전 10:13:35] 이미 업데이트 되었음.
[2022-12-13 오전 10:13:35] 종료 3초전
[2022-12-13 오전 10:13:36] 종료 2초전
[2022-12-13 오전 10:13:37] 종료 1초전
[2022-12-13 오전 10:13:39] 종료 완료
[2022-12-13 오전 10:24:44] 프로그램을 시작합니다.
[2022-12-13 오전 10:24:44] 시작
[2022-12-13 오전 10:24:44] 시작
[2022-12-13 오전 10:24:44] 이미지 불러오기 완료
[2022-12-13 오전 10:24:44] 환경설정을 불러 오는 중...
[2022-12-13 오전 10:24:45] 투명도 : 100%
[2022-12-13 오전 10:24:45] 환경설정을 불러 왔습니다.
[2022-12-13 오전 10:24:45] 준비완료
[2022-12-13 오전 10:24:51] 최대 TETBL5400를 선택하셨습니다.
[2022-12-13 오전 10:24:56] 최소 TETBL5389를 선택하셨습니다.
[2022-12-13 오전 10:25:01] AutoUpdate 버튼 Click
[2022-12-13 오전 10:25:01] DB 확인 중
[2022-12-13 오전 10:25:02] 서울안과DB 실행
[2022-12-13 오전 10:25:17] 서울안과DB와 연결이 되었습니다.
[2022-12-13 오전 10:25:19] TETBL5389 실행
[2022-12-13 오전 10:25:21] 이미 업데이트 되었음.
[2022-12-13 오전 10:25:22] TETBL5390 실행
[2022-12-13 오전 10:25:24] 업데이트 중...
[2022-12-13 오전 10:25:31] 업데이트 완료
[2022-12-13 오전 10:25:31] TETBL5391 실행
[2022-12-13 오전 10:25:34] 업데이트 중...
[2022-12-13 오전 10:26:25] 업데이트 완료
[2022-12-13 오전 10:26:25] TETBL5392 실행
[2022-12-13 오전 10:26:28] 업데이트 중...
[2022-12-13 오전 10:26:30] 업데이트 완료
[2022-12-13 오전 10:26:31] TETBL5393 실행
[2022-12-13 오전 10:26:33] 업데이트 중...
[2022-12-13 오전 10:26:37] 업데이트 완료
[2022-12-13 오전 10:26:37] TETBL5394 실행
[2022-12-13 오전 10:26:40] 업데이트 중...
[2022-12-13 오전 10:33:23] 업데이트 완료
[2022-12-13 오전 10:33:23] TETBL5395 실행
[2022-12-13 오전 10:33:26] 업데이트 중...
[2022-12-13 오전 10:35:47] 업데이트 완료
[2022-12-13 오전 10:35:48] TETBL5396 실행
[2022-12-13 오전 10:35:50] 업데이트 중...
[2022-12-13 오전 10:35:54] 업데이트 완료
[2022-12-13 오전 10:35:54] TETBL5397 실행
[2022-12-13 오전 10:35:56] 업데이트 중...
[2022-12-13 오전 10:36:38] 업데이트 완료
[2022-12-13 오전 10:36:38] TETBL5398 실행
[2022-12-13 오전 10:36:41] 업데이트 중...
[2022-12-13 오전 10:37:37] 업데이트 완료
[2022-12-13 오전 10:37:37] TETBL5399 실행
[2022-12-13 오전 10:37:39] 업데이트 중...
[2022-12-13 오전 10:37:58] 업데이트 완료
[2022-12-13 오전 10:37:58] TETBL5400 실행
[2022-12-13 오전 10:38:00] 업데이트 중...
[2022-12-13 오전 10:38:04] 업데이트 완료
[2022-12-13 오전 10:38:04] 종료 3초전
[2022-12-13 오전 10:38:05] 종료 2초전
[2022-12-13 오전 10:38:06] 종료 1초전
[2022-12-13 오전 10:38:07] 종료 완료
[2022-12-13 오전 10:38:14] AutoUpdate 버튼 Click
[2022-12-13 오전 10:38:14] DB 확인 중
[2022-12-13 오전 10:38:15] 서울안과DB 실행
[2022-12-13 오전 10:38:30] 서울안과DB와 연결이 되었습니다.
[2022-12-13 오전 10:38:32] TETBL12 실행
[2022-12-13 오전 10:38:32] 지정된 TETBL파일을 찾을 수 없습니다.
[2022-12-13 오전 10:38:32] 자동 업데이트를 종료합니다.
[2022-12-13 오전 10:44:59] 프로그램을 시작합니다.
[2022-12-13 오전 10:44:59] 시작
[2022-12-13 오전 10:44:59] 시작
[2022-12-13 오전 10:44:59] 이미지 불러오기 완료
[2022-12-13 오전 10:44:59] 환경설정을 불러 오는 중...
[2022-12-13 오전 10:44:59] 투명도 : 100%
[2022-12-13 오전 10:44:59] 환경설정을 불러 왔습니다.
[2022-12-13 오전 10:44:59] 준비완료
[2022-12-13 오전 10:50:11] 프로그램을 시작합니다.
[2022-12-13 오전 10:50:11] 시작
[2022-12-13 오전 10:50:12] 시작
[2022-12-13 오전 10:50:12] 이미지 불러오기 완료
[2022-12-13 오전 10:50:12] 환경설정을 불러 오는 중...
[2022-12-13 오전 10:50:12] 투명도 : 100%
[2022-12-13 오전 10:50:12] 환경설정을 불러 왔습니다.
[2022-12-13 오전 10:50:12] 준비완료
[2022-12-13 오전 10:50:22] AutoUpdate 버튼 Click
[2022-12-13 오전 10:50:22] DB 확인 중
[2022-12-13 오전 10:50:23] 서울안과DB 실행
[2022-12-13 오전 10:50:38] 서울안과DB와 연결이 되었습니다.
[2022-12-13 오전 10:50:40] 종료 3초전
[2022-12-13 오전 10:50:41] 종료 2초전
[2022-12-13 오전 10:50:42] 종료 1초전
[2022-12-13 오전 10:50:43] 종료 완료
[2022-12-13 오전 10:52:18] 프로그램을 시작합니다.
[2022-12-13 오전 10:52:18] 시작
[2022-12-13 오전 10:52:18] 시작
[2022-12-13 오전 10:52:18] 이미지 불러오기 완료
[2022-12-13 오전 10:52:18] 환경설정을 불러 오는 중...
[2022-12-13 오전 10:52:19] 투명도 : 100%
[2022-12-13 오전 10:52:19] 환경설정을 불러 왔습니다.
[2022-12-13 오전 10:52:19] 준비완료
[2022-12-13 오전 10:52:20] AutoUpdate 버튼 Click
[2022-12-13 오전 10:52:20] DB 확인 중
[2022-12-13 오전 10:52:22] 서울안과DB 실행
[2022-12-13 오전 10:52:36] 서울안과DB와 연결이 되었습니다.
[2022-12-13 오전 10:52:38] 이미 업데이트가 되었습니다.
[2022-12-13 오전 10:52:39] 종료 3초전
[2022-12-13 오전 10:52:40] 종료 2초전
[2022-12-13 오전 10:52:41] 종료 1초전
[2022-12-13 오전 10:52:42] 종료 완료
[2022-12-13 오전 10:53:04] 최소 TETBL5306를 선택하셨습니다.
[2022-12-13 오전 10:53:09] 최대 TETBL5390를 선택하셨습니다.
[2022-12-13 오전 10:53:40] AutoUpdate 버튼 Click
[2022-12-13 오전 10:53:40] DB 확인 중
[2022-12-13 오전 10:53:41] 보리수의원2014DB 실행
[2022-12-13 오전 10:53:53] 보리수의원2014DB와 연결이 되었습니다.
[2022-12-13 오전 10:53:55] TETBL5390 실행
[2022-12-13 오전 10:53:57] 업데이트 중...
[2022-12-13 오전 10:54:02] 업데이트 완료
[2022-12-13 오전 10:54:02] 종료 3초전
[2022-12-13 오전 10:54:03] 종료 2초전
[2022-12-13 오전 10:54:04] 종료 1초전
[2022-12-13 오전 10:54:05] 종료 완료
[2022-12-13 오전 10:55:10] 프로그램을 시작합니다.
[2022-12-13 오전 10:55:10] 시작
[2022-12-13 오전 10:55:10] 시작
[2022-12-13 오전 10:55:10] 이미지 불러오기 완료
[2022-12-13 오전 10:55:10] 환경설정을 불러 오는 중...
[2022-12-13 오전 10:55:11] 투명도 : 100%
[2022-12-13 오전 10:55:11] 환경설정을 불러 왔습니다.
[2022-12-13 오전 10:55:11] 준비완료
[2022-12-13 오전 10:56:13] 프로그램을 시작합니다.
[2022-12-13 오전 10:56:13] 시작
[2022-12-13 오전 10:56:13] 시작
[2022-12-13 오전 10:56:13] 이미지 불러오기 완료
[2022-12-13 오전 10:56:13] 환경설정을 불러 오는 중...
[2022-12-13 오전 10:56:14] 투명도 : 100%
[2022-12-13 오전 10:56:14] 환경설정을 불러 왔습니다.
[2022-12-13 오전 10:56:14] 준비완료
[2022-12-13 오전 10:56:16] 저장
[2022-12-13 오전 10:56:17] 종료
[2022-12-13 오전 10:56:27] 프로그램을 시작합니다.
[2022-12-13 오전 10:56:27] 시작
[2022-12-13 오전 10:56:27] 시작
[2022-12-13 오전 10:56:27] 이미지 불러오기 완료
[2022-12-13 오전 10:56:28] 환경설정을 불러 오는 중...
[2022-12-13 오전 10:56:28] 투명도 : 100%
[2022-12-13 오전 10:56:28] 환경설정을 불러 왔습니다.
[2022-12-13 오전 10:56:28] 준비완료
[2022-12-13 오전 10:56:38] 최대 TETBL5400를 선택하셨습니다.
[2022-12-13 오전 10:56:51] 환경설정2를 불러오는 중...
[2022-12-13 오전 10:56:51] 환경설정2를 불러왔습니다.
[2022-12-13 오전 10:56:53] 저장하기
[2022-12-13 오전 10:56:57] 환경설정2를 불러오는 중...
[2022-12-13 오전 10:56:57] 환경설정2를 불러왔습니다.
[2022-12-13 오전 10:57:48] 저장하기
[2022-12-13 오전 10:57:49] 저장
[2022-12-13 오전 10:57:49] 종료
[2022-12-13 오전 11:39:33] 프로그램을 시작합니다.
[2022-12-13 오전 11:39:33] 시작
[2022-12-13 오전 11:39:33] 시작
[2022-12-13 오전 11:39:33] 이미지 불러오기 완료
[2022-12-13 오전 11:39:33] 환경설정을 불러 오는 중...
[2022-12-13 오전 11:39:33] 투명도 : 100%
[2022-12-13 오전 11:39:33] 환경설정을 불러 왔습니다.
[2022-12-13 오전 11:39:33] 준비완료
[2022-12-13 오전 11:39:36] 저장
[2022-12-13 오전 11:39:36] 종료
[2022-12-13 오전 11:40:10] 프로그램을 시작합니다.
[2022-12-13 오전 11:40:10] 시작
[2022-12-13 오전 11:40:10] 시작
[2022-12-13 오전 11:40:10] 이미지 불러오기 완료
[2022-12-13 오전 11:40:11] 환경설정을 불러 오는 중...
[2022-12-13 오전 11:40:11] 투명도 : 100%
[2022-12-13 오전 11:40:11] 환경설정을 불러 왔습니다.
[2022-12-13 오전 11:40:11] 준비완료
[2022-12-13 오전 11:41:43] 프로그램을 시작합니다.
[2022-12-13 오전 11:41:43] 시작
[2022-12-13 오전 11:41:43] 시작
[2022-12-13 오전 11:41:43] 이미지 불러오기 완료
[2022-12-13 오전 11:41:43] 환경설정을 불러 오는 중...
[2022-12-13 오전 11:41:43] 투명도 : 100%
[2022-12-13 오전 11:41:43] 환경설정을 불러 왔습니다.
[2022-12-13 오전 11:41:44] 준비완료
[2022-12-13 오전 11:47:23] 프로그램을 시작합니다.
[2022-12-13 오전 11:47:23] 시작
[2022-12-13 오전 11:47:23] 시작
[2022-12-13 오전 11:47:23] 이미지 불러오기 완료
[2022-12-13 오전 11:47:23] 환경설정을 불러 오는 중...
[2022-12-13 오전 11:47:24] 투명도 : 100%
[2022-12-13 오전 11:47:24] 환경설정을 불러 왔습니다.
[2022-12-13 오전 11:47:24] 준비완료
[2022-12-13 오전 11:47:29] AutoUpdate 버튼 Click
[2022-12-13 오전 11:47:29] DB 확인 중
[2022-12-13 오전 11:47:30] 서울안과DB 실행
[2022-12-13 오전 11:47:45] 서울안과DB와 연결이 되었습니다.
[2022-12-13 오전 11:47:47] 이미 업데이트가 되었습니다.
[2022-12-13 오전 11:47:47] 종료 3초전
[2022-12-13 오전 11:47:48] 종료 2초전
[2022-12-13 오전 11:47:49] 종료 1초전
[2022-12-13 오전 11:47:50] 종료 완료
[2022-12-13 오전 11:50:24] 프로그램을 시작합니다.
[2022-12-13 오전 11:50:24] 시작
[2022-12-13 오전 11:50:24] 시작
[2022-12-13 오전 11:50:24] 이미지 불러오기 완료
[2022-12-13 오전 11:50:24] 환경설정을 불러 오는 중...
[2022-12-13 오전 11:50:24] 투명도 : 100%
[2022-12-13 오전 11:50:25] 환경설정을 불러 왔습니다.
[2022-12-13 오전 11:50:25] 준비완료
[2022-12-13 오후 01:03:39] 프로그램을 시작합니다.
[2022-12-13 오후 01:03:39] 시작
[2022-12-13 오후 01:03:40] 시작
[2022-12-13 오후 01:03:40] 이미지 불러오기 완료
[2022-12-13 오후 01:03:40] 환경설정을 불러 오는 중...
[2022-12-13 오후 01:03:40] 투명도 : 100%
[2022-12-13 오후 01:03:40] 환경설정을 불러 왔습니다.
[2022-12-13 오후 01:03:40] 준비완료
[2022-12-13 오후 01:03:50] 최대 TETBL5389를 선택하셨습니다.
[2022-12-13 오후 01:03:52] 최대 TETBL5390를 선택하셨습니다.
[2022-12-13 오후 01:04:04] 저장
[2022-12-13 오후 01:04:05] 종료
[2022-12-13 오후 01:04:44] 프로그램을 시작합니다.
[2022-12-13 오후 01:04:44] 시작
[2022-12-13 오후 01:04:44] 시작
[2022-12-13 오후 01:04:44] 이미지 불러오기 완료
[2022-12-13 오후 01:04:44] 환경설정을 불러 오는 중...
[2022-12-13 오후 01:04:45] 투명도 : 100%
[2022-12-13 오후 01:04:45] 환경설정을 불러 왔습니다.
[2022-12-13 오후 01:04:45] 준비완료
[2022-12-13 오후 01:06:34] 프로그램을 시작합니다.
[2022-12-13 오후 01:06:34] 시작
[2022-12-13 오후 01:06:34] 시작
[2022-12-13 오후 01:06:34] 이미지 불러오기 완료
[2022-12-13 오후 01:06:34] 환경설정을 불러 오는 중...
[2022-12-13 오후 01:06:35] 투명도 : 100%
[2022-12-13 오후 01:06:35] 환경설정을 불러 왔습니다.
[2022-12-13 오후 01:06:35] 준비완료
[2022-12-13 오후 01:06:42] 최소 TETBL5307를 선택하셨습니다.
[2022-12-13 오후 01:06:44] 최소 TETBL5307를 선택하셨습니다.
[2022-12-13 오후 01:06:46] 최소 TETBL5306를 선택하셨습니다.
[2022-12-13 오후 01:06:47] 환경설정2를 불러오는 중...
[2022-12-13 오후 01:06:47] 환경설정2를 불러왔습니다.
[2022-12-13 오후 01:06:50] 저장 버튼 Click
[2022-12-13 오후 01:06:51] 저장하기
[2022-12-13 오후 01:06:53] 최소 TETBL5305를 선택하셨습니다.
[2022-12-13 오후 01:07:00] 최대 TETBL5373를 선택하셨습니다.
[2022-12-13 오후 01:07:03] 최대 TETBL5400를 선택하셨습니다.
[2022-12-13 오후 01:07:04] 저장
[2022-12-13 오후 01:07:04] 종료
[2022-12-13 오후 01:07:07] 프로그램을 시작합니다.
[2022-12-13 오후 01:07:07] 시작
[2022-12-13 오후 01:07:07] 시작
[2022-12-13 오후 01:07:07] 이미지 불러오기 완료
[2022-12-13 오후 01:07:07] 환경설정을 불러 오는 중...
[2022-12-13 오후 01:07:07] 투명도 : 100%
[2022-12-13 오후 01:07:08] 환경설정을 불러 왔습니다.
[2022-12-13 오후 01:07:08] 준비완료
[2022-12-13 오후 01:08:00] 프로그램을 시작합니다.
[2022-12-13 오후 01:08:00] 시작
[2022-12-13 오후 01:08:00] 시작
[2022-12-13 오후 01:08:00] 이미지 불러오기 완료
[2022-12-13 오후 01:08:00] 환경설정을 불러 오는 중...
[2022-12-13 오후 01:08:00] 투명도 : 100%
[2022-12-13 오후 01:08:00] 환경설정을 불러 왔습니다.
[2022-12-13 오후 01:08:01] 준비완료
[2022-12-13 오후 01:09:05] 프로그램을 시작합니다.
[2022-12-13 오후 01:09:05] 시작
[2022-12-13 오후 01:09:05] 시작
[2022-12-13 오후 01:09:05] 이미지 불러오기 완료
[2022-12-13 오후 01:09:05] 환경설정을 불러 오는 중...
[2022-12-13 오후 01:09:05] 투명도 : 100%
[2022-12-13 오후 01:09:06] 환경설정을 불러 왔습니다.
[2022-12-13 오후 01:09:06] 준비완료
[2022-12-13 오후 01:09:20] 최대 TETBL5399를 선택하셨습니다.
[2022-12-13 오후 01:09:24] 최대 TETBL5400를 선택하셨습니다.
[2022-12-13 오후 01:09:29] 저장
[2022-12-13 오후 01:09:29] 종료
[2022-12-13 오후 01:09:52] 프로그램을 시작합니다.
[2022-12-13 오후 01:09:53] 시작
[2022-12-13 오후 01:09:53] 시작
[2022-12-13 오후 01:09:53] 이미지 불러오기 완료
[2022-12-13 오후 01:09:53] 환경설정을 불러 오는 중...
[2022-12-13 오후 01:09:53] 투명도 : 100%
[2022-12-13 오후 01:09:53] 환경설정을 불러 왔습니다.
[2022-12-13 오후 01:09:53] 준비완료
[2022-12-13 오후 01:10:08] 최대 TETBL5307를 선택하셨습니다.
[2022-12-13 오후 01:10:14] 최대 TETBL5400를 선택하셨습니다.
[2022-12-13 오후 01:10:28] 저장
[2022-12-13 오후 01:10:28] 종료
[2022-12-13 오후 01:17:07] 프로그램을 시작합니다.
[2022-12-13 오후 01:17:07] 시작
[2022-12-13 오후 01:17:07] 시작
[2022-12-13 오후 01:17:07] 이미지 불러오기 완료
[2022-12-13 오후 01:17:07] 환경설정을 불러 오는 중...
[2022-12-13 오후 01:17:07] 투명도 : 100%
[2022-12-13 오후 01:17:08] 환경설정을 불러 왔습니다.
[2022-12-13 오후 01:17:08] 준비완료
[2022-12-13 오후 01:17:27] 프로그램을 시작합니다.
[2022-12-13 오후 01:17:27] 시작
[2022-12-13 오후 01:17:27] 시작
[2022-12-13 오후 01:17:27] 이미지 불러오기 완료
[2022-12-13 오후 01:17:27] 환경설정을 불러 오는 중...
[2022-12-13 오후 01:17:27] 투명도 : 100%
[2022-12-13 오후 01:17:28] 환경설정을 불러 왔습니다.
[2022-12-13 오후 01:17:28] 준비완료
[2022-12-13 오후 01:19:11] 프로그램을 시작합니다.
[2022-12-13 오후 01:19:11] 시작
[2022-12-13 오후 01:19:11] 시작
[2022-12-13 오후 01:19:11] 이미지 불러오기 완료
[2022-12-13 오후 01:19:11] 환경설정을 불러 오는 중...
[2022-12-13 오후 01:19:11] 투명도 : 100%
[2022-12-13 오후 01:19:12] 환경설정을 불러 왔습니다.
[2022-12-13 오후 01:19:12] 준비완료
[2022-12-13 오후 01:20:28] AutoUpdate 버튼 Click
[2022-12-13 오후 01:20:29] DB 확인 중
[2022-12-13 오후 01:20:30] 서울안과DB 실행
[2022-12-13 오후 01:20:44] 서울안과DB와 연결이 되었습니다.
[2022-12-13 오후 01:20:47] 이미 업데이트가 되었습니다.
[2022-12-13 오후 01:20:47] 종료 3초전
[2022-12-13 오후 01:20:48] 종료 2초전
[2022-12-13 오후 01:20:49] 종료 1초전
[2022-12-13 오후 01:20:50] 종료 완료
[2022-12-13 오후 01:37:24] AutoUpdate 버튼 Click
[2022-12-13 오후 01:37:24] DB 확인 중
[2022-12-13 오후 01:37:25] 보리수의원2014DB 실행
[2022-12-13 오후 01:37:37] 보리수의원2014DB와 연결이 되었습니다.
[2022-12-13 오후 01:37:39] TETBL5391 실행
[2022-12-13 오후 01:37:43] 이미 업데이트 되었음.
[2022-12-13 오후 01:37:43] TETBL5392 실행
[2022-12-13 오후 01:37:45] 이미 업데이트 되었음.
[2022-12-13 오후 01:37:46] TETBL5393 실행
[2022-12-13 오후 01:37:48] 이미 업데이트 되었음.
[2022-12-13 오후 01:37:48] TETBL5394 실행
[2022-12-13 오후 01:37:50] 이미 업데이트 되었음.
[2022-12-13 오후 01:37:50] TETBL5395 실행
[2022-12-13 오후 01:37:53] 업데이트 중...
[2022-12-13 오후 01:38:27] 윈도우 최상위로
[2022-12-13 오후 01:38:28] 윈도우 최상위 취소
[2022-12-13 오후 01:40:13] 업데이트 완료
[2022-12-13 오후 01:40:13] TETBL5396 실행
[2022-12-13 오후 01:40:15] 업데이트 중...
[2022-12-13 오후 01:40:19] 업데이트 완료
[2022-12-13 오후 01:40:19] TETBL5397 실행
[2022-12-13 오후 01:40:22] 업데이트 중...
[2022-12-13 오후 01:41:03] 업데이트 완료
[2022-12-13 오후 01:41:03] TETBL5398 실행
[2022-12-13 오후 01:41:06] 업데이트 중...
[2022-12-13 오후 01:42:00] 업데이트 완료
[2022-12-13 오후 01:42:00] TETBL5399 실행
[2022-12-13 오후 01:42:02] 업데이트 중...
[2022-12-13 오후 01:42:19] 업데이트 완료
[2022-12-13 오후 01:42:19] TETBL5400 실행
[2022-12-13 오후 01:42:21] 업데이트 중...
[2022-12-13 오후 01:42:24] 업데이트 완료
[2022-12-13 오후 01:42:25] 종료 3초전
[2022-12-13 오후 01:42:26] 종료 2초전
[2022-12-13 오후 01:42:27] 종료 1초전
[2022-12-13 오후 01:42:28] 종료 완료
[2022-12-13 오후 01:43:38] AutoUpdate 버튼 Click
[2022-12-13 오후 01:43:39] DB 확인 중
[2022-12-13 오후 01:43:40] 보리수의원2014DB 실행
[2022-12-13 오후 01:43:52] 보리수의원2014DB와 연결이 되었습니다.
[2022-12-13 오후 01:43:54] 이미 업데이트가 되었습니다.
[2022-12-13 오후 01:43:54] 종료 3초전
[2022-12-13 오후 01:43:55] 종료 2초전
[2022-12-13 오후 01:43:56] 종료 1초전
[2022-12-13 오후 01:43:57] 종료 완료
[2022-12-13 오후 01:49:47] AutoUpdate 버튼 Click
[2022-12-13 오후 01:49:47] DB 확인 중
[2022-12-13 오후 01:49:48] 중앙진단방사선과DB 실행
[2022-12-13 오후 01:50:02] 중앙진단방사선과DB와 연결이 되었습니다.
[2022-12-13 오후 01:50:04] TETBL5390 실행
[2022-12-13 오후 01:50:06] 업데이트 중...
[2022-12-13 오후 01:50:13] 업데이트 완료
[2022-12-13 오후 01:50:13] TETBL5391 실행
[2022-12-13 오후 01:50:15] 업데이트 중...
[2022-12-13 오후 01:51:00] 업데이트 완료
[2022-12-13 오후 01:51:00] TETBL5392 실행
[2022-12-13 오후 01:51:02] 업데이트 중...
[2022-12-13 오후 01:51:06] 업데이트 완료
[2022-12-13 오후 01:51:06] TETBL5393 실행
[2022-12-13 오후 01:51:08] 업데이트 중...
[2022-12-13 오후 01:51:12] 업데이트 완료
[2022-12-13 오후 01:51:12] TETBL5394 실행
[2022-12-13 오후 01:51:14] 업데이트 중...
[2022-12-13 오후 01:57:52] 업데이트 완료
[2022-12-13 오후 01:57:53] TETBL5395 실행
[2022-12-13 오후 01:57:55] 업데이트 중...
[2022-12-13 오후 02:00:26] 업데이트 완료
[2022-12-13 오후 02:00:26] TETBL5396 실행
[2022-12-13 오후 02:00:28] 업데이트 중...
[2022-12-13 오후 02:00:32] 업데이트 완료
[2022-12-13 오후 02:00:32] TETBL5397 실행
[2022-12-13 오후 02:00:34] 업데이트 중...
[2022-12-13 오후 02:01:15] 업데이트 완료
[2022-12-13 오후 02:01:15] TETBL5398 실행
[2022-12-13 오후 02:01:18] 업데이트 중...
[2022-12-13 오후 02:02:18] 업데이트 완료
[2022-12-13 오후 02:02:18] TETBL5399 실행
[2022-12-13 오후 02:02:20] 업데이트 중...
[2022-12-13 오후 02:02:38] 업데이트 완료
[2022-12-13 오후 02:02:38] TETBL5400 실행
[2022-12-13 오후 02:02:40] 업데이트 중...
[2022-12-13 오후 02:02:43] 업데이트 완료
[2022-12-13 오후 02:02:43] 종료 3초전
[2022-12-13 오후 02:02:45] 종료 2초전
[2022-12-13 오후 02:02:46] 종료 1초전
[2022-12-13 오후 02:02:47] 종료 완료
[2022-12-13 오후 02:10:15] 저장
[2022-12-13 오후 02:10:15] 종료
[2022-12-13 오후 03:33:54] 프로그램을 시작합니다.
[2022-12-13 오후 03:33:54] 시작
[2022-12-13 오후 03:33:54] 시작
[2022-12-13 오후 03:33:54] 이미지 불러오기 완료
[2022-12-13 오후 03:33:54] 환경설정을 불러 오는 중...
[2022-12-13 오후 03:33:54] 투명도 : 100%
[2022-12-13 오후 03:33:54] 환경설정을 불러 왔습니다.
[2022-12-13 오후 03:33:55] 준비완료
[2022-12-13 오후 03:33:57] 저장
[2022-12-13 오후 03:33:57] 종료
