[2022-09-23 오전 09:21:37] 프로그램을 시작합니다.
[2022-09-23 오전 09:21:38] 시작
[2022-09-23 오전 09:23:28] 프로그램을 시작합니다.
[2022-09-23 오전 09:23:29] 시작
[2022-09-23 오전 09:23:29] 시작
[2022-09-23 오전 09:23:29] 이미지 불러오기 완료
[2022-09-23 오전 09:23:29] 환경설정을 불러오는 중...
[2022-09-23 오전 09:23:29] 투명도 : 82%
[2022-09-23 오전 09:23:29] 환경설정을 불러왔습니다.
[2022-09-23 오전 09:23:30] 준비완료
[2022-09-23 오전 09:26:39] 프로그램을 시작합니다.
[2022-09-23 오전 09:26:40] 시작
[2022-09-23 오전 09:26:40] 시작
[2022-09-23 오전 09:26:40] 이미지 불러오기 완료
[2022-09-23 오전 09:45:58] 프로그램을 시작합니다.
[2022-09-23 오전 09:45:59] 시작
[2022-09-23 오전 09:45:59] 시작
[2022-09-23 오전 09:46:00] 이미지 불러오기 완료
[2022-09-23 오전 09:46:00] 환경설정을 불러오는 중...
[2022-09-23 오전 09:46:00] 투명도 : 82%
[2022-09-23 오전 09:46:00] 환경설정을 불러왔습니다.
[2022-09-23 오전 09:46:00] 준비완료
[2022-09-23 오전 09:50:23] 프로그램을 시작합니다.
[2022-09-23 오전 09:50:24] 시작
[2022-09-23 오전 09:50:24] 시작
[2022-09-23 오전 09:50:24] 이미지 불러오기 완료
[2022-09-23 오전 09:50:24] 환경설정을 불러오는 중...
[2022-09-23 오전 09:50:24] 투명도 : 82%
[2022-09-23 오전 09:50:24] 환경설정을 불러왔습니다.
[2022-09-23 오전 09:50:25] 준비완료
[2022-09-23 오전 09:51:48] 프로그램을 시작합니다.
[2022-09-23 오전 09:51:48] 시작
[2022-09-23 오전 09:51:49] 시작
[2022-09-23 오전 09:51:49] 이미지 불러오기 완료
[2022-09-23 오전 09:51:49] 환경설정을 불러오는 중...
[2022-09-23 오전 09:51:49] 투명도 : 82%
[2022-09-23 오전 09:51:49] 환경설정을 불러왔습니다.
[2022-09-23 오전 09:51:49] 준비완료
[2022-09-23 오전 09:55:28] 프로그램을 시작합니다.
[2022-09-23 오전 09:55:29] 시작
[2022-09-23 오전 09:55:29] 시작
[2022-09-23 오전 09:55:29] 이미지 불러오기 완료
[2022-09-23 오전 09:55:29] 환경설정을 불러오는 중...
[2022-09-23 오전 09:55:29] 투명도 : 82%
[2022-09-23 오전 09:55:29] 환경설정을 불러왔습니다.
[2022-09-23 오전 09:55:30] 준비완료
[2022-09-23 오전 10:02:59] 프로그램을 시작합니다.
[2022-09-23 오전 10:02:59] 시작
[2022-09-23 오전 10:02:59] 시작
[2022-09-23 오전 10:03:00] 이미지 불러오기 완료
[2022-09-23 오전 10:03:00] 환경설정을 불러오는 중...
[2022-09-23 오전 10:03:00] 투명도 : 82%
[2022-09-23 오전 10:03:00] 환경설정을 불러왔습니다.
[2022-09-23 오전 10:03:00] 준비완료
[2022-09-23 오전 10:16:35] 프로그램을 시작합니다.
[2022-09-23 오전 10:16:36] 시작
[2022-09-23 오전 10:16:36] 시작
[2022-09-23 오전 10:16:36] 이미지 불러오기 완료
[2022-09-23 오전 10:16:36] 환경설정을 불러오는 중...
[2022-09-23 오전 10:16:36] 투명도 : 82%
[2022-09-23 오전 10:16:53] 환경설정을 불러왔습니다.
[2022-09-23 오전 10:16:53] 준비완료
[2022-09-23 오전 10:16:56] 저장
[2022-09-23 오전 10:16:57] 종료
[2022-09-23 오전 10:17:42] 프로그램을 시작합니다.
[2022-09-23 오전 10:17:43] 시작
[2022-09-23 오전 10:17:43] 시작
[2022-09-23 오전 10:17:54] 이미지 불러오기 완료
[2022-09-23 오전 10:17:54] 환경설정을 불러오는 중...
[2022-09-23 오전 10:17:54] 투명도 : 82%
[2022-09-23 오전 10:17:54] 환경설정을 불러왔습니다.
[2022-09-23 오전 10:17:54] 준비완료
[2022-09-23 오전 10:25:22] 프로그램을 시작합니다.
[2022-09-23 오전 10:25:22] 시작
[2022-09-23 오전 10:25:22] 시작
[2022-09-23 오전 10:25:23] 이미지 불러오기 완료
[2022-09-23 오전 10:25:23] 환경설정을 불러오는 중...
[2022-09-23 오전 10:25:23] 투명도 : 82%
[2022-09-23 오전 10:26:42] 프로그램을 시작합니다.
[2022-09-23 오전 10:26:43] 시작
[2022-09-23 오전 10:26:43] 시작
[2022-09-23 오전 10:30:26] 프로그램을 시작합니다.
[2022-09-23 오전 10:30:27] 시작
[2022-09-23 오전 10:30:27] 시작
[2022-09-23 오전 10:30:27] 이미지 불러오기 완료
[2022-09-23 오전 10:30:28] 환경설정을 불러오는 중...
[2022-09-23 오전 10:36:31] 프로그램을 시작합니다.
[2022-09-23 오전 10:36:32] 시작
[2022-09-23 오전 11:47:23] 프로그램을 시작합니다.
[2022-09-23 오전 11:47:24] 시작
[2022-09-23 오후 01:05:10] 프로그램을 시작합니다.
[2022-09-23 오후 01:05:10] 시작
[2022-09-23 오후 01:05:10] 시작
[2022-09-23 오후 01:05:11] 이미지 불러오기 완료
[2022-09-23 오후 01:05:11] 환경설정을 불러오는 중...
[2022-09-23 오후 01:05:11] 투명도 : 82%
[2022-09-23 오후 01:05:11] 환경설정을 불러왔습니다.
[2022-09-23 오후 01:05:11] 준비완료
[2022-09-23 오후 01:05:17] 프로그램을 시작합니다.
[2022-09-23 오후 01:05:18] 시작
[2022-09-23 오후 01:05:18] 시작
[2022-09-23 오후 01:05:18] 이미지 불러오기 완료
[2022-09-23 오후 01:05:18] 환경설정을 불러오는 중...
[2022-09-23 오후 01:05:18] 투명도 : 82%
[2022-09-23 오후 01:05:19] 환경설정을 불러왔습니다.
[2022-09-23 오후 01:05:19] 준비완료
[2022-09-23 오후 01:05:22] 프로그램을 시작합니다.
[2022-09-23 오후 01:05:23] 시작
[2022-09-23 오후 01:09:01] 프로그램을 시작합니다.
[2022-09-23 오후 01:09:02] 시작
[2022-09-23 오후 01:09:02] 시작
[2022-09-23 오후 01:09:02] 이미지 불러오기 완료
[2022-09-23 오후 01:09:02] 환경설정을 불러오는 중...
[2022-09-23 오후 01:09:31] 투명도 : 82%
[2022-09-23 오후 01:09:31] 환경설정을 불러왔습니다.
[2022-09-23 오후 01:09:31] 준비완료
[2022-09-23 오후 01:11:01] 프로그램을 시작합니다.
[2022-09-23 오후 01:11:01] 시작
[2022-09-23 오후 01:11:02] 시작
[2022-09-23 오후 01:11:02] 이미지 불러오기 완료
[2022-09-23 오후 01:11:02] 환경설정을 불러오는 중...
[2022-09-23 오후 01:11:02] 투명도 : 82%
[2022-09-23 오후 01:11:03] 환경설정을 불러왔습니다.
[2022-09-23 오후 01:11:03] 준비완료
[2022-09-23 오후 01:11:47] 프로그램을 시작합니다.
[2022-09-23 오후 01:11:48] 시작
[2022-09-23 오후 01:11:49] 시작
[2022-09-23 오후 01:11:49] 이미지 불러오기 완료
[2022-09-23 오후 01:11:49] 환경설정을 불러오는 중...
[2022-09-23 오후 01:11:49] 투명도 : 82%
[2022-09-23 오후 01:11:49] 환경설정을 불러왔습니다.
[2022-09-23 오후 01:11:49] 준비완료
[2022-09-23 오후 01:13:41] 프로그램을 시작합니다.
[2022-09-23 오후 01:13:41] 시작
[2022-09-23 오후 01:13:42] 시작
[2022-09-23 오후 01:13:42] 이미지 불러오기 완료
[2022-09-23 오후 01:13:42] 환경설정을 불러오는 중...
[2022-09-23 오후 01:13:42] 투명도 : 82%
[2022-09-23 오후 01:13:42] 환경설정을 불러왔습니다.
[2022-09-23 오후 01:13:43] 준비완료
[2022-09-23 오후 01:14:06] 프로그램을 시작합니다.
[2022-09-23 오후 01:14:07] 시작
[2022-09-23 오후 01:14:07] 시작
[2022-09-23 오후 01:14:07] 이미지 불러오기 완료
[2022-09-23 오후 01:14:07] 환경설정을 불러오는 중...
[2022-09-23 오후 01:14:19] 프로그램을 시작합니다.
[2022-09-23 오후 01:14:19] 시작
[2022-09-23 오후 01:14:20] 시작
[2022-09-23 오후 01:14:20] 이미지 불러오기 완료
[2022-09-23 오후 01:14:20] 환경설정을 불러오는 중...
[2022-09-23 오후 01:14:38] 프로그램을 시작합니다.
[2022-09-23 오후 01:14:38] 시작
[2022-09-23 오후 01:14:38] 시작
[2022-09-23 오후 01:14:39] 이미지 불러오기 완료
[2022-09-23 오후 01:14:39] 환경설정을 불러오는 중...
[2022-09-23 오후 01:14:39] 투명도 : 82%
[2022-09-23 오후 01:14:39] 환경설정을 불러왔습니다.
[2022-09-23 오후 01:14:39] 준비완료
[2022-09-23 오후 01:27:19] 프로그램을 시작합니다.
[2022-09-23 오후 01:27:19] 시작
[2022-09-23 오후 01:27:20] 시작
[2022-09-23 오후 01:27:20] 이미지 불러오기 완료
[2022-09-23 오후 01:27:20] 환경설정을 불러오는 중...
[2022-09-23 오후 01:27:20] 투명도 : 82%
[2022-09-23 오후 01:27:20] 환경설정을 불러왔습니다.
[2022-09-23 오후 01:27:20] 준비완료
[2022-09-23 오후 01:38:02] 프로그램을 시작합니다.
[2022-09-23 오후 01:38:02] 시작
[2022-09-23 오후 01:38:02] 시작
[2022-09-23 오후 01:38:03] 이미지 불러오기 완료
[2022-09-23 오후 01:38:03] 환경설정을 불러오는 중...
[2022-09-23 오후 01:38:03] 투명도 : 82%
[2022-09-23 오후 01:39:53] 프로그램을 시작합니다.
[2022-09-23 오후 01:39:54] 시작
[2022-09-23 오후 01:39:54] 시작
[2022-09-23 오후 01:39:54] 이미지 불러오기 완료
[2022-09-23 오후 01:39:54] 환경설정을 불러오는 중...
[2022-09-23 오후 01:39:54] 투명도 : 82%
[2022-09-23 오후 01:39:54] 환경설정을 불러왔습니다.
[2022-09-23 오후 01:39:55] 준비완료
[2022-09-23 오후 01:39:57] 의사랑 업데이트 폴더 선택
[2022-09-23 오후 01:41:23] 프로그램을 시작합니다.
[2022-09-23 오후 01:41:24] 시작
[2022-09-23 오후 01:41:24] 시작
[2022-09-23 오후 01:41:46] 이미지 불러오기 완료
[2022-09-23 오후 01:41:46] 환경설정을 불러오는 중...
[2022-09-23 오후 01:41:46] 투명도 : 82%
[2022-09-23 오후 01:41:46] 환경설정을 불러왔습니다.
[2022-09-23 오후 01:41:46] 준비완료
[2022-09-23 오후 01:43:24] 프로그램을 시작합니다.
[2022-09-23 오후 01:43:24] 시작
[2022-09-23 오후 01:43:25] 시작
[2022-09-23 오후 01:43:25] 이미지 불러오기 완료
[2022-09-23 오후 01:43:25] 환경설정을 불러오는 중...
[2022-09-23 오후 01:43:25] 투명도 : 82%
[2022-09-23 오후 01:43:25] 환경설정을 불러왔습니다.
[2022-09-23 오후 01:43:25] 준비완료
[2022-09-23 오후 01:43:27] 저장
[2022-09-23 오후 01:43:27] 종료
[2022-09-23 오후 01:44:36] 프로그램을 시작합니다.
[2022-09-23 오후 01:44:36] 시작
[2022-09-23 오후 01:44:37] 시작
[2022-09-23 오후 01:44:37] 이미지 불러오기 완료
[2022-09-23 오후 01:44:37] 환경설정을 불러오는 중...
[2022-09-23 오후 01:44:37] 투명도 : 82%
[2022-09-23 오후 01:44:37] 환경설정을 불러왔습니다.
[2022-09-23 오후 01:44:37] 준비완료
[2022-09-23 오후 01:44:55] 저장
[2022-09-23 오후 01:44:55] 종료
[2022-09-23 오후 05:27:38] 프로그램을 시작합니다.
[2022-09-23 오후 05:27:39] 시작
[2022-09-23 오후 05:27:39] 시작
[2022-09-23 오후 05:27:40] 이미지 불러오기 완료
[2022-09-23 오후 05:27:40] 환경설정을 불러오는 중...
[2022-09-23 오후 05:27:40] 투명도 : 82%
[2022-09-23 오후 05:28:50] 프로그램을 시작합니다.
[2022-09-23 오후 05:28:51] 시작
[2022-09-23 오후 05:28:51] 시작
[2022-09-23 오후 05:28:51] 이미지 불러오기 완료
[2022-09-23 오후 05:28:52] 환경설정을 불러오는 중...
[2022-09-23 오후 05:28:52] 투명도 : 82%
[2022-09-23 오후 05:30:38] 프로그램을 시작합니다.
[2022-09-23 오후 05:30:39] 시작
[2022-09-23 오후 05:30:39] 시작
[2022-09-23 오후 05:30:39] 이미지 불러오기 완료
[2022-09-23 오후 05:30:39] 환경설정을 불러오는 중...
[2022-09-23 오후 05:30:39] 투명도 : 82%
[2022-09-23 오후 05:30:40] 환경설정을 불러왔습니다.
[2022-09-23 오후 05:30:40] 준비완료
[2022-09-23 오후 05:30:55] 프로그램을 시작합니다.
[2022-09-23 오후 05:30:56] 시작
[2022-09-23 오후 05:30:56] 시작
[2022-09-23 오후 05:30:56] 이미지 불러오기 완료
[2022-09-23 오후 05:30:56] 환경설정을 불러오는 중...
[2022-09-23 오후 05:30:56] 투명도 : 82%
[2022-09-23 오후 05:30:56] 환경설정을 불러왔습니다.
[2022-09-23 오후 05:30:56] 준비완료
[2022-09-23 오후 05:31:12] 프로그램을 시작합니다.
[2022-09-23 오후 05:31:12] 시작
[2022-09-23 오후 05:31:13] 시작
[2022-09-23 오후 05:31:13] 이미지 불러오기 완료
[2022-09-23 오후 05:31:13] 환경설정을 불러오는 중...
[2022-09-23 오후 05:31:13] 투명도 : 82%
[2022-09-23 오후 05:31:13] 환경설정을 불러왔습니다.
[2022-09-23 오후 05:31:13] 준비완료
[2022-09-23 오후 05:32:07] 프로그램을 시작합니다.
[2022-09-23 오후 05:32:07] 시작
[2022-09-23 오후 05:32:07] 시작
[2022-09-23 오후 05:32:08] 이미지 불러오기 완료
[2022-09-23 오후 05:32:08] 환경설정을 불러오는 중...
[2022-09-23 오후 05:32:08] 투명도 : 82%
[2022-09-23 오후 05:32:36] 프로그램을 시작합니다.
[2022-09-23 오후 05:32:36] 시작
[2022-09-23 오후 05:32:36] 시작
[2022-09-23 오후 05:32:37] 이미지 불러오기 완료
[2022-09-23 오후 05:32:37] 환경설정을 불러오는 중...
[2022-09-23 오후 05:32:37] 투명도 : 82%
[2022-09-23 오후 05:33:22] 프로그램을 시작합니다.
[2022-09-23 오후 05:33:22] 시작
[2022-09-23 오후 05:33:23] 시작
[2022-09-23 오후 05:33:23] 이미지 불러오기 완료
[2022-09-23 오후 05:33:23] 환경설정을 불러오는 중...
[2022-09-23 오후 05:33:23] 투명도 : 82%
[2022-09-23 오후 05:34:56] 프로그램을 시작합니다.
[2022-09-23 오후 05:34:56] 시작
[2022-09-23 오후 05:34:57] 시작
[2022-09-23 오후 05:34:57] 이미지 불러오기 완료
[2022-09-23 오후 05:34:58] 의사랑 업데이트 폴더 선택
[2022-09-23 오후 05:37:41] 프로그램을 시작합니다.
[2022-09-23 오후 05:37:42] 시작
[2022-09-23 오후 05:37:43] button4 병의원 Database 선택
[2022-09-23 오후 05:37:58] 시작
[2022-09-23 오후 05:37:58] 이미지 불러오기 완료
[2022-09-23 오후 05:37:58] 환경설정을 불러오는 중...
[2022-09-23 오후 05:37:58] 투명도 : 82%
[2022-09-23 오후 05:37:58] 환경설정을 불러왔습니다.
[2022-09-23 오후 05:37:58] 준비완료
[2022-09-23 오후 05:37:59] 저장
[2022-09-23 오후 05:39:15] 프로그램을 시작합니다.
[2022-09-23 오후 05:39:15] 시작
[2022-09-23 오후 05:39:16] 시작
[2022-09-23 오후 05:39:16] 이미지 불러오기 완료
[2022-09-23 오후 05:39:16] 환경설정을 불러오는 중...
[2022-09-23 오후 05:39:16] 투명도 : 82%
[2022-09-23 오후 05:39:16] 환경설정을 불러왔습니다.
[2022-09-23 오후 05:39:16] 준비완료
[2022-09-23 오후 05:39:19] 의사랑 업데이트 폴더 선택
[2022-09-23 오후 05:39:32] 프로그램을 시작합니다.
[2022-09-23 오후 05:39:33] 시작
[2022-09-23 오후 05:39:33] 시작
[2022-09-23 오후 05:39:33] 이미지 불러오기 완료
[2022-09-23 오후 05:39:34] 환경설정을 불러오는 중...
[2022-09-23 오후 05:39:34] 투명도 : 82%
[2022-09-23 오후 05:40:34] 프로그램을 시작합니다.
[2022-09-23 오후 05:40:35] 시작
[2022-09-23 오후 05:40:35] 시작
[2022-09-23 오후 05:40:35] 이미지 불러오기 완료
[2022-09-23 오후 05:40:35] 환경설정을 불러오는 중...
[2022-09-23 오후 05:40:36] 투명도 : 82%
[2022-09-23 오후 05:42:58] 프로그램을 시작합니다.
[2022-09-23 오후 05:42:58] 시작
[2022-09-23 오후 05:42:59] 시작
[2022-09-23 오후 05:42:59] 이미지 불러오기 완료
[2022-09-23 오후 05:42:59] 환경설정을 불러오는 중...
[2022-09-23 오후 05:42:59] 투명도 : 100%
[2022-09-23 오후 05:51:51] 프로그램을 시작합니다.
[2022-09-23 오후 05:51:52] 시작
[2022-09-23 오후 05:51:52] 시작
[2022-09-23 오후 05:51:52] 이미지 불러오기 완료
[2022-09-23 오후 05:51:52] 환경설정을 불러오는 중...
[2022-09-23 오후 05:51:53] 투명도 : 100%
[2022-09-23 오후 05:52:06] 프로그램을 시작합니다.
[2022-09-23 오후 05:52:06] 시작
[2022-09-23 오후 05:52:07] 시작
[2022-09-23 오후 05:52:07] 이미지 불러오기 완료
[2022-09-23 오후 05:52:07] 환경설정을 불러오는 중...
[2022-09-23 오후 05:52:07] 투명도 : 100%
[2022-09-23 오후 05:53:25] 프로그램을 시작합니다.
[2022-09-23 오후 05:53:26] 시작
[2022-09-23 오후 05:53:26] 시작
[2022-09-23 오후 05:53:26] 이미지 불러오기 완료
[2022-09-23 오후 05:53:26] 환경설정을 불러오는 중...
[2022-09-23 오후 05:53:26] 투명도 : 100%
[2022-09-23 오후 05:54:13] 프로그램을 시작합니다.
[2022-09-23 오후 05:54:13] 시작
[2022-09-23 오후 05:54:14] 시작
[2022-09-23 오후 05:54:14] 이미지 불러오기 완료
[2022-09-23 오후 05:54:14] 환경설정을 불러오는 중...
[2022-09-23 오후 05:54:14] 투명도 : 100%
[2022-09-23 오후 05:55:20] 프로그램을 시작합니다.
[2022-09-23 오후 05:55:20] 시작
[2022-09-23 오후 05:55:20] 시작
[2022-09-23 오후 05:55:21] 이미지 불러오기 완료
[2022-09-23 오후 05:55:21] 환경설정을 불러오는 중...
[2022-09-23 오후 05:55:21] 투명도 : 100%
