[2022-10-04 오전 10:18:39] 프로그램을 시작합니다.
[2022-10-04 오전 10:18:39] 시작
[2022-10-04 오전 10:18:39] 시작
[2022-10-04 오전 10:18:39] 이미지 불러오기 완료
[2022-10-04 오전 10:18:39] 환경설정을 불러 오는 중...
[2022-10-04 오전 10:18:40] 환경설정을 불러 왔습니다.
[2022-10-04 오전 10:18:40] 준비완료
[2022-10-04 오전 10:18:41] 저장
[2022-10-04 오전 10:18:41] 종료
[2022-10-04 오전 10:18:44] 프로그램을 시작합니다.
[2022-10-04 오전 10:18:44] 시작
[2022-10-04 오전 10:18:44] 시작
[2022-10-04 오전 10:18:44] 이미지 불러오기 완료
[2022-10-04 오전 10:18:44] 환경설정을 불러 오는 중...
[2022-10-04 오전 10:18:45] 환경설정을 불러 왔습니다.
[2022-10-04 오전 10:18:45] 준비완료
[2022-10-04 오전 10:18:51] 투명도 : 26%
[2022-10-04 오전 10:18:51] 투명도 : 32%
[2022-10-04 오전 10:18:51] 투명도 : 38%
[2022-10-04 오전 10:18:51] 투명도 : 45%
[2022-10-04 오전 10:18:51] 투명도 : 51%
[2022-10-04 오전 10:18:51] 투명도 : 57%
[2022-10-04 오전 10:18:51] 투명도 : 63%
[2022-10-04 오전 10:18:51] 투명도 : 69%
[2022-10-04 오전 10:18:51] 투명도 : 75%
[2022-10-04 오전 10:18:51] 투명도 : 82%
[2022-10-04 오전 10:18:51] 투명도 : 94%
[2022-10-04 오전 10:18:51] 투명도 : 100%
[2022-10-04 오전 10:18:58] 프로그램을 시작합니다.
[2022-10-04 오전 10:18:58] 시작
[2022-10-04 오전 10:18:59] 시작
[2022-10-04 오전 10:18:59] 이미지 불러오기 완료
[2022-10-04 오전 10:18:59] 환경설정을 불러 오는 중...
[2022-10-04 오전 10:18:59] 환경설정을 불러 왔습니다.
[2022-10-04 오전 10:18:59] 준비완료
[2022-10-04 오전 10:20:07] 프로그램을 시작합니다.
[2022-10-04 오전 10:20:07] 시작
[2022-10-04 오전 10:20:07] 시작
[2022-10-04 오전 10:20:07] 이미지 불러오기 완료
[2022-10-04 오전 10:20:07] 환경설정을 불러 오는 중...
[2022-10-04 오전 10:20:07] 환경설정을 불러 왔습니다.
[2022-10-04 오전 10:20:07] 준비완료
[2022-10-04 오전 10:20:11] 저장
[2022-10-04 오전 10:20:11] 종료
[2022-10-04 오전 10:21:32] 프로그램을 시작합니다.
[2022-10-04 오전 10:21:32] 시작
[2022-10-04 오전 10:21:32] 시작
[2022-10-04 오전 10:21:32] 이미지 불러오기 완료
[2022-10-04 오전 10:21:32] 환경설정을 불러 오는 중...
[2022-10-04 오전 10:21:32] 환경설정을 불러 왔습니다.
[2022-10-04 오전 10:21:32] 준비완료
[2022-10-04 오전 10:21:34] 투명도 : 26%
[2022-10-04 오전 10:21:34] 투명도 : 38%
[2022-10-04 오전 10:21:34] 투명도 : 45%
[2022-10-04 오전 10:21:34] 투명도 : 57%
[2022-10-04 오전 10:21:34] 투명도 : 63%
[2022-10-04 오전 10:21:34] 투명도 : 69%
[2022-10-04 오전 10:21:34] 투명도 : 75%
[2022-10-04 오전 10:21:34] 투명도 : 82%
[2022-10-04 오전 10:21:34] 투명도 : 88%
[2022-10-04 오전 10:21:34] 투명도 : 94%
[2022-10-04 오전 10:21:34] 투명도 : 100%
[2022-10-04 오전 10:21:35] 투명도 : 94%
[2022-10-04 오전 10:21:35] 투명도 : 88%
[2022-10-04 오전 10:21:35] 투명도 : 82%
[2022-10-04 오전 10:21:35] 투명도 : 69%
[2022-10-04 오전 10:21:35] 투명도 : 63%
[2022-10-04 오전 10:21:35] 투명도 : 51%
[2022-10-04 오전 10:21:35] 투명도 : 45%
[2022-10-04 오전 10:21:36] 저장
[2022-10-04 오전 10:21:36] 종료
[2022-10-04 오전 10:21:39] 프로그램을 시작합니다.
[2022-10-04 오전 10:21:39] 시작
[2022-10-04 오전 10:21:39] 시작
[2022-10-04 오전 10:21:39] 이미지 불러오기 완료
[2022-10-04 오전 10:21:39] 환경설정을 불러 오는 중...
[2022-10-04 오전 10:21:39] 투명도 : 45%
[2022-10-04 오전 10:21:39] 환경설정을 불러 왔습니다.
[2022-10-04 오전 10:21:39] 준비완료
[2022-10-04 오전 10:21:45] 저장
[2022-10-04 오전 10:21:45] 종료
[2022-10-04 오전 10:22:05] 프로그램을 시작합니다.
[2022-10-04 오전 10:22:05] 시작
[2022-10-04 오전 10:22:05] 시작
[2022-10-04 오전 10:22:05] 이미지 불러오기 완료
[2022-10-04 오전 10:22:05] 환경설정을 불러 오는 중...
[2022-10-04 오전 10:22:06] 투명도 : 45%
[2022-10-04 오전 10:22:06] 환경설정을 불러 왔습니다.
[2022-10-04 오전 10:22:06] 준비완료
[2022-10-04 오전 10:22:08] 저장
[2022-10-04 오전 10:22:08] 종료
[2022-10-04 오전 10:22:16] 프로그램을 시작합니다.
[2022-10-04 오전 10:22:16] 시작
[2022-10-04 오전 10:22:16] 시작
[2022-10-04 오전 10:22:17] 이미지 불러오기 완료
[2022-10-04 오전 10:22:17] 환경설정을 불러 오는 중...
[2022-10-04 오전 10:22:17] 투명도 : 45%
[2022-10-04 오전 10:22:17] 환경설정을 불러 왔습니다.
[2022-10-04 오전 10:22:17] 준비완료
[2022-10-04 오전 10:22:21] 저장
[2022-10-04 오전 10:22:21] 종료
[2022-10-04 오후 02:37:14] 프로그램을 시작합니다.
[2022-10-04 오후 02:37:14] 시작
[2022-10-04 오후 02:37:15] 시작
[2022-10-04 오후 02:37:15] 이미지 불러오기 완료
[2022-10-04 오후 02:37:15] 환경설정을 불러 오는 중...
[2022-10-04 오후 02:37:15] 투명도 : 45%
[2022-10-04 오후 02:37:15] 환경설정을 불러 왔습니다.
[2022-10-04 오후 02:37:15] 준비완료
[2022-10-04 오후 02:37:19] 윈도우 최상위로
[2022-10-04 오후 02:37:19] 투명도 : 50%
[2022-10-04 오후 02:37:19] 투명도 : 55%
[2022-10-04 오후 02:37:19] 투명도 : 60%
[2022-10-04 오후 02:37:19] 투명도 : 65%
[2022-10-04 오후 02:37:20] 윈도우 최상위 취소
[2022-10-04 오후 02:37:21] 투명도 : 69%
[2022-10-04 오후 02:37:21] 투명도 : 82%
[2022-10-04 오후 02:37:21] 투명도 : 94%
[2022-10-04 오후 02:37:21] 투명도 : 100%
[2022-10-04 오후 02:38:06] 프로그램을 시작합니다.
[2022-10-04 오후 02:38:06] 시작
[2022-10-04 오후 02:38:06] 시작
[2022-10-04 오후 02:38:06] 이미지 불러오기 완료
[2022-10-04 오후 02:38:06] 환경설정을 불러 오는 중...
[2022-10-04 오후 02:38:07] 투명도 : 100%
[2022-10-04 오후 02:38:07] 환경설정을 불러 왔습니다.
[2022-10-04 오후 02:38:08] 준비완료
[2022-10-04 오후 02:38:15] 환경설정2를 불러오는 중...
[2022-10-04 오후 02:38:15] 환경설정2를 불러왔습니다.
[2022-10-04 오후 02:38:16] 저장하기
[2022-10-04 오후 02:38:48] 프로그램을 시작합니다.
[2022-10-04 오후 02:38:48] 시작
[2022-10-04 오후 02:38:48] 시작
[2022-10-04 오후 02:38:48] 이미지 불러오기 완료
[2022-10-04 오후 02:38:49] 환경설정을 불러 오는 중...
[2022-10-04 오후 02:38:49] 투명도 : 100%
[2022-10-04 오후 02:38:50] 환경설정을 불러 왔습니다.
[2022-10-04 오후 02:38:50] 준비완료
[2022-10-04 오후 02:39:37] 프로그램을 시작합니다.
[2022-10-04 오후 02:39:37] 시작
[2022-10-04 오후 02:39:37] 시작
[2022-10-04 오후 02:39:37] 이미지 불러오기 완료
[2022-10-04 오후 02:39:37] 환경설정을 불러 오는 중...
[2022-10-04 오후 02:39:37] 투명도 : 100%
[2022-10-04 오후 02:39:38] 환경설정을 불러 왔습니다.
[2022-10-04 오후 02:39:39] 준비완료
[2022-10-04 오후 02:39:55] 프로그램을 시작합니다.
[2022-10-04 오후 02:39:55] 시작
[2022-10-04 오후 02:39:55] 시작
[2022-10-04 오후 02:39:55] 이미지 불러오기 완료
[2022-10-04 오후 02:39:56] 환경설정을 불러 오는 중...
[2022-10-04 오후 02:39:56] 투명도 : 100%
[2022-10-04 오후 02:39:56] 환경설정을 불러 왔습니다.
[2022-10-04 오후 02:39:57] 준비완료
[2022-10-04 오후 02:40:38] 프로그램을 시작합니다.
[2022-10-04 오후 02:40:38] 시작
[2022-10-04 오후 02:40:38] 시작
[2022-10-04 오후 02:40:38] 이미지 불러오기 완료
[2022-10-04 오후 02:40:38] 환경설정을 불러 오는 중...
[2022-10-04 오후 02:40:40] 투명도 : 100%
[2022-10-04 오후 02:40:40] 환경설정을 불러 왔습니다.
[2022-10-04 오후 02:40:40] 준비완료
[2022-10-04 오후 02:40:42] 저장
[2022-10-04 오후 02:40:42] 종료
[2022-10-04 오후 02:40:50] 프로그램을 시작합니다.
[2022-10-04 오후 02:40:50] 시작
[2022-10-04 오후 02:40:50] 시작
[2022-10-04 오후 02:40:50] 이미지 불러오기 완료
[2022-10-04 오후 02:40:50] 환경설정을 불러 오는 중...
[2022-10-04 오후 02:40:51] 투명도 : 100%
[2022-10-04 오후 02:40:52] 환경설정을 불러 왔습니다.
[2022-10-04 오후 02:40:52] 준비완료
[2022-10-04 오후 02:40:53] 저장
[2022-10-04 오후 02:40:53] 종료
[2022-10-04 오후 02:41:36] 프로그램을 시작합니다.
[2022-10-04 오후 02:41:36] 시작
[2022-10-04 오후 02:41:36] 시작
[2022-10-04 오후 02:41:36] 이미지 불러오기 완료
[2022-10-04 오후 02:41:36] 환경설정을 불러 오는 중...
[2022-10-04 오후 02:42:10] 프로그램을 시작합니다.
[2022-10-04 오후 02:42:10] 시작
[2022-10-04 오후 02:42:10] 시작
[2022-10-04 오후 02:42:11] 이미지 불러오기 완료
[2022-10-04 오후 02:42:11] 환경설정을 불러 오는 중...
[2022-10-04 오후 02:42:11] 투명도 : 100%
[2022-10-04 오후 02:42:11] 환경설정을 불러 왔습니다.
[2022-10-04 오후 02:42:15] 준비완료
[2022-10-04 오후 02:42:15] 버튼 버튼 Click
[2022-10-04 오후 02:42:15] DB 확인 중
[2022-10-04 오후 02:42:17] 저장
[2022-10-04 오후 02:42:17] 다나의원DB 실행
[2022-10-04 오후 02:42:17] 종료
[2022-10-04 오후 02:42:45] 프로그램을 시작합니다.
[2022-10-04 오후 02:42:46] 시작
[2022-10-04 오후 02:42:46] 시작
[2022-10-04 오후 02:42:46] 이미지 불러오기 완료
[2022-10-04 오후 02:42:46] 환경설정을 불러 오는 중...
[2022-10-04 오후 02:42:46] 투명도 : 100%
[2022-10-04 오후 02:42:46] 환경설정을 불러 왔습니다.
[2022-10-04 오후 02:42:48] 준비완료
[2022-10-04 오후 03:08:57] 프로그램을 시작합니다.
[2022-10-04 오후 03:08:57] 시작
[2022-10-04 오후 03:08:58] 시작
[2022-10-04 오후 03:08:58] 이미지 불러오기 완료
[2022-10-04 오후 03:08:58] 환경설정을 불러 오는 중...
[2022-10-04 오후 03:08:58] 투명도 : 100%
[2022-10-04 오후 03:08:58] 환경설정을 불러 왔습니다.
[2022-10-04 오후 03:08:59] 준비완료
[2022-10-04 오후 03:33:52] 프로그램을 시작합니다.
[2022-10-04 오후 03:33:52] 시작
[2022-10-04 오후 03:33:52] 시작
[2022-10-04 오후 03:33:52] 이미지 불러오기 완료
[2022-10-04 오후 03:33:53] 환경설정을 불러 오는 중...
[2022-10-04 오후 03:33:53] 투명도 : 100%
[2022-10-04 오후 03:33:53] 환경설정을 불러 왔습니다.
[2022-10-04 오후 03:33:54] 준비완료
[2022-10-04 오후 03:34:07] 프로그램을 시작합니다.
[2022-10-04 오후 03:34:07] 시작
[2022-10-04 오후 03:34:07] 시작
[2022-10-04 오후 03:34:07] 이미지 불러오기 완료
[2022-10-04 오후 03:34:08] 환경설정을 불러 오는 중...
[2022-10-04 오후 03:34:08] 투명도 : 100%
[2022-10-04 오후 03:34:08] 환경설정을 불러 왔습니다.
[2022-10-04 오후 03:34:08] 준비완료
[2022-10-04 오후 03:34:09] 저장
[2022-10-04 오후 03:34:09] 종료
[2022-10-04 오후 03:34:34] 프로그램을 시작합니다.
[2022-10-04 오후 03:34:34] 시작
[2022-10-04 오후 03:34:34] 시작
[2022-10-04 오후 03:34:34] 이미지 불러오기 완료
[2022-10-04 오후 03:34:34] 환경설정을 불러 오는 중...
[2022-10-04 오후 03:34:34] 투명도 : 100%
[2022-10-04 오후 03:34:34] 환경설정을 불러 왔습니다.
[2022-10-04 오후 03:34:34] 준비완료
[2022-10-04 오후 03:34:37] 저장
[2022-10-04 오후 03:34:37] 종료
[2022-10-04 오후 03:35:22] 프로그램을 시작합니다.
[2022-10-04 오후 03:35:22] 시작
[2022-10-04 오후 03:35:22] 시작
[2022-10-04 오후 03:35:23] 이미지 불러오기 완료
[2022-10-04 오후 03:35:23] 환경설정을 불러 오는 중...
[2022-10-04 오후 03:35:23] 투명도 : 100%
[2022-10-04 오후 03:35:23] 환경설정을 불러 왔습니다.
[2022-10-04 오후 03:35:26] 준비완료
[2022-10-04 오후 03:38:56] 프로그램을 시작합니다.
[2022-10-04 오후 03:38:56] 시작
[2022-10-04 오후 03:38:56] 시작
[2022-10-04 오후 03:38:57] 이미지 불러오기 완료
[2022-10-04 오후 03:38:57] 환경설정을 불러 오는 중...
[2022-10-04 오후 03:38:57] 투명도 : 100%
[2022-10-04 오후 03:38:57] 환경설정을 불러 왔습니다.
[2022-10-04 오후 03:38:57] 준비완료
[2022-10-04 오후 03:38:58] 버튼 버튼 Click
[2022-10-04 오후 03:38:58] DB 확인 중
[2022-10-04 오후 03:56:43] 프로그램을 시작합니다.
[2022-10-04 오후 03:56:43] 시작
[2022-10-04 오후 03:56:43] 시작
[2022-10-04 오후 03:56:43] 이미지 불러오기 완료
[2022-10-04 오후 03:56:43] 환경설정을 불러 오는 중...
[2022-10-04 오후 03:56:44] 투명도 : 100%
[2022-10-04 오후 03:56:44] 환경설정을 불러 왔습니다.
[2022-10-04 오후 03:56:44] 준비완료
[2022-10-04 오후 03:56:47] 버튼 버튼 Click
[2022-10-04 오후 03:56:47] DB 확인 중
[2022-10-04 오후 03:57:08] 프로그램을 시작합니다.
[2022-10-04 오후 03:57:08] 시작
[2022-10-04 오후 03:57:08] 시작
[2022-10-04 오후 03:57:08] 이미지 불러오기 완료
[2022-10-04 오후 03:57:08] 환경설정을 불러 오는 중...
[2022-10-04 오후 03:57:08] 투명도 : 100%
[2022-10-04 오후 03:57:08] 환경설정을 불러 왔습니다.
[2022-10-04 오후 03:57:08] 준비완료
[2022-10-04 오후 03:57:11] 버튼 버튼 Click
[2022-10-04 오후 03:57:11] DB 확인 중
[2022-10-04 오후 04:01:21] 프로그램을 시작합니다.
[2022-10-04 오후 04:01:21] 시작
[2022-10-04 오후 04:01:21] 시작
[2022-10-04 오후 04:01:21] 이미지 불러오기 완료
[2022-10-04 오후 04:01:21] 환경설정을 불러 오는 중...
[2022-10-04 오후 04:01:22] 투명도 : 100%
[2022-10-04 오후 04:01:22] 환경설정을 불러 왔습니다.
[2022-10-04 오후 04:01:22] 준비완료
[2022-10-04 오후 04:01:23] 버튼 버튼 Click
[2022-10-04 오후 04:01:23] DB 확인 중
[2022-10-04 오후 04:02:33] 다나의원DB 실행
[2022-10-04 오후 04:03:00] 프로그램을 시작합니다.
[2022-10-04 오후 04:03:00] 시작
[2022-10-04 오후 04:03:00] 시작
[2022-10-04 오후 04:03:00] 이미지 불러오기 완료
[2022-10-04 오후 04:03:01] 환경설정을 불러 오는 중...
[2022-10-04 오후 04:03:01] 투명도 : 100%
[2022-10-04 오후 04:03:01] 환경설정을 불러 왔습니다.
[2022-10-04 오후 04:03:01] 준비완료
[2022-10-04 오후 04:03:02] 버튼 버튼 Click
[2022-10-04 오후 04:03:03] DB 확인 중
[2022-10-04 오후 04:03:03] 다나의원DB 실행
[2022-10-04 오후 04:03:57] 프로그램을 시작합니다.
[2022-10-04 오후 04:03:58] 시작
[2022-10-04 오후 04:03:58] 시작
[2022-10-04 오후 04:03:58] 이미지 불러오기 완료
[2022-10-04 오후 04:03:58] 환경설정을 불러 오는 중...
[2022-10-04 오후 04:03:58] 투명도 : 100%
[2022-10-04 오후 04:03:58] 환경설정을 불러 왔습니다.
[2022-10-04 오후 04:03:58] 준비완료
[2022-10-04 오후 04:03:59] 버튼 버튼 Click
[2022-10-04 오후 04:03:59] DB 확인 중
[2022-10-04 오후 04:05:08] 프로그램을 시작합니다.
[2022-10-04 오후 04:05:08] 시작
[2022-10-04 오후 04:05:08] 시작
[2022-10-04 오후 04:05:08] 이미지 불러오기 완료
[2022-10-04 오후 04:05:08] 환경설정을 불러 오는 중...
[2022-10-04 오후 04:05:08] 투명도 : 100%
[2022-10-04 오후 04:05:09] 환경설정을 불러 왔습니다.
[2022-10-04 오후 04:05:09] 준비완료
[2022-10-04 오후 04:05:10] 버튼 버튼 Click
[2022-10-04 오후 04:05:11] DB 확인 중
[2022-10-04 오후 04:05:11] 지정된 파일을 찾을 수 없습니다.
[2022-10-04 오후 04:05:52] 프로그램을 시작합니다.
[2022-10-04 오후 04:05:52] 시작
[2022-10-04 오후 04:05:52] 시작
[2022-10-04 오후 04:05:52] 이미지 불러오기 완료
[2022-10-04 오후 04:05:52] 환경설정을 불러 오는 중...
[2022-10-04 오후 04:05:52] 투명도 : 100%
[2022-10-04 오후 04:05:53] 환경설정을 불러 왔습니다.
[2022-10-04 오후 04:05:53] 준비완료
[2022-10-04 오후 04:05:54] 버튼 버튼 Click
[2022-10-04 오후 04:05:54] DB 확인 중
[2022-10-04 오후 04:05:55] 지정된 파일을 찾을 수 없습니다.
[2022-10-04 오후 04:05:55] 자동 업데이트를 종료합니다.
[2022-10-04 오후 04:06:14] 환경설정2를 불러오는 중...
[2022-10-04 오후 04:06:15] 환경설정2를 불러왔습니다.
[2022-10-04 오후 04:06:20] 저장하기
[2022-10-04 오후 04:06:57] 프로그램을 시작합니다.
[2022-10-04 오후 04:06:57] 시작
[2022-10-04 오후 04:06:57] 시작
[2022-10-04 오후 04:06:57] 이미지 불러오기 완료
[2022-10-04 오후 04:06:57] 환경설정을 불러 오는 중...
[2022-10-04 오후 04:06:57] 투명도 : 100%
[2022-10-04 오후 04:06:58] 환경설정을 불러 왔습니다.
[2022-10-04 오후 04:06:58] 준비완료
[2022-10-04 오후 04:06:59] 환경설정2를 불러오는 중...
[2022-10-04 오후 04:06:59] 환경설정2를 불러왔습니다.
[2022-10-04 오후 04:07:00] 저장하기
[2022-10-04 오후 04:07:08] 버튼 버튼 Click
[2022-10-04 오후 04:07:09] DB 확인 중
[2022-10-04 오후 04:07:53] 프로그램을 시작합니다.
[2022-10-04 오후 04:07:53] 시작
[2022-10-04 오후 04:07:53] 시작
[2022-10-04 오후 04:07:53] 이미지 불러오기 완료
[2022-10-04 오후 04:07:53] 환경설정을 불러 오는 중...
[2022-10-04 오후 04:07:53] 투명도 : 100%
[2022-10-04 오후 04:07:54] 환경설정을 불러 왔습니다.
[2022-10-04 오후 04:07:54] 준비완료
[2022-10-04 오후 04:07:57] 버튼 버튼 Click
[2022-10-04 오후 04:07:57] DB 확인 중
[2022-10-04 오후 04:07:58] 다나의원DB 실행
[2022-10-04 오후 04:08:10] 다나의원DB와 연결이 되었습니다.
[2022-10-04 오후 04:08:12] TETBL5326 실행
[2022-10-04 오후 04:12:08] 프로그램을 시작합니다.
[2022-10-04 오후 04:12:08] 시작
[2022-10-04 오후 04:12:08] 시작
[2022-10-04 오후 04:12:08] 이미지 불러오기 완료
[2022-10-04 오후 04:12:08] 환경설정을 불러 오는 중...
[2022-10-04 오후 04:12:08] 투명도 : 100%
[2022-10-04 오후 04:12:09] 환경설정을 불러 왔습니다.
[2022-10-04 오후 04:12:09] 준비완료
[2022-10-04 오후 04:12:10] 버튼 버튼 Click
[2022-10-04 오후 04:12:10] DB 확인 중
[2022-10-04 오후 04:12:11] 다나의원DB 실행
[2022-10-04 오후 04:12:23] 다나의원DB와 연결이 되었습니다.
[2022-10-04 오후 04:12:25] TETBL5326 실행
[2022-10-04 오후 04:12:25] 지정된 TETBL파일을 찾을 수 없습니다.
[2022-10-04 오후 04:12:25] 자동 업데이트를 종료합니다.
[2022-10-04 오후 04:13:20] 프로그램을 시작합니다.
[2022-10-04 오후 04:13:20] 시작
[2022-10-04 오후 04:13:20] 시작
[2022-10-04 오후 04:13:20] 이미지 불러오기 완료
[2022-10-04 오후 04:13:20] 환경설정을 불러 오는 중...
[2022-10-04 오후 04:13:20] 투명도 : 100%
[2022-10-04 오후 04:13:21] 환경설정을 불러 왔습니다.
[2022-10-04 오후 04:13:21] 준비완료
[2022-10-04 오후 04:13:22] 버튼 버튼 Click
[2022-10-04 오후 04:13:22] DB 확인 중
[2022-10-04 오후 04:13:23] 다나의원DB 실행
[2022-10-04 오후 04:13:35] 다나의원DB와 연결이 되었습니다.
[2022-10-04 오후 04:13:37] TETBL5326 실행
[2022-10-04 오후 04:13:37] 지정된 TETBL파일을 찾을 수 없습니다.
[2022-10-04 오후 04:13:37] 자동 업데이트를 종료합니다.
[2022-10-04 오후 04:14:39] 프로그램을 시작합니다.
[2022-10-04 오후 04:14:39] 시작
[2022-10-04 오후 04:14:39] 시작
[2022-10-04 오후 04:14:39] 이미지 불러오기 완료
[2022-10-04 오후 04:14:39] 환경설정을 불러 오는 중...
[2022-10-04 오후 04:14:39] 투명도 : 100%
[2022-10-04 오후 04:14:39] 환경설정을 불러 왔습니다.
[2022-10-04 오후 04:14:40] 준비완료
[2022-10-04 오후 04:14:41] 버튼 버튼 Click
[2022-10-04 오후 04:14:41] DB 확인 중
[2022-10-04 오후 04:14:42] 다나의원DB 실행
[2022-10-04 오후 04:14:54] 다나의원DB와 연결이 되었습니다.
[2022-10-04 오후 04:14:56] TETBL5326 실행
[2022-10-04 오후 04:14:56] 지정된 TETBL파일을 찾을 수 없습니다.
[2022-10-04 오후 04:14:57] 자동 업데이트를 종료합니다.
[2022-10-04 오후 04:15:29] 프로그램을 시작합니다.
[2022-10-04 오후 04:15:29] 시작
[2022-10-04 오후 04:15:29] 시작
[2022-10-04 오후 04:15:29] 이미지 불러오기 완료
[2022-10-04 오후 04:15:29] 환경설정을 불러 오는 중...
[2022-10-04 오후 04:15:29] 투명도 : 100%
[2022-10-04 오후 04:15:30] 환경설정을 불러 왔습니다.
[2022-10-04 오후 04:15:30] 준비완료
[2022-10-04 오후 04:15:31] 버튼 버튼 Click
[2022-10-04 오후 04:15:32] DB 확인 중
[2022-10-04 오후 04:15:32] 다나의원DB 실행
[2022-10-04 오후 04:15:45] 다나의원DB와 연결이 되었습니다.
[2022-10-04 오후 04:15:47] TETBL5326 실행
[2022-10-04 오후 04:15:47] 지정된 TETBL파일을 찾을 수 없습니다.
[2022-10-04 오후 04:15:47] 자동 업데이트를 종료합니다.
[2022-10-04 오후 04:17:19] 프로그램을 시작합니다.
[2022-10-04 오후 04:17:20] 시작
[2022-10-04 오후 04:17:20] 시작
[2022-10-04 오후 04:17:20] 이미지 불러오기 완료
[2022-10-04 오후 04:17:20] 환경설정을 불러 오는 중...
[2022-10-04 오후 04:17:20] 투명도 : 100%
[2022-10-04 오후 04:17:20] 환경설정을 불러 왔습니다.
[2022-10-04 오후 04:17:20] 준비완료
[2022-10-04 오후 04:17:22] 환경설정2를 불러오는 중...
[2022-10-04 오후 04:17:22] 환경설정2를 불러왔습니다.
[2022-10-04 오후 04:17:24] 저장하기
[2022-10-04 오후 04:17:26] 환경설정2를 불러오는 중...
[2022-10-04 오후 04:17:26] 환경설정2를 불러왔습니다.
[2022-10-04 오후 04:17:27] 저장하기
[2022-10-04 오후 04:17:29] 환경설정2를 불러오는 중...
[2022-10-04 오후 04:17:29] 환경설정2를 불러왔습니다.
[2022-10-04 오후 04:17:31] 저장하기
[2022-10-04 오후 04:17:32] 환경설정2를 불러오는 중...
[2022-10-04 오후 04:17:32] 환경설정2를 불러왔습니다.
[2022-10-04 오후 04:17:34] 저장하기
[2022-10-04 오후 04:17:37] 저장
[2022-10-04 오후 04:17:37] 종료
[2022-10-04 오후 04:54:42] 프로그램을 시작합니다.
[2022-10-04 오후 04:54:42] 시작
[2022-10-04 오후 04:54:42] 시작
[2022-10-04 오후 04:54:43] 이미지 불러오기 완료
[2022-10-04 오후 04:54:43] 환경설정을 불러 오는 중...
[2022-10-04 오후 04:54:43] 투명도 : 100%
[2022-10-04 오후 04:54:43] 환경설정을 불러 왔습니다.
[2022-10-04 오후 04:55:07] 프로그램을 시작합니다.
[2022-10-04 오후 04:55:07] 시작
[2022-10-04 오후 04:55:07] 시작
[2022-10-04 오후 04:55:07] 이미지 불러오기 완료
[2022-10-04 오후 04:55:07] 환경설정을 불러 오는 중...
[2022-10-04 오후 04:55:07] 투명도 : 100%
[2022-10-04 오후 04:55:08] 환경설정을 불러 왔습니다.
[2022-10-04 오후 04:55:59] 프로그램을 시작합니다.
[2022-10-04 오후 04:55:59] 시작
[2022-10-04 오후 04:55:59] 시작
[2022-10-04 오후 04:55:59] 이미지 불러오기 완료
[2022-10-04 오후 04:55:59] 환경설정을 불러 오는 중...
[2022-10-04 오후 04:56:00] 투명도 : 100%
[2022-10-04 오후 04:56:00] 환경설정을 불러 왔습니다.
[2022-10-04 오후 04:56:00] 준비완료
[2022-10-04 오후 04:56:44] 저장
[2022-10-04 오후 04:56:44] 종료
[2022-10-04 오후 04:56:47] 프로그램을 시작합니다.
[2022-10-04 오후 04:56:47] 시작
[2022-10-04 오후 04:56:47] 시작
[2022-10-04 오후 04:56:47] 이미지 불러오기 완료
[2022-10-04 오후 04:56:47] 환경설정을 불러 오는 중...
[2022-10-04 오후 04:56:48] 투명도 : 100%
[2022-10-04 오후 04:56:48] 환경설정을 불러 왔습니다.
[2022-10-04 오후 04:56:48] 준비완료
[2022-10-04 오후 05:02:28] 프로그램을 시작합니다.
[2022-10-04 오후 05:02:28] 시작
[2022-10-04 오후 05:02:28] 시작
[2022-10-04 오후 05:02:28] 이미지 불러오기 완료
[2022-10-04 오후 05:02:29] 환경설정을 불러 오는 중...
[2022-10-04 오후 05:02:29] 투명도 : 100%
[2022-10-04 오후 05:02:29] 환경설정을 불러 왔습니다.
[2022-10-04 오후 05:02:29] 준비완료
[2022-10-04 오후 05:02:38] 프로그램을 시작합니다.
[2022-10-04 오후 05:02:38] 시작
[2022-10-04 오후 05:02:38] 시작
[2022-10-04 오후 05:02:38] 이미지 불러오기 완료
[2022-10-04 오후 05:02:38] 환경설정을 불러 오는 중...
[2022-10-04 오후 05:02:38] 투명도 : 100%
[2022-10-04 오후 05:02:39] 환경설정을 불러 왔습니다.
[2022-10-04 오후 05:02:39] 준비완료
[2022-10-04 오후 05:04:04] 프로그램을 시작합니다.
[2022-10-04 오후 05:04:04] 시작
[2022-10-04 오후 05:04:04] 시작
[2022-10-04 오후 05:04:04] 이미지 불러오기 완료
[2022-10-04 오후 05:04:04] 환경설정을 불러 오는 중...
[2022-10-04 오후 05:04:04] 투명도 : 100%
[2022-10-04 오후 05:04:05] 환경설정을 불러 왔습니다.
[2022-10-04 오후 05:04:05] 준비완료
[2022-10-04 오후 05:04:08] 환경설정2를 불러오는 중...
[2022-10-04 오후 05:04:08] 환경설정2를 불러왔습니다.
[2022-10-04 오후 05:04:11] 저장하기
[2022-10-04 오후 05:04:13] 설정이 필요합니다.
[2022-10-04 오후 05:04:15] 설정이 필요합니다.
[2022-10-04 오후 05:04:34] 환경설정2를 불러오는 중...
[2022-10-04 오후 05:04:34] 환경설정2를 불러왔습니다.
[2022-10-04 오후 05:04:37] 저장하기
[2022-10-04 오후 05:04:39] 설정이 필요합니다.
[2022-10-04 오후 05:04:54] 환경설정2를 불러오는 중...
[2022-10-04 오후 05:04:54] 환경설정2를 불러왔습니다.
[2022-10-04 오후 05:04:55] 저장하기
[2022-10-04 오후 05:06:24] 프로그램을 시작합니다.
[2022-10-04 오후 05:06:24] 시작
[2022-10-04 오후 05:06:24] 시작
[2022-10-04 오후 05:06:24] 이미지 불러오기 완료
[2022-10-04 오후 05:06:25] 환경설정을 불러 오는 중...
[2022-10-04 오후 05:06:25] 투명도 : 100%
[2022-10-04 오후 05:06:25] 환경설정을 불러 왔습니다.
[2022-10-04 오후 05:06:25] 준비완료
[2022-10-04 오후 05:06:26] 버튼 버튼 Click
[2022-10-04 오후 05:06:27] 버튼 버튼 Click
[2022-10-04 오후 05:06:29] 버튼 버튼 Click
[2022-10-04 오후 05:07:22] 프로그램을 시작합니다.
[2022-10-04 오후 05:07:22] 시작
[2022-10-04 오후 05:07:22] 시작
[2022-10-04 오후 05:07:22] 이미지 불러오기 완료
[2022-10-04 오후 05:07:22] 환경설정을 불러 오는 중...
[2022-10-04 오후 05:07:22] 투명도 : 100%
[2022-10-04 오후 05:07:23] 환경설정을 불러 왔습니다.
[2022-10-04 오후 05:07:23] 준비완료
[2022-10-04 오후 05:07:24] 버튼 버튼 Click
[2022-10-04 오후 05:07:25] 버튼 버튼 Click
[2022-10-04 오후 05:07:27] 저장
[2022-10-04 오후 05:07:28] 종료
[2022-10-04 오후 05:08:18] 프로그램을 시작합니다.
[2022-10-04 오후 05:08:18] 시작
[2022-10-04 오후 05:08:18] 시작
[2022-10-04 오후 05:08:18] 이미지 불러오기 완료
[2022-10-04 오후 05:08:18] 환경설정을 불러 오는 중...
[2022-10-04 오후 05:08:18] 투명도 : 100%
[2022-10-04 오후 05:08:19] 환경설정을 불러 왔습니다.
[2022-10-04 오후 05:08:19] 준비완료
[2022-10-04 오후 05:08:19] 버튼 버튼 Click
[2022-10-04 오후 05:08:20] DB 확인 중
[2022-10-04 오후 05:08:21] 다나의원DB 실행
[2022-10-04 오후 05:08:22] 버튼 버튼 Click
[2022-10-04 오후 05:08:23] DB 확인 중
[2022-10-04 오후 05:08:24] 다나의원DB 실행
[2022-10-04 오후 05:08:25] 버튼 버튼 Click
[2022-10-04 오후 05:08:27] DB 확인 중
[2022-10-04 오후 05:08:27] 다나의원DB 실행
[2022-10-04 오후 05:08:32] 버튼 버튼 Click
[2022-10-04 오후 05:08:33] DB 확인 중
[2022-10-04 오후 05:08:33] 다나의원DB와 연결이 되었습니다.
[2022-10-04 오후 05:08:34] 다나의원DB 실행
[2022-10-04 오후 05:08:54] 프로그램을 시작합니다.
[2022-10-04 오후 05:08:54] 시작
[2022-10-04 오후 05:08:54] 시작
[2022-10-04 오후 05:08:54] 이미지 불러오기 완료
[2022-10-04 오후 05:08:54] 환경설정을 불러 오는 중...
[2022-10-04 오후 05:08:55] 투명도 : 100%
[2022-10-04 오후 05:08:55] 환경설정을 불러 왔습니다.
[2022-10-04 오후 05:08:55] 준비완료
[2022-10-04 오후 05:08:56] 버튼 버튼 Click
[2022-10-04 오후 05:08:56] DB 확인 중
[2022-10-04 오후 05:08:57] 다나의원DB 실행
[2022-10-04 오후 05:08:59] 버튼 버튼 Click
[2022-10-04 오후 05:09:00] 버튼 버튼 Click
[2022-10-04 오후 05:09:01] 버튼 버튼 Click
[2022-10-04 오후 05:09:02] 버튼 버튼 Click
[2022-10-04 오후 05:09:03] 버튼 버튼 Click
[2022-10-04 오후 05:09:04] 버튼 버튼 Click
[2022-10-04 오후 05:09:04] 버튼 버튼 Click
[2022-10-04 오후 05:09:05] 버튼 버튼 Click
[2022-10-04 오후 05:09:06] 버튼 버튼 Click
[2022-10-04 오후 05:09:07] 버튼 버튼 Click
[2022-10-04 오후 05:09:08] 버튼 버튼 Click
[2022-10-04 오후 05:09:09] 버튼 버튼 Click
[2022-10-04 오후 05:09:10] 다나의원DB와 연결이 되었습니다.
[2022-10-04 오후 05:09:11] 버튼 버튼 Click
[2022-10-04 오후 05:09:11] 버튼 버튼 Click
[2022-10-04 오후 05:09:12] 버튼 버튼 Click
[2022-10-04 오후 05:09:12] TETBL5326 실행
[2022-10-04 오후 05:09:13] 지정된 TETBL파일을 찾을 수 없습니다.
[2022-10-04 오후 05:09:13] 자동 업데이트를 종료합니다.
[2022-10-04 오후 05:09:14] 버튼 버튼 Click
[2022-10-04 오후 05:09:15] 버튼 버튼 Click
[2022-10-04 오후 05:09:17] 버튼 버튼 Click
[2022-10-04 오후 05:09:18] 버튼 버튼 Click
[2022-10-04 오후 05:09:19] DB 확인 중
[2022-10-04 오후 05:09:19] 다나의원DB 실행
[2022-10-04 오후 05:09:21] 버튼 버튼 Click
[2022-10-04 오후 05:09:22] 버튼 버튼 Click
[2022-10-04 오후 05:09:23] 버튼 버튼 Click
[2022-10-04 오후 05:09:24] 버튼 버튼 Click
[2022-10-04 오후 05:09:25] 버튼 버튼 Click
[2022-10-04 오후 05:09:27] 버튼 버튼 Click
[2022-10-04 오후 05:09:29] 버튼 버튼 Click
[2022-10-04 오후 05:09:30] 버튼 버튼 Click
[2022-10-04 오후 05:14:39] 프로그램을 시작합니다.
[2022-10-04 오후 05:14:39] 시작
[2022-10-04 오후 05:14:39] 시작
[2022-10-04 오후 05:14:39] 이미지 불러오기 완료
[2022-10-04 오후 05:14:39] 환경설정을 불러 오는 중...
[2022-10-04 오후 05:14:40] 투명도 : 100%
[2022-10-04 오후 05:14:40] 환경설정을 불러 왔습니다.
[2022-10-04 오후 05:14:40] 준비완료
[2022-10-04 오후 05:14:41] 버튼 버튼 Click
[2022-10-04 오후 05:14:42] DB 확인 중
[2022-10-04 오후 05:14:42] 다나의원DB 실행
[2022-10-04 오후 05:14:43] 버튼 버튼 Click
[2022-10-04 오후 05:14:44] 버튼 버튼 Click
[2022-10-04 오후 05:14:45] 버튼 버튼 Click
[2022-10-04 오후 05:14:46] 버튼 버튼 Click
[2022-10-04 오후 05:14:48] 버튼 버튼 Click
[2022-10-04 오후 05:14:48] 버튼 버튼 Click
[2022-10-04 오후 05:14:48] 버튼 버튼 Click
[2022-10-04 오후 05:14:49] 버튼 버튼 Click
[2022-10-04 오후 05:14:49] 버튼 버튼 Click
[2022-10-04 오후 05:14:49] 버튼 버튼 Click
[2022-10-04 오후 05:14:49] 버튼 버튼 Click
[2022-10-04 오후 05:14:50] 버튼 버튼 Click
[2022-10-04 오후 05:14:51] 버튼 버튼 Click
[2022-10-04 오후 05:14:52] 버튼 버튼 Click
[2022-10-04 오후 05:14:53] 버튼 버튼 Click
[2022-10-04 오후 05:14:57] 버튼 버튼 Click
[2022-10-04 오후 05:14:58] 다나의원DB와 연결이 되었습니다.
[2022-10-04 오후 05:14:58] 버튼 버튼 Click
[2022-10-04 오후 05:15:00] TETBL5326 실행
[2022-10-04 오후 05:15:00] 지정된 TETBL파일을 찾을 수 없습니다.
[2022-10-04 오후 05:15:00] 자동 업데이트를 종료합니다.
[2022-10-04 오후 05:15:01] 버튼 버튼 Click
[2022-10-04 오후 05:15:03] 버튼 버튼 Click
[2022-10-04 오후 05:15:04] 버튼 버튼 Click
[2022-10-04 오후 05:15:06] 버튼 버튼 Click
[2022-10-04 오후 05:15:06] DB 확인 중
[2022-10-04 오후 05:15:07] 다나의원DB 실행
[2022-10-04 오후 05:15:07] 버튼 버튼 Click
[2022-10-04 오후 05:15:09] 버튼 버튼 Click
[2022-10-04 오후 05:15:10] 버튼 버튼 Click
[2022-10-04 오후 05:15:11] 버튼 버튼 Click
[2022-10-04 오후 05:15:14] 버튼 버튼 Click
[2022-10-04 오후 05:15:15] 버튼 버튼 Click
[2022-10-04 오후 05:15:20] 다나의원DB와 연결이 되었습니다.
[2022-10-04 오후 05:15:22] TETBL5326 실행
[2022-10-04 오후 05:15:22] 지정된 TETBL파일을 찾을 수 없습니다.
[2022-10-04 오후 05:15:22] 자동 업데이트를 종료합니다.
[2022-10-04 오후 05:16:50] 프로그램을 시작합니다.
[2022-10-04 오후 05:16:51] 시작
[2022-10-04 오후 05:16:51] 시작
[2022-10-04 오후 05:16:51] 이미지 불러오기 완료
[2022-10-04 오후 05:16:51] 환경설정을 불러 오는 중...
[2022-10-04 오후 05:16:51] 투명도 : 100%
[2022-10-04 오후 05:16:51] 환경설정을 불러 왔습니다.
[2022-10-04 오후 05:16:51] 준비완료
[2022-10-04 오후 05:35:33] 프로그램을 시작합니다.
[2022-10-04 오후 05:35:33] 시작
[2022-10-04 오후 05:35:33] 시작
[2022-10-04 오후 05:35:33] 이미지 불러오기 완료
[2022-10-04 오후 05:35:33] 환경설정을 불러 오는 중...
[2022-10-04 오후 05:35:34] 투명도 : 100%
[2022-10-04 오후 05:35:34] 환경설정을 불러 왔습니다.
[2022-10-04 오후 05:35:34] 준비완료
[2022-10-04 오후 05:35:48] 버튼 버튼 Click
[2022-10-04 오후 05:35:48] DB 확인 중
[2022-10-04 오후 05:35:49] 다나의원DB 실행
[2022-10-04 오후 05:36:01] 다나의원DB와 연결이 되었습니다.
[2022-10-04 오후 05:36:04] TETBL5326 실행
[2022-10-04 오후 05:36:04] 지정된 TETBL파일을 찾을 수 없습니다.
[2022-10-04 오후 05:36:04] 자동 업데이트를 종료합니다.
[2022-10-04 오후 05:36:10] 환경설정2를 불러오는 중...
[2022-10-04 오후 05:36:10] 환경설정2를 불러왔습니다.
[2022-10-04 오후 05:36:19] 저장하기
[2022-10-04 오후 05:36:27] 환경설정2를 불러오는 중...
[2022-10-04 오후 05:36:27] 환경설정2를 불러왔습니다.
[2022-10-04 오후 05:36:49] 저장하기
[2022-10-04 오후 05:36:51] 버튼 버튼 Click
[2022-10-04 오후 05:36:51] DB 확인 중
[2022-10-04 오후 05:36:52] 새로 설정해주세요.DB 실행
[2022-10-04 오후 05:37:04] 새로 설정해주세요.DB와 연결이 되었습니다.
[2022-10-04 오후 05:37:06] TETBL5326 실행
[2022-10-04 오후 05:37:06] 지정된 TETBL파일을 찾을 수 없습니다.
[2022-10-04 오후 05:37:06] 자동 업데이트를 종료합니다.
[2022-10-04 오후 05:37:08] 버튼 버튼 Click
[2022-10-04 오후 05:37:08] DB 확인 중
[2022-10-04 오후 05:37:09] 다나의원DB 실행
[2022-10-04 오후 05:37:21] 다나의원DB와 연결이 되었습니다.
[2022-10-04 오후 05:37:23] TETBL5326 실행
[2022-10-04 오후 05:37:24] 지정된 TETBL파일을 찾을 수 없습니다.
[2022-10-04 오후 05:37:24] 자동 업데이트를 종료합니다.
[2022-10-04 오후 05:39:15] 프로그램을 시작합니다.
[2022-10-04 오후 05:39:15] 시작
[2022-10-04 오후 05:39:15] 시작
[2022-10-04 오후 05:39:16] 이미지 불러오기 완료
[2022-10-04 오후 05:39:16] 환경설정을 불러 오는 중...
[2022-10-04 오후 05:39:16] 투명도 : 100%
[2022-10-04 오후 05:39:16] 환경설정을 불러 왔습니다.
[2022-10-04 오후 05:39:16] 준비완료
[2022-10-04 오후 05:39:18] 버튼 버튼 Click
[2022-10-04 오후 05:39:18] DB 확인 중
[2022-10-04 오후 05:39:19] 다나의원DB 실행
[2022-10-04 오후 05:39:31] 다나의원DB와 연결이 되었습니다.
[2022-10-04 오후 05:39:33] TETBL5326 실행
[2022-10-04 오후 05:39:51] 지정된 TETBL파일을 찾을 수 없습니다.
[2022-10-04 오후 05:39:51] 자동 업데이트를 종료합니다.
[2022-10-04 오후 05:39:54] 환경설정2를 불러오는 중...
[2022-10-04 오후 05:39:54] 환경설정2를 불러왔습니다.
[2022-10-04 오후 05:39:56] 의사랑 업데이트 폴더 선택
[2022-10-04 오후 05:40:03] 저장하기
[2022-10-04 오후 05:40:07] 버튼 버튼 Click
[2022-10-04 오후 05:40:07] DB 확인 중
[2022-10-04 오후 05:40:08] 다나의원DB 실행
[2022-10-04 오후 05:40:20] 다나의원DB와 연결이 되었습니다.
[2022-10-04 오후 05:40:22] TETBL5326 실행
[2022-10-04 오후 05:40:25] 지정된 TETBL파일을 찾을 수 없습니다.
[2022-10-04 오후 05:40:25] 자동 업데이트를 종료합니다.
[2022-10-04 오후 05:40:35] 환경설정2를 불러오는 중...
[2022-10-04 오후 05:40:35] 환경설정2를 불러왔습니다.
[2022-10-04 오후 05:40:37] 저장하기
[2022-10-04 오후 05:40:38] 버튼 버튼 Click
[2022-10-04 오후 05:40:38] DB 확인 중
[2022-10-04 오후 05:40:38] 새로 설정해주세요.DB 실행
[2022-10-04 오후 05:40:51] 새로 설정해주세요.DB와 연결이 되었습니다.
[2022-10-04 오후 05:40:53] TETBL5326 실행
[2022-10-04 오후 05:41:50] 프로그램을 시작합니다.
[2022-10-04 오후 05:41:50] 시작
[2022-10-04 오후 05:41:50] 시작
[2022-10-04 오후 05:41:50] 이미지 불러오기 완료
[2022-10-04 오후 05:41:50] 환경설정을 불러 오는 중...
[2022-10-04 오후 05:41:50] 투명도 : 100%
[2022-10-04 오후 05:41:50] 환경설정을 불러 왔습니다.
[2022-10-04 오후 05:41:51] 준비완료
[2022-10-04 오후 05:41:51] 버튼 버튼 Click
[2022-10-04 오후 05:41:51] DB 확인 중
[2022-10-04 오후 05:41:52] 다나의원DB 실행
[2022-10-04 오후 05:42:04] 다나의원DB와 연결이 되었습니다.
[2022-10-04 오후 05:42:06] TETBL5326 실행
[2022-10-04 오후 05:42:11] 업데이트 중...
[2022-10-04 오후 05:42:27] 업데이트 완료
[2022-10-04 오후 05:42:27] TETBL5327 실행
[2022-10-04 오후 05:42:35] 업데이트 중...
[2022-10-04 오후 05:42:38] 업데이트 완료
[2022-10-04 오후 05:42:38] TETBL5328 실행
[2022-10-04 오후 05:42:42] 업데이트 중...
[2022-10-04 오후 05:42:45] 업데이트 완료
[2022-10-04 오후 05:42:45] TETBL5329 실행
[2022-10-04 오후 05:42:49] 업데이트 중...
