[2022-09-28 오전 11:12:17] 프로그램을 시작합니다.
[2022-09-28 오전 11:12:18] 시작
[2022-09-28 오전 11:12:18] 시작
[2022-09-28 오전 11:12:18] 이미지 불러오기 완료
[2022-09-28 오전 11:12:18] 환경설정1을 불러오는 중...
[2022-09-28 오전 11:12:19] 환경설정을 불러왔습니다.
[2022-09-28 오전 11:12:19] 환경설정2을 불러오는 중...
[2022-09-28 오전 11:12:19] 환경설정을 불러왔습니다.
[2022-09-28 오전 11:13:16] 프로그램을 시작합니다.
[2022-09-28 오전 11:13:17] 시작
[2022-09-28 오전 11:13:17] 시작
[2022-09-28 오전 11:13:17] 이미지 불러오기 완료
[2022-09-28 오전 11:13:17] 환경설정1을 불러오는 중...
[2022-09-28 오전 11:13:17] 환경설정을 불러왔습니다.
[2022-09-28 오전 11:13:17] 환경설정2을 불러오는 중...
[2022-09-28 오전 11:13:18] 환경설정을 불러왔습니다.
[2022-09-28 오전 11:44:28] 프로그램을 시작합니다.
[2022-09-28 오전 11:44:29] 시작
[2022-09-28 오전 11:44:29] 시작
[2022-09-28 오전 11:44:29] 이미지 불러오기 완료
[2022-09-28 오전 11:44:29] 환경설정1을 불러오는 중...
[2022-09-28 오전 11:44:29] 환경설정을 불러왔습니다.
[2022-09-28 오전 11:44:29] 환경설정2을 불러오는 중...
[2022-09-28 오전 11:44:29] 환경설정을 불러왔습니다.
[2022-09-28 오전 11:44:33] 최소 TETBL로 초기화되었습니다.
[2022-09-28 오전 11:44:34] 준비완료
[2022-09-28 오전 11:44:56] 저장
[2022-09-28 오전 11:45:01] 프로그램을 시작합니다.
[2022-09-28 오전 11:45:01] 시작
[2022-09-28 오전 11:45:01] 시작
[2022-09-28 오전 11:45:02] 이미지 불러오기 완료
[2022-09-28 오전 11:45:02] 환경설정1을 불러오는 중...
[2022-09-28 오전 11:45:02] 환경설정을 불러왔습니다.
[2022-09-28 오전 11:45:02] 환경설정2을 불러오는 중...
[2022-09-28 오전 11:45:02] 환경설정을 불러왔습니다.
[2022-09-28 오전 11:46:23] 프로그램을 시작합니다.
[2022-09-28 오전 11:46:24] 시작
[2022-09-28 오전 11:46:24] 시작
[2022-09-28 오전 11:46:25] 이미지 불러오기 완료
[2022-09-28 오전 11:46:25] 환경설정1을 불러오는 중...
[2022-09-28 오전 11:46:25] 환경설정을 불러왔습니다.
[2022-09-28 오전 11:46:25] 환경설정2을 불러오는 중...
[2022-09-28 오전 11:46:25] 환경설정을 불러왔습니다.
[2022-09-28 오후 01:38:56] 프로그램을 시작합니다.
[2022-09-28 오후 01:38:58] 시작
[2022-09-28 오후 01:38:58] 시작
[2022-09-28 오후 01:38:58] 이미지 불러오기 완료
[2022-09-28 오후 01:38:58] 환경설정1을 불러오는 중...
[2022-09-28 오후 01:38:58] 환경설정을 불러왔습니다.
[2022-09-28 오후 01:38:58] 환경설정2을 불러오는 중...
[2022-09-28 오후 01:38:58] 환경설정을 불러왔습니다.
[2022-09-28 오후 01:39:03] 최소 TETBL로 초기화되었습니다.
[2022-09-28 오후 01:39:03] 준비완료
[2022-09-28 오후 01:47:30] 프로그램을 시작합니다.
[2022-09-28 오후 01:47:31] 시작
[2022-09-28 오후 01:47:31] 시작
[2022-09-28 오후 01:47:32] 이미지 불러오기 완료
[2022-09-28 오후 01:47:32] 환경설정1을 불러오는 중...
[2022-09-28 오후 01:47:32] 환경설정을 불러왔습니다.
[2022-09-28 오후 01:47:32] 환경설정2을 불러오는 중...
[2022-09-28 오후 01:47:32] 환경설정을 불러왔습니다.
[2022-09-28 오후 01:47:56] 최소 TETBL로 초기화되었습니다.
[2022-09-28 오후 01:47:56] 준비완료
[2022-09-28 오후 01:47:57] 저장
[2022-09-28 오후 01:48:15] 프로그램을 시작합니다.
[2022-09-28 오후 01:48:16] 시작
[2022-09-28 오후 01:48:16] 시작
[2022-09-28 오후 01:48:16] 이미지 불러오기 완료
[2022-09-28 오후 01:48:16] 환경설정1을 불러오는 중...
[2022-09-28 오후 01:48:17] 환경설정을 불러왔습니다.
[2022-09-28 오후 01:48:17] 환경설정2을 불러오는 중...
[2022-09-28 오후 01:48:17] 환경설정을 불러왔습니다.
[2022-09-28 오후 01:48:18] 준비완료
[2022-09-28 오후 01:48:27] 환경설정2를 불러오는 중...
[2022-09-28 오후 01:48:27] 환경설정2를 불러왔습니다.
[2022-09-28 오후 01:50:37] 저장하기
[2022-09-28 오후 01:50:37] 다시 로드
[2022-09-28 오후 01:50:38] COM_MIN = 5200, sTETBLSMIN = 5300
[2022-09-28 오후 01:50:38] 현재 값이 설정 값 보다 작습니다.
[2022-09-28 오후 01:50:43] 프로그램을 시작합니다.
[2022-09-28 오후 01:50:44] 시작
[2022-09-28 오후 01:50:44] 시작
[2022-09-28 오후 01:50:44] 이미지 불러오기 완료
[2022-09-28 오후 01:50:44] 환경설정1을 불러오는 중...
[2022-09-28 오후 01:50:44] 환경설정을 불러왔습니다.
[2022-09-28 오후 01:50:44] 환경설정2을 불러오는 중...
[2022-09-28 오후 01:50:44] 환경설정을 불러왔습니다.
[2022-09-28 오후 01:50:46] 준비완료
[2022-09-28 오후 01:52:20] 프로그램을 시작합니다.
[2022-09-28 오후 01:52:20] 시작
[2022-09-28 오후 01:52:21] 시작
[2022-09-28 오후 01:52:21] 이미지 불러오기 완료
[2022-09-28 오후 01:52:21] 환경설정1을 불러오는 중...
[2022-09-28 오후 01:52:21] 환경설정을 불러왔습니다.
[2022-09-28 오후 01:52:21] 환경설정2을 불러오는 중...
[2022-09-28 오후 01:52:21] 환경설정을 불러왔습니다.
[2022-09-28 오후 02:11:11] 프로그램을 시작합니다.
[2022-09-28 오후 02:11:12] 시작
[2022-09-28 오후 02:11:12] 시작
[2022-09-28 오후 02:11:12] 이미지 불러오기 완료
[2022-09-28 오후 02:11:12] 환경설정1을 불러오는 중...
[2022-09-28 오후 02:11:12] 환경설정을 불러왔습니다.
[2022-09-28 오후 02:11:12] 환경설정2을 불러오는 중...
[2022-09-28 오후 02:11:12] 환경설정을 불러왔습니다.
[2022-09-28 오후 02:11:32] 프로그램을 시작합니다.
[2022-09-28 오후 02:11:33] 시작
[2022-09-28 오후 02:11:33] 시작
[2022-09-28 오후 02:11:33] 이미지 불러오기 완료
[2022-09-28 오후 02:11:34] 환경설정1을 불러오는 중...
[2022-09-28 오후 02:11:34] 환경설정을 불러왔습니다.
[2022-09-28 오후 02:11:34] 환경설정2을 불러오는 중...
[2022-09-28 오후 02:11:34] 환경설정을 불러왔습니다.
[2022-09-28 오후 03:31:16] 프로그램을 시작합니다.
[2022-09-28 오후 03:31:16] 시작
[2022-09-28 오후 03:31:17] 시작
[2022-09-28 오후 03:31:17] 이미지 불러오기 완료
[2022-09-28 오후 03:31:17] 환경설정1을 불러오는 중...
[2022-09-28 오후 03:31:17] 환경설정을 불러왔습니다.
[2022-09-28 오후 03:31:17] 환경설정2을 불러오는 중...
[2022-09-28 오후 03:31:17] 환경설정을 불러왔습니다.
[2022-09-28 오후 03:31:37] 프로그램을 시작합니다.
[2022-09-28 오후 03:31:38] 시작
[2022-09-28 오후 03:31:38] 시작
[2022-09-28 오후 03:31:38] 이미지 불러오기 완료
[2022-09-28 오후 03:31:38] 환경설정1을 불러오는 중...
[2022-09-28 오후 03:31:39] 환경설정을 불러왔습니다.
[2022-09-28 오후 03:31:39] 환경설정2을 불러오는 중...
[2022-09-28 오후 03:31:39] 환경설정을 불러왔습니다.
[2022-09-28 오후 03:31:50] 프로그램을 시작합니다.
[2022-09-28 오후 03:31:51] 시작
[2022-09-28 오후 03:31:51] 시작
[2022-09-28 오후 03:31:51] 이미지 불러오기 완료
[2022-09-28 오후 03:31:51] 환경설정1을 불러오는 중...
[2022-09-28 오후 03:31:51] 환경설정을 불러왔습니다.
[2022-09-28 오후 03:31:51] 환경설정2을 불러오는 중...
[2022-09-28 오후 03:31:51] 환경설정을 불러왔습니다.
[2022-09-28 오후 03:32:41] 프로그램을 시작합니다.
[2022-09-28 오후 03:32:42] 시작
[2022-09-28 오후 03:32:42] 시작
[2022-09-28 오후 03:32:42] 이미지 불러오기 완료
[2022-09-28 오후 03:32:42] 환경설정1을 불러오는 중...
[2022-09-28 오후 03:32:42] 환경설정을 불러왔습니다.
[2022-09-28 오후 03:32:42] 환경설정2을 불러오는 중...
[2022-09-28 오후 03:32:42] 환경설정을 불러왔습니다.
[2022-09-28 오후 03:33:29] 프로그램을 시작합니다.
[2022-09-28 오후 03:33:29] 시작
[2022-09-28 오후 03:33:29] 시작
[2022-09-28 오후 03:33:30] 이미지 불러오기 완료
[2022-09-28 오후 03:33:30] 환경설정1을 불러오는 중...
[2022-09-28 오후 03:33:30] 환경설정을 불러왔습니다.
[2022-09-28 오후 03:33:30] 환경설정2을 불러오는 중...
[2022-09-28 오후 03:33:30] 환경설정을 불러왔습니다.
[2022-09-28 오후 03:34:56] 프로그램을 시작합니다.
[2022-09-28 오후 03:34:57] 시작
[2022-09-28 오후 03:34:57] 시작
[2022-09-28 오후 03:34:57] 이미지 불러오기 완료
[2022-09-28 오후 03:34:57] 환경설정1을 불러오는 중...
[2022-09-28 오후 03:34:58] 환경설정을 불러왔습니다.
[2022-09-28 오후 03:34:58] 환경설정2을 불러오는 중...
[2022-09-28 오후 03:34:58] 환경설정을 불러왔습니다.
[2022-09-28 오후 03:35:23] 프로그램을 시작합니다.
[2022-09-28 오후 03:35:24] 시작
[2022-09-28 오후 03:35:24] 시작
[2022-09-28 오후 03:35:24] 이미지 불러오기 완료
[2022-09-28 오후 03:35:24] 환경설정1을 불러오는 중...
[2022-09-28 오후 03:35:25] 환경설정을 불러왔습니다.
[2022-09-28 오후 03:35:25] 환경설정2을 불러오는 중...
[2022-09-28 오후 03:35:25] 환경설정을 불러왔습니다.
[2022-09-28 오후 03:36:16] 프로그램을 시작합니다.
[2022-09-28 오후 03:36:16] 시작
[2022-09-28 오후 03:36:16] 시작
[2022-09-28 오후 03:36:17] 이미지 불러오기 완료
[2022-09-28 오후 03:36:17] 환경설정1을 불러오는 중...
[2022-09-28 오후 03:36:17] 환경설정을 불러왔습니다.
[2022-09-28 오후 03:36:17] 환경설정2을 불러오는 중...
[2022-09-28 오후 03:36:17] 환경설정을 불러왔습니다.
[2022-09-28 오후 03:36:56] 프로그램을 시작합니다.
[2022-09-28 오후 03:36:56] 시작
[2022-09-28 오후 03:36:57] 시작
[2022-09-28 오후 03:36:57] 이미지 불러오기 완료
[2022-09-28 오후 03:36:57] 환경설정1을 불러오는 중...
[2022-09-28 오후 03:36:57] 환경설정을 불러왔습니다.
[2022-09-28 오후 03:36:57] 환경설정2을 불러오는 중...
[2022-09-28 오후 03:36:57] 환경설정을 불러왔습니다.
[2022-09-28 오후 03:37:52] 프로그램을 시작합니다.
[2022-09-28 오후 03:37:52] 시작
[2022-09-28 오후 03:37:53] 시작
[2022-09-28 오후 03:37:53] 이미지 불러오기 완료
[2022-09-28 오후 03:37:53] 환경설정1을 불러오는 중...
[2022-09-28 오후 03:37:53] 환경설정을 불러왔습니다.
[2022-09-28 오후 03:37:53] 환경설정2을 불러오는 중...
[2022-09-28 오후 03:37:53] 환경설정을 불러왔습니다.
[2022-09-28 오후 03:38:09] 프로그램을 시작합니다.
[2022-09-28 오후 03:38:09] 시작
[2022-09-28 오후 03:38:10] 시작
[2022-09-28 오후 03:38:10] 이미지 불러오기 완료
[2022-09-28 오후 03:38:10] 환경설정1을 불러오는 중...
[2022-09-28 오후 03:38:10] 환경설정을 불러왔습니다.
[2022-09-28 오후 03:38:10] 환경설정2을 불러오는 중...
[2022-09-28 오후 03:38:10] 환경설정을 불러왔습니다.
[2022-09-28 오후 03:38:12] 준비완료
[2022-09-28 오후 03:40:15] 프로그램을 시작합니다.
[2022-09-28 오후 03:40:16] 시작
[2022-09-28 오후 03:40:16] 시작
[2022-09-28 오후 03:40:16] 이미지 불러오기 완료
[2022-09-28 오후 03:40:16] 환경설정1을 불러오는 중...
[2022-09-28 오후 03:40:16] 환경설정을 불러왔습니다.
[2022-09-28 오후 03:40:16] 환경설정2을 불러오는 중...
[2022-09-28 오후 03:40:17] 환경설정을 불러왔습니다.
[2022-09-28 오후 03:40:20] 준비완료
[2022-09-28 오후 03:40:25] 프로그램을 시작합니다.
[2022-09-28 오후 03:40:26] 시작
[2022-09-28 오후 03:40:26] 시작
[2022-09-28 오후 03:40:26] 이미지 불러오기 완료
[2022-09-28 오후 03:40:26] 환경설정1을 불러오는 중...
[2022-09-28 오후 03:40:26] 환경설정을 불러왔습니다.
[2022-09-28 오후 03:40:26] 환경설정2을 불러오는 중...
[2022-09-28 오후 03:40:26] 환경설정을 불러왔습니다.
[2022-09-28 오후 03:40:28] 준비완료
[2022-09-28 오후 03:40:39] 프로그램을 시작합니다.
[2022-09-28 오후 03:40:39] 시작
[2022-09-28 오후 03:40:39] 시작
[2022-09-28 오후 03:40:40] 이미지 불러오기 완료
[2022-09-28 오후 03:40:40] 환경설정1을 불러오는 중...
[2022-09-28 오후 03:40:40] 환경설정을 불러왔습니다.
[2022-09-28 오후 03:40:40] 환경설정2을 불러오는 중...
[2022-09-28 오후 03:40:40] 환경설정을 불러왔습니다.
[2022-09-28 오후 03:40:56] 준비완료
[2022-09-28 오후 03:44:47] 프로그램을 시작합니다.
[2022-09-28 오후 03:44:47] 시작
[2022-09-28 오후 03:44:47] 시작
[2022-09-28 오후 03:44:48] 이미지 불러오기 완료
[2022-09-28 오후 03:44:48] 환경설정1을 불러오는 중...
[2022-09-28 오후 03:44:48] 환경설정을 불러왔습니다.
[2022-09-28 오후 03:44:48] 환경설정2을 불러오는 중...
[2022-09-28 오후 03:44:48] 환경설정을 불러왔습니다.
[2022-09-28 오후 03:44:53] 준비완료
[2022-09-28 오후 03:44:56] 저장
[2022-09-28 오후 03:45:04] 프로그램을 시작합니다.
[2022-09-28 오후 03:45:04] 시작
[2022-09-28 오후 03:45:04] 시작
[2022-09-28 오후 03:45:05] 이미지 불러오기 완료
[2022-09-28 오후 03:45:05] 환경설정1을 불러오는 중...
[2022-09-28 오후 03:45:05] 환경설정을 불러왔습니다.
[2022-09-28 오후 03:45:05] 환경설정2을 불러오는 중...
[2022-09-28 오후 03:45:05] 환경설정을 불러왔습니다.
[2022-09-28 오후 03:45:19] 준비완료
[2022-09-28 오후 03:45:45] 프로그램을 시작합니다.
[2022-09-28 오후 03:45:46] 시작
[2022-09-28 오후 03:45:46] 시작
[2022-09-28 오후 03:45:46] 이미지 불러오기 완료
[2022-09-28 오후 03:45:46] 환경설정1을 불러오는 중...
[2022-09-28 오후 03:45:46] 환경설정을 불러왔습니다.
[2022-09-28 오후 03:45:46] 환경설정2을 불러오는 중...
[2022-09-28 오후 03:45:47] 환경설정을 불러왔습니다.
[2022-09-28 오후 03:45:49] 준비완료
[2022-09-28 오후 03:51:04] 프로그램을 시작합니다.
[2022-09-28 오후 03:51:05] 시작
[2022-09-28 오후 03:51:05] 시작
[2022-09-28 오후 03:51:05] 이미지 불러오기 완료
[2022-09-28 오후 03:51:05] 환경설정1을 불러오는 중...
[2022-09-28 오후 03:51:05] 환경설정을 불러왔습니다.
[2022-09-28 오후 03:51:05] 환경설정2을 불러오는 중...
[2022-09-28 오후 03:51:05] 환경설정을 불러왔습니다.
[2022-09-28 오후 03:51:06] 초기화(사유: 현재값이 설정값보다 작습니다.)
[2022-09-28 오후 03:51:07] 준비완료
[2022-09-28 오후 03:54:59] 프로그램을 시작합니다.
[2022-09-28 오후 03:55:00] 시작
[2022-09-28 오후 03:55:00] 시작
[2022-09-28 오후 03:55:00] 이미지 불러오기 완료
[2022-09-28 오후 03:55:00] 환경설정1을 불러오는 중...
[2022-09-28 오후 03:55:00] 환경설정을 불러왔습니다.
[2022-09-28 오후 03:55:01] 환경설정2을 불러오는 중...
[2022-09-28 오후 03:55:01] 환경설정을 불러왔습니다.
[2022-09-28 오후 03:55:02] 초기화(사유: 현재값이 설정값보다 작습니다.)
[2022-09-28 오후 03:55:02] 최소 TETBL5300로 초기화되었습니다.
[2022-09-28 오후 03:55:04] 준비완료
[2022-09-28 오후 04:36:12] 프로그램을 시작합니다.
[2022-09-28 오후 04:36:13] 시작
[2022-09-28 오후 04:36:13] 시작
[2022-09-28 오후 04:36:13] 이미지 불러오기 완료
[2022-09-28 오후 04:36:13] 환경설정1을 불러오는 중...
[2022-09-28 오후 04:36:13] 환경설정을 불러왔습니다.
[2022-09-28 오후 04:36:13] 환경설정2을 불러오는 중...
[2022-09-28 오후 04:36:13] 환경설정을 불러왔습니다.
[2022-09-28 오후 04:36:13] 초기화(사유: 최소 현재값이 최소 설정값보다 작습니다.)
[2022-09-28 오후 04:36:14] 최소 TETBL5300로 초기화되었습니다.
[2022-09-28 오후 04:37:51] 프로그램을 시작합니다.
[2022-09-28 오후 04:37:52] 시작
[2022-09-28 오후 04:37:52] 시작
[2022-09-28 오후 04:37:52] 이미지 불러오기 완료
[2022-09-28 오후 04:37:52] 환경설정1을 불러오는 중...
[2022-09-28 오후 04:37:52] 환경설정을 불러왔습니다.
[2022-09-28 오후 04:37:52] 환경설정2을 불러오는 중...
[2022-09-28 오후 04:37:52] 환경설정을 불러왔습니다.
[2022-09-28 오후 04:38:35] 프로그램을 시작합니다.
[2022-09-28 오후 04:38:36] 시작
[2022-09-28 오후 04:38:36] 시작
[2022-09-28 오후 04:38:36] 이미지 불러오기 완료
[2022-09-28 오후 04:38:36] 환경설정1을 불러오는 중...
[2022-09-28 오후 04:38:37] 환경설정을 불러왔습니다.
[2022-09-28 오후 04:38:37] 환경설정2을 불러오는 중...
[2022-09-28 오후 04:38:37] 환경설정을 불러왔습니다.
[2022-09-28 오후 04:38:51] 프로그램을 시작합니다.
[2022-09-28 오후 04:38:52] 시작
[2022-09-28 오후 04:38:52] 시작
[2022-09-28 오후 04:38:52] 이미지 불러오기 완료
[2022-09-28 오후 04:38:52] 환경설정1을 불러오는 중...
[2022-09-28 오후 04:38:52] 환경설정을 불러왔습니다.
[2022-09-28 오후 04:38:52] 환경설정2을 불러오는 중...
[2022-09-28 오후 04:38:52] 환경설정을 불러왔습니다.
[2022-09-28 오후 04:38:53] 준비완료
[2022-09-28 오후 04:39:01] 저장
[2022-09-28 오후 04:39:15] 프로그램을 시작합니다.
[2022-09-28 오후 04:39:15] 시작
[2022-09-28 오후 04:39:15] 시작
[2022-09-28 오후 04:39:16] 이미지 불러오기 완료
[2022-09-28 오후 04:39:16] 환경설정1을 불러오는 중...
[2022-09-28 오후 04:39:16] 환경설정을 불러왔습니다.
[2022-09-28 오후 04:39:16] 환경설정2을 불러오는 중...
[2022-09-28 오후 04:39:16] 환경설정을 불러왔습니다.
[2022-09-28 오후 04:39:27] 준비완료
[2022-09-28 오후 04:40:23] 프로그램을 시작합니다.
[2022-09-28 오후 04:40:23] 시작
[2022-09-28 오후 04:40:23] 시작
[2022-09-28 오후 04:40:24] 이미지 불러오기 완료
[2022-09-28 오후 04:40:24] 환경설정1을 불러오는 중...
[2022-09-28 오후 04:40:24] 환경설정을 불러왔습니다.
[2022-09-28 오후 04:40:24] 환경설정2을 불러오는 중...
[2022-09-28 오후 04:40:24] 환경설정을 불러왔습니다.
[2022-09-28 오후 04:40:32] 준비완료
[2022-09-28 오후 04:40:59] 프로그램을 시작합니다.
[2022-09-28 오후 04:40:59] 시작
[2022-09-28 오후 04:41:00] 시작
[2022-09-28 오후 04:41:00] 이미지 불러오기 완료
[2022-09-28 오후 04:41:00] 환경설정1을 불러오는 중...
[2022-09-28 오후 04:41:00] 환경설정을 불러왔습니다.
[2022-09-28 오후 04:41:00] 환경설정2을 불러오는 중...
[2022-09-28 오후 04:41:00] 환경설정을 불러왔습니다.
[2022-09-28 오후 04:41:13] 프로그램을 시작합니다.
[2022-09-28 오후 04:41:14] 시작
[2022-09-28 오후 04:41:14] 시작
[2022-09-28 오후 04:41:14] 이미지 불러오기 완료
[2022-09-28 오후 04:41:14] 환경설정1을 불러오는 중...
[2022-09-28 오후 04:41:14] 환경설정을 불러왔습니다.
[2022-09-28 오후 04:41:14] 환경설정2을 불러오는 중...
[2022-09-28 오후 04:41:14] 환경설정을 불러왔습니다.
[2022-09-28 오후 04:41:17] 준비완료
[2022-09-28 오후 04:41:18] 환경설정2를 불러오는 중...
[2022-09-28 오후 04:41:19] 환경설정2를 불러왔습니다.
[2022-09-28 오후 04:41:37] 프로그램을 시작합니다.
[2022-09-28 오후 04:41:38] 시작
[2022-09-28 오후 04:41:38] 시작
[2022-09-28 오후 04:41:39] 이미지 불러오기 완료
[2022-09-28 오후 04:41:39] 환경설정1을 불러오는 중...
[2022-09-28 오후 04:41:39] 환경설정을 불러왔습니다.
[2022-09-28 오후 04:41:39] 환경설정2을 불러오는 중...
[2022-09-28 오후 04:41:39] 환경설정을 불러왔습니다.
[2022-09-28 오후 04:45:04] 프로그램을 시작합니다.
[2022-09-28 오후 04:45:04] 시작
[2022-09-28 오후 04:45:05] 시작
[2022-09-28 오후 04:45:05] 이미지 불러오기 완료
[2022-09-28 오후 04:45:05] 환경설정1을 불러오는 중...
[2022-09-28 오후 04:45:05] 환경설정을 불러왔습니다.
[2022-09-28 오후 04:45:05] 환경설정2을 불러오는 중...
[2022-09-28 오후 04:45:05] 환경설정을 불러왔습니다.
[2022-09-28 오후 04:45:08] 초기화(사유: 현재 최대값이 현재 최소값보다 작습니다.)
[2022-09-28 오후 04:45:08] 최소 TETBL5300로 초기화되었습니다.
[2022-09-28 오후 04:45:08] 초기화(사유: 현재 최대값이 현재 최소값보다 작습니다.)
[2022-09-28 오후 04:45:08] 최대 TETBL5300로 초기화되었습니다.
[2022-09-28 오후 04:45:12] 준비완료
[2022-09-28 오후 04:45:24] 프로그램을 시작합니다.
[2022-09-28 오후 04:45:24] 시작
[2022-09-28 오후 04:45:24] 시작
[2022-09-28 오후 04:45:25] 이미지 불러오기 완료
[2022-09-28 오후 04:45:25] 환경설정1을 불러오는 중...
[2022-09-28 오후 04:45:25] 환경설정을 불러왔습니다.
[2022-09-28 오후 04:45:25] 환경설정2을 불러오는 중...
[2022-09-28 오후 04:45:25] 환경설정을 불러왔습니다.
[2022-09-28 오후 04:45:26] 초기화(사유: 현재 최대값이 현재 최소값보다 작습니다.)
[2022-09-28 오후 04:45:27] 최소 TETBL5300로 초기화되었습니다.
[2022-09-28 오후 04:45:27] 초기화(사유: 현재 최대값이 현재 최소값보다 작습니다.)
[2022-09-28 오후 04:45:27] 최대 TETBL5300로 초기화되었습니다.
[2022-09-28 오후 04:45:29] 준비완료
[2022-09-28 오후 04:45:37] 프로그램을 시작합니다.
[2022-09-28 오후 04:45:38] 시작
[2022-09-28 오후 04:45:38] 시작
[2022-09-28 오후 04:45:38] 이미지 불러오기 완료
[2022-09-28 오후 04:45:38] 환경설정1을 불러오는 중...
[2022-09-28 오후 04:45:38] 환경설정을 불러왔습니다.
[2022-09-28 오후 04:45:39] 환경설정2을 불러오는 중...
[2022-09-28 오후 04:45:39] 환경설정을 불러왔습니다.
[2022-09-28 오후 04:45:40] 초기화(사유: 현재 최대값이 현재 최소값보다 작습니다.)
[2022-09-28 오후 04:45:40] 최소 TETBL5300로 초기화되었습니다.
[2022-09-28 오후 04:45:41] 초기화(사유: 현재 최대값이 현재 최소값보다 작습니다.)
[2022-09-28 오후 04:45:41] 최대 TETBL5300로 초기화되었습니다.
[2022-09-28 오후 04:45:42] 준비완료
[2022-09-28 오후 04:47:47] 프로그램을 시작합니다.
[2022-09-28 오후 04:47:47] 시작
[2022-09-28 오후 04:47:47] 시작
[2022-09-28 오후 04:47:48] 이미지 불러오기 완료
[2022-09-28 오후 04:47:48] 환경설정1을 불러오는 중...
[2022-09-28 오후 04:47:48] 환경설정을 불러왔습니다.
[2022-09-28 오후 04:47:48] 환경설정2을 불러오는 중...
[2022-09-28 오후 04:47:48] 환경설정을 불러왔습니다.
[2022-09-28 오후 04:47:50] 초기화(사유: 현재 최대값이 현재 최소값보다 작습니다.)
[2022-09-28 오후 04:47:50] 최소 TETBL5300로 초기화되었습니다.
[2022-09-28 오후 04:47:50] 초기화(사유: 현재 최대값이 현재 최소값보다 작습니다.)
[2022-09-28 오후 04:47:50] 최대 TETBL5300로 초기화되었습니다.
[2022-09-28 오후 04:47:52] 준비완료
[2022-09-28 오후 04:48:01] 프로그램을 시작합니다.
[2022-09-28 오후 04:48:02] 시작
[2022-09-28 오후 04:48:02] 시작
[2022-09-28 오후 04:48:02] 이미지 불러오기 완료
[2022-09-28 오후 04:48:02] 환경설정1을 불러오는 중...
[2022-09-28 오후 04:48:03] 환경설정을 불러왔습니다.
[2022-09-28 오후 04:48:03] 환경설정2을 불러오는 중...
[2022-09-28 오후 04:48:03] 환경설정을 불러왔습니다.
[2022-09-28 오후 04:49:14] 초기화(사유: 현재 최대값이 현재 최소값보다 작습니다.)
[2022-09-28 오후 04:49:14] 최소 TETBL5300로 초기화되었습니다.
[2022-09-28 오후 04:49:14] 초기화(사유: 현재 최대값이 현재 최소값보다 작습니다.)
[2022-09-28 오후 04:49:14] 최대 TETBL5300로 초기화되었습니다.
[2022-09-28 오후 04:49:16] 준비완료
[2022-09-28 오후 04:53:04] 프로그램을 시작합니다.
[2022-09-28 오후 04:53:05] 시작
[2022-09-28 오후 04:53:05] 시작
[2022-09-28 오후 04:53:05] 이미지 불러오기 완료
[2022-09-28 오후 04:53:05] 환경설정1을 불러오는 중...
[2022-09-28 오후 04:53:05] 환경설정을 불러왔습니다.
[2022-09-28 오후 04:53:05] 환경설정2을 불러오는 중...
[2022-09-28 오후 04:53:05] 환경설정을 불러왔습니다.
[2022-09-28 오후 04:53:07] 초기화(사유: 현재 최대값이 현재 최소값보다 작습니다.)
[2022-09-28 오후 04:53:07] 최소 TETBL5300로 초기화되었습니다.
[2022-09-28 오후 04:53:07] 초기화(사유: 현재 최대값이 현재 최소값보다 작습니다.)
[2022-09-28 오후 04:53:07] 최대 TETBL5300로 초기화되었습니다.
[2022-09-28 오후 04:53:08] 준비완료
[2022-09-28 오후 04:53:09] 환경설정1을 불러오는 중...
[2022-09-28 오후 04:53:10] 환경설정을 불러왔습니다.
[2022-09-28 오후 04:53:10] 환경설정2을 불러오는 중...
[2022-09-28 오후 04:53:10] 환경설정을 불러왔습니다.
[2022-09-28 오후 04:53:10] 최소 TETBL5300를 선택하셨습니다.
[2022-09-28 오후 04:53:12] 초기화(사유: 현재 최대값이 현재 최소값보다 작습니다.)
[2022-09-28 오후 04:53:12] 최소 TETBL5300로 초기화되었습니다.
[2022-09-28 오후 04:53:12] 초기화(사유: 현재 최대값이 현재 최소값보다 작습니다.)
[2022-09-28 오후 04:53:12] 최대 TETBL5300로 초기화되었습니다.
[2022-09-28 오후 04:53:14] 준비완료
[2022-09-28 오후 04:54:27] 프로그램을 시작합니다.
[2022-09-28 오후 04:54:28] 시작
[2022-09-28 오후 04:54:28] 시작
[2022-09-28 오후 04:54:28] 이미지 불러오기 완료
[2022-09-28 오후 04:54:28] 환경설정1을 불러오는 중...
[2022-09-28 오후 04:54:28] 환경설정을 불러왔습니다.
[2022-09-28 오후 04:54:28] 환경설정2을 불러오는 중...
[2022-09-28 오후 04:54:28] 환경설정을 불러왔습니다.
[2022-09-28 오후 04:54:29] 준비완료
[2022-09-28 오후 04:54:31] 환경설정1을 불러오는 중...
[2022-09-28 오후 04:54:31] 환경설정을 불러왔습니다.
[2022-09-28 오후 04:54:31] 환경설정2을 불러오는 중...
[2022-09-28 오후 04:54:31] 환경설정을 불러왔습니다.
[2022-09-28 오후 04:54:31] 준비완료
[2022-09-28 오후 04:56:21] 프로그램을 시작합니다.
[2022-09-28 오후 04:56:21] 시작
[2022-09-28 오후 04:56:21] 시작
[2022-09-28 오후 04:56:22] 이미지 불러오기 완료
[2022-09-28 오후 04:56:22] 환경설정을 불러 오는 중...
[2022-09-28 오후 04:56:22] 환경설정1을 불러오는 중...
[2022-09-28 오후 04:56:22] 준비완료
[2022-09-28 오후 04:56:22] 환경설정을 불러왔습니다.
[2022-09-28 오후 04:56:24] 환경설정1을 불러오는 중...
[2022-09-28 오후 04:56:24] 준비완료
[2022-09-28 오후 04:56:26] 환경설정1을 불러오는 중...
[2022-09-28 오후 04:56:26] 준비완료
[2022-09-28 오후 04:56:49] 프로그램을 시작합니다.
[2022-09-28 오후 04:56:49] 시작
[2022-09-28 오후 04:56:49] 시작
[2022-09-28 오후 04:56:50] 이미지 불러오기 완료
[2022-09-28 오후 04:56:50] 환경설정을 불러 오는 중...
[2022-09-28 오후 04:56:50] 환경설정1을 불러오는 중...
[2022-09-28 오후 04:56:50] 환경설정을 불러왔습니다.
[2022-09-28 오후 04:56:50] 준비완료
[2022-09-28 오후 04:56:52] 환경설정1을 불러오는 중...
[2022-09-28 오후 04:56:55] 환경설정1을 불러오는 중...
[2022-09-28 오후 04:57:03] 프로그램을 시작합니다.
[2022-09-28 오후 04:57:04] 시작
[2022-09-28 오후 04:57:04] 시작
[2022-09-28 오후 04:57:04] 이미지 불러오기 완료
[2022-09-28 오후 04:57:04] 환경설정을 불러 오는 중...
[2022-09-28 오후 04:57:05] 환경설정을 불러왔습니다.
[2022-09-28 오후 04:57:05] 준비완료
[2022-09-28 오후 04:57:11] 프로그램을 시작합니다.
[2022-09-28 오후 04:57:12] 시작
[2022-09-28 오후 04:57:12] 시작
[2022-09-28 오후 04:57:12] 이미지 불러오기 완료
[2022-09-28 오후 04:57:12] 환경설정을 불러 오는 중...
[2022-09-28 오후 04:57:12] 환경설정을 불러 왔습니다.
[2022-09-28 오후 04:57:12] 준비완료
[2022-09-28 오후 04:57:21] 환경설정2를 불러오는 중...
[2022-09-28 오후 04:57:21] 환경설정2를 불러왔습니다.
[2022-09-28 오후 04:57:24] 저장하기
[2022-09-28 오후 04:57:24] 다시 로드
[2022-09-28 오후 04:57:30] 최대 TETBL5389를 선택하셨습니다.
[2022-09-28 오후 04:57:44] 최소 TETBL5377를 선택하셨습니다.
[2022-09-28 오후 04:57:46] 최대 TETBL5302를 선택하셨습니다.
[2022-09-28 오후 05:01:39] 프로그램을 시작합니다.
[2022-09-28 오후 05:01:39] 시작
[2022-09-28 오후 05:01:39] 시작
[2022-09-28 오후 05:01:40] 이미지 불러오기 완료
[2022-09-28 오후 05:01:40] 환경설정을 불러 오는 중...
[2022-09-28 오후 05:01:40] 환경설정을 불러 왔습니다.
[2022-09-28 오후 05:01:40] 준비완료
[2022-09-28 오후 05:01:44] 최대 TETBL5328를 선택하셨습니다.
[2022-09-28 오후 05:01:49] 최대 TETBL5326를 선택하셨습니다.
[2022-09-28 오후 05:02:21] 프로그램을 시작합니다.
[2022-09-28 오후 05:02:22] 시작
[2022-09-28 오후 05:02:22] 시작
[2022-09-28 오후 05:02:22] 이미지 불러오기 완료
[2022-09-28 오후 05:02:22] 환경설정을 불러 오는 중...
[2022-09-28 오후 05:02:22] 환경설정을 불러 왔습니다.
[2022-09-28 오후 05:02:22] 준비완료
[2022-09-28 오후 05:02:24] 최대 TETBL5343를 선택하셨습니다.
[2022-09-28 오후 05:02:29] 최대 TETBL5347를 선택하셨습니다.
[2022-09-28 오후 05:03:26] 프로그램을 시작합니다.
[2022-09-28 오후 05:03:26] 시작
[2022-09-28 오후 05:03:27] 시작
[2022-09-28 오후 05:03:27] 이미지 불러오기 완료
[2022-09-28 오후 05:03:27] 환경설정을 불러 오는 중...
[2022-09-28 오후 05:03:27] 환경설정을 불러 왔습니다.
[2022-09-28 오후 05:03:27] 준비완료
[2022-09-28 오후 05:03:29] 최대 TETBL5356를 선택하셨습니다.
[2022-09-28 오후 05:03:29] 초기화(사유: 현재 최대값이 현재 최소값보다 작습니다.)
[2022-09-28 오후 05:03:29] 최소 TETBL5300로 초기화되었습니다.
[2022-09-28 오후 05:03:40] 최소 TETBL5356를 선택하셨습니다.
[2022-09-28 오후 05:03:43] 최대 TETBL5328를 선택하셨습니다.
[2022-09-28 오후 05:03:43] 초기화(사유: 현재 최대값이 현재 최소값보다 작습니다.)
[2022-09-28 오후 05:03:43] 최소 TETBL5300로 초기화되었습니다.
[2022-09-28 오후 05:03:50] 최소 TETBL5328를 선택하셨습니다.
[2022-09-28 오후 05:03:54] 최대 TETBL5316를 선택하셨습니다.
[2022-09-28 오후 05:03:54] 초기화(사유: 현재 최대값이 현재 최소값보다 작습니다.)
[2022-09-28 오후 05:03:54] 최소 TETBL5300로 초기화되었습니다.
[2022-09-28 오후 05:04:31] 최소 TETBL5316를 선택하셨습니다.
[2022-09-28 오후 05:04:34] 최대 TETBL5389를 선택하셨습니다.
[2022-09-28 오후 05:04:42] 최소 TETBL5300를 선택하셨습니다.
[2022-09-28 오후 05:04:46] 최소 TETBL5389를 선택하셨습니다.
[2022-09-28 오후 05:04:48] 최대 TETBL5388를 선택하셨습니다.
[2022-09-28 오후 05:04:48] 초기화(사유: 현재 최대값이 현재 최소값보다 작습니다.)
[2022-09-28 오후 05:04:48] 최소 TETBL5300로 초기화되었습니다.
[2022-09-28 오후 05:04:55] 최소 TETBL5315를 선택하셨습니다.
[2022-09-28 오후 05:04:59] 최대 TETBL5302를 선택하셨습니다.
[2022-09-28 오후 05:04:59] 초기화(사유: 현재 최대값이 현재 최소값보다 작습니다.)
[2022-09-28 오후 05:04:59] 최소 TETBL5300로 초기화되었습니다.
[2022-09-28 오후 05:29:09] 프로그램을 시작합니다.
[2022-09-28 오후 05:29:10] 시작
[2022-09-28 오후 05:29:10] 시작
[2022-09-28 오후 05:29:10] 이미지 불러오기 완료
[2022-09-28 오후 05:29:10] 환경설정을 불러 오는 중...
[2022-09-28 오후 05:29:10] 환경설정을 불러 왔습니다.
[2022-09-28 오후 05:29:10] 준비완료
[2022-09-28 오후 05:31:31] 프로그램을 시작합니다.
[2022-09-28 오후 05:31:31] 시작
[2022-09-28 오후 05:31:31] 시작
[2022-09-28 오후 05:31:32] 이미지 불러오기 완료
[2022-09-28 오후 05:31:32] 환경설정을 불러 오는 중...
[2022-09-28 오후 05:31:32] 환경설정을 불러 왔습니다.
[2022-09-28 오후 05:31:32] 준비완료
[2022-09-28 오후 05:31:39] 최대 TETBL5325를 선택하셨습니다.
