[2022-10-25 오후 01:34:15] 프로그램을 시작합니다.
[2022-10-25 오후 01:34:15] 시작
[2022-10-25 오후 01:34:15] 시작
[2022-10-25 오후 01:34:15] 이미지 불러오기 완료
[2022-10-25 오후 01:34:16] 환경설정을 불러 오는 중...
[2022-10-25 오후 01:34:16] 투명도 : 100%
[2022-10-25 오후 01:34:16] 환경설정을 불러 왔습니다.
[2022-10-25 오후 01:34:16] 준비완료
[2022-10-25 오후 01:34:17] 저장
[2022-10-25 오후 01:34:17] 종료
[2022-10-25 오후 01:56:27] 프로그램을 시작합니다.
[2022-10-25 오후 01:56:27] 시작
[2022-10-25 오후 01:56:27] 시작
[2022-10-25 오후 01:56:27] 이미지 불러오기 완료
[2022-10-25 오후 01:56:27] 환경설정을 불러 오는 중...
[2022-10-25 오후 01:56:27] 투명도 : 100%
[2022-10-25 오후 01:56:27] 환경설정을 불러 왔습니다.
[2022-10-25 오후 01:56:27] 준비완료
[2022-10-25 오후 01:56:30] 저장하기
[2022-10-25 오후 01:58:13] 프로그램을 시작합니다.
[2022-10-25 오후 01:58:13] 시작
[2022-10-25 오후 01:58:13] 시작
[2022-10-25 오후 01:58:13] 이미지 불러오기 완료
[2022-10-25 오후 01:58:13] 환경설정을 불러 오는 중...
[2022-10-25 오후 01:58:13] 투명도 : 100%
[2022-10-25 오후 01:58:14] 환경설정을 불러 왔습니다.
[2022-10-25 오후 01:58:14] 준비완료
[2022-10-25 오후 01:58:35] 프로그램을 시작합니다.
[2022-10-25 오후 01:58:35] 시작
[2022-10-25 오후 01:58:35] 시작
[2022-10-25 오후 01:58:36] 이미지 불러오기 완료
[2022-10-25 오후 01:58:36] 환경설정을 불러 오는 중...
[2022-10-25 오후 01:58:36] 투명도 : 100%
[2022-10-25 오후 01:58:36] 환경설정을 불러 왔습니다.
[2022-10-25 오후 01:58:36] 준비완료
[2022-10-25 오후 01:58:39] 버튼 버튼 Click
[2022-10-25 오후 01:58:39] DB 확인 중
[2022-10-25 오후 01:58:40] 다나의원DB 실행
[2022-10-25 오후 01:58:53] 다나의원DB와 연결이 되었습니다.
[2022-10-25 오후 01:58:55] TETBL5306 실행
[2022-10-25 오후 01:58:58] 이미 업데이트 되었음.
[2022-10-25 오후 01:58:58] 종료
[2022-10-25 오후 01:58:59] 종료
[2022-10-25 오후 01:59:00] 종료
[2022-10-25 오후 01:59:00] 종료
[2022-10-25 오후 01:59:01] 종료
[2022-10-25 오후 01:59:18] 저장
[2022-10-25 오후 01:59:18] 종료
[2022-10-25 오후 02:01:41] 프로그램을 시작합니다.
[2022-10-25 오후 02:01:41] 시작
[2022-10-25 오후 02:01:41] 시작
[2022-10-25 오후 02:01:41] 이미지 불러오기 완료
[2022-10-25 오후 02:01:42] 환경설정을 불러 오는 중...
[2022-10-25 오후 02:01:42] 투명도 : 100%
[2022-10-25 오후 02:01:42] 환경설정을 불러 왔습니다.
[2022-10-25 오후 02:01:42] 준비완료
[2022-10-25 오후 02:01:43] 환경설정2를 불러오는 중...
[2022-10-25 오후 02:01:43] 환경설정2를 불러왔습니다.
[2022-10-25 오후 02:01:47] 저장하기
[2022-10-25 오후 02:02:04] 프로그램을 시작합니다.
[2022-10-25 오후 02:02:04] 시작
[2022-10-25 오후 02:02:04] 시작
[2022-10-25 오후 02:02:05] 이미지 불러오기 완료
[2022-10-25 오후 02:02:05] 환경설정을 불러 오는 중...
[2022-10-25 오후 02:02:05] 투명도 : 100%
[2022-10-25 오후 02:02:05] 환경설정을 불러 왔습니다.
[2022-10-25 오후 02:02:05] 준비완료
[2022-10-25 오후 02:03:56] 프로그램을 시작합니다.
[2022-10-25 오후 02:03:56] 시작
[2022-10-25 오후 02:03:56] 시작
[2022-10-25 오후 02:03:56] 이미지 불러오기 완료
[2022-10-25 오후 02:03:56] 환경설정을 불러 오는 중...
[2022-10-25 오후 02:04:18] 프로그램을 시작합니다.
[2022-10-25 오후 02:04:19] 시작
[2022-10-25 오후 02:04:19] 시작
[2022-10-25 오후 02:04:19] 이미지 불러오기 완료
[2022-10-25 오후 02:04:19] 환경설정을 불러 오는 중...
[2022-10-25 오후 02:04:19] 투명도 : 100%
[2022-10-25 오후 02:04:19] 환경설정을 불러 왔습니다.
[2022-10-25 오후 02:04:19] 준비완료
[2022-10-25 오후 02:04:21] AutoUpdate 버튼 Click
[2022-10-25 오후 02:04:21] DB 확인 중
[2022-10-25 오후 02:04:22] 다나의원DB 실행
[2022-10-25 오후 02:04:29] 저장
[2022-10-25 오후 02:04:30] 종료
[2022-10-25 오후 02:04:33] 프로그램을 시작합니다.
[2022-10-25 오후 02:04:33] 시작
[2022-10-25 오후 02:04:33] 시작
[2022-10-25 오후 02:04:34] 이미지 불러오기 완료
[2022-10-25 오후 02:04:34] 환경설정을 불러 오는 중...
[2022-10-25 오후 02:04:34] 투명도 : 100%
[2022-10-25 오후 02:04:34] 환경설정을 불러 왔습니다.
[2022-10-25 오후 02:04:34] 준비완료
[2022-10-25 오후 02:04:37] AutoUpdate 버튼 Click
[2022-10-25 오후 02:04:38] DB 확인 중
[2022-10-25 오후 02:04:38] 다나의원DB 실행
[2022-10-25 오후 02:04:39] 저장
[2022-10-25 오후 02:04:39] 종료
[2022-10-25 오후 02:04:44] 프로그램을 시작합니다.
[2022-10-25 오후 02:04:44] 시작
[2022-10-25 오후 02:04:44] 시작
[2022-10-25 오후 02:04:44] 이미지 불러오기 완료
[2022-10-25 오후 02:04:44] 환경설정을 불러 오는 중...
[2022-10-25 오후 02:04:45] 투명도 : 100%
[2022-10-25 오후 02:04:45] 환경설정을 불러 왔습니다.
[2022-10-25 오후 02:04:45] 준비완료
[2022-10-25 오후 02:06:48] 프로그램을 시작합니다.
[2022-10-25 오후 02:06:48] 시작
[2022-10-25 오후 02:06:48] 시작
[2022-10-25 오후 02:06:48] 이미지 불러오기 완료
[2022-10-25 오후 02:06:48] 환경설정을 불러 오는 중...
[2022-10-25 오후 02:06:48] 투명도 : 100%
[2022-10-25 오후 02:06:49] 환경설정을 불러 왔습니다.
[2022-10-25 오후 02:06:49] 준비완료
[2022-10-25 오후 02:06:49] AutoUpdate 버튼 Click
[2022-10-25 오후 02:07:52] 프로그램을 시작합니다.
[2022-10-25 오후 02:07:52] 시작
[2022-10-25 오후 02:07:52] 시작
[2022-10-25 오후 02:07:53] 이미지 불러오기 완료
[2022-10-25 오후 02:07:53] 환경설정을 불러 오는 중...
[2022-10-25 오후 02:07:53] 투명도 : 100%
[2022-10-25 오후 02:07:53] 환경설정을 불러 왔습니다.
[2022-10-25 오후 02:07:53] 준비완료
[2022-10-25 오후 02:07:54] AutoUpdate 버튼 Click
[2022-10-25 오후 02:07:54] DB 확인 중
[2022-10-25 오후 02:07:55] 다나의원DB 실행
[2022-10-25 오후 02:07:56] 저장
[2022-10-25 오후 02:07:56] 종료
[2022-10-25 오후 02:08:07] 다나의원DB와 연결이 되었습니다.
[2022-10-25 오후 02:08:09] TETBL5306 실행
[2022-10-25 오후 02:08:13] 이미 업데이트 되었음.
[2022-10-25 오후 02:08:13] 종료 3초전
[2022-10-25 오후 02:08:14] 종료 2초전
[2022-10-25 오후 02:08:15] 종료 1초전
[2022-10-25 오후 02:08:16] 종료 완료
[2022-10-25 오후 02:08:28] 프로그램을 시작합니다.
[2022-10-25 오후 02:08:28] 시작
[2022-10-25 오후 02:08:28] 시작
[2022-10-25 오후 02:08:28] 이미지 불러오기 완료
[2022-10-25 오후 02:08:28] 환경설정을 불러 오는 중...
[2022-10-25 오후 02:08:29] 투명도 : 100%
[2022-10-25 오후 02:08:29] 환경설정을 불러 왔습니다.
[2022-10-25 오후 02:08:29] 준비완료
[2022-10-25 오후 02:08:31] 최대 TETBL5314를 선택하셨습니다.
[2022-10-25 오후 02:08:32] AutoUpdate 버튼 Click
[2022-10-25 오후 02:08:32] DB 확인 중
[2022-10-25 오후 02:08:33] 다나의원DB 실행
[2022-10-25 오후 02:08:35] 저장
[2022-10-25 오후 02:08:35] 종료
[2022-10-25 오후 02:08:45] 다나의원DB와 연결이 되었습니다.
[2022-10-25 오후 02:08:47] TETBL5306 실행
[2022-10-25 오후 02:08:50] 이미 업데이트 되었음.
[2022-10-25 오후 02:08:50] TETBL5307 실행
[2022-10-25 오후 02:08:53] 이미 업데이트 되었음.
[2022-10-25 오후 02:08:53] TETBL5308 실행
[2022-10-25 오후 02:08:56] 이미 업데이트 되었음.
[2022-10-25 오후 02:08:56] TETBL5309 실행
[2022-10-25 오후 02:15:20] 프로그램을 시작합니다.
[2022-10-25 오후 02:15:20] 시작
[2022-10-25 오후 02:15:20] 시작
[2022-10-25 오후 02:15:20] 이미지 불러오기 완료
[2022-10-25 오후 02:15:21] 환경설정을 불러 오는 중...
[2022-10-25 오후 02:15:21] 투명도 : 100%
[2022-10-25 오후 02:15:21] 환경설정을 불러 왔습니다.
[2022-10-25 오후 02:15:21] 준비완료
[2022-10-25 오후 02:15:22] AutoUpdate 버튼 Click
[2022-10-25 오후 02:24:30] 프로그램을 시작합니다.
[2022-10-25 오후 02:24:30] 시작
[2022-10-25 오후 02:24:30] 시작
[2022-10-25 오후 02:24:30] 이미지 불러오기 완료
[2022-10-25 오후 02:24:30] 환경설정을 불러 오는 중...
[2022-10-25 오후 02:24:30] 투명도 : 100%
[2022-10-25 오후 02:24:31] 환경설정을 불러 왔습니다.
[2022-10-25 오후 02:24:31] 준비완료
[2022-10-25 오후 02:24:32] AutoUpdate 버튼 Click
[2022-10-25 오후 02:24:32] DB 확인 중
[2022-10-25 오후 02:24:33] 다나의원DB 실행
[2022-10-25 오후 02:24:49] 저장
[2022-10-25 오후 02:24:50] 종료
[2022-10-25 오후 02:24:58] 프로그램을 시작합니다.
[2022-10-25 오후 02:24:58] 시작
[2022-10-25 오후 02:24:58] 시작
[2022-10-25 오후 02:24:58] 이미지 불러오기 완료
[2022-10-25 오후 02:24:58] 환경설정을 불러 오는 중...
[2022-10-25 오후 02:24:58] 투명도 : 100%
[2022-10-25 오후 02:24:58] 환경설정을 불러 왔습니다.
[2022-10-25 오후 02:24:59] 준비완료
[2022-10-25 오후 02:25:00] AutoUpdate 버튼 Click
[2022-10-25 오후 02:25:00] DB 확인 중
[2022-10-25 오후 02:25:01] 다나의원DB 실행
[2022-10-25 오후 02:25:01] 다나의원DB와 연결이 되었습니다.
[2022-10-25 오후 02:25:04] TETBL5306 실행
[2022-10-25 오후 02:25:06] 프로그램을 시작합니다.
[2022-10-25 오후 02:25:06] 시작
[2022-10-25 오후 02:25:07] 시작
[2022-10-25 오후 02:25:07] 이미지 불러오기 완료
[2022-10-25 오후 02:25:07] 환경설정을 불러 오는 중...
[2022-10-25 오후 02:25:07] 투명도 : 100%
[2022-10-25 오후 02:25:07] 환경설정을 불러 왔습니다.
[2022-10-25 오후 02:25:07] 준비완료
[2022-10-25 오후 02:25:08] AutoUpdate 버튼 Click
[2022-10-25 오후 02:25:08] DB 확인 중
[2022-10-25 오후 02:25:09] 다나의원DB 실행
[2022-10-25 오후 02:27:51] 프로그램을 시작합니다.
[2022-10-25 오후 02:27:51] 시작
[2022-10-25 오후 02:27:51] 시작
[2022-10-25 오후 02:27:51] 이미지 불러오기 완료
[2022-10-25 오후 02:27:51] 환경설정을 불러 오는 중...
[2022-10-25 오후 02:27:52] 투명도 : 100%
[2022-10-25 오후 02:27:52] 환경설정을 불러 왔습니다.
[2022-10-25 오후 02:27:52] 준비완료
[2022-10-25 오후 02:27:54] AutoUpdate 버튼 Click
[2022-10-25 오후 02:27:54] DB 확인 중
[2022-10-25 오후 02:27:55] 다나의원DB 실행
[2022-10-25 오후 02:28:00] 저장
[2022-10-25 오후 02:28:00] 종료
[2022-10-25 오후 02:28:03] 프로그램을 시작합니다.
[2022-10-25 오후 02:28:03] 시작
[2022-10-25 오후 02:28:03] 시작
[2022-10-25 오후 02:28:03] 이미지 불러오기 완료
[2022-10-25 오후 02:28:03] 환경설정을 불러 오는 중...
[2022-10-25 오후 02:28:03] 투명도 : 100%
[2022-10-25 오후 02:28:03] 환경설정을 불러 왔습니다.
[2022-10-25 오후 02:28:03] 준비완료
[2022-10-25 오후 02:28:05] AutoUpdate 버튼 Click
[2022-10-25 오후 02:28:05] DB 확인 중
[2022-10-25 오후 02:28:06] 다나의원DB 실행
[2022-10-25 오후 02:28:08] 다나의원DB와 연결이 되었습니다.
[2022-10-25 오후 02:28:10] TETBL5306 실행
[2022-10-25 오후 02:28:13] 이미 업데이트 되었음.
[2022-10-25 오후 02:28:13] TETBL5307 실행
[2022-10-25 오후 02:28:16] 이미 업데이트 되었음.
[2022-10-25 오후 02:28:16] TETBL5308 실행
[2022-10-25 오후 02:28:19] 이미 업데이트 되었음.
[2022-10-25 오후 02:28:19] TETBL5309 실행
[2022-10-25 오후 02:28:21] 저장
[2022-10-25 오후 02:28:21] 종료
