[2022-09-21 오후 01:34:29] 프로그램을 시작합니다.
[2022-09-21 오후 01:34:29] 시작
[2022-09-21 오후 01:34:30] 시작
[2022-09-21 오후 01:34:30] 이미지 불러오기 완료
[2022-09-21 오후 01:34:30] 환경설정을 불러오는 중...
[2022-09-21 오후 01:34:30] 윈도우 최상위로
[2022-09-21 오후 01:34:30] 투명도 : 82%
[2022-09-21 오후 01:34:30] 환경설정을 불러왔습니다.
[2022-09-21 오후 01:34:30] 준비완료
[2022-09-21 오후 01:34:41] 저장된 세팅이 없습니다.
[2022-09-21 오후 01:41:29] 프로그램을 시작합니다.
[2022-09-21 오후 01:41:30] 시작
[2022-09-21 오후 01:41:30] 시작
[2022-09-21 오후 01:41:30] 이미지 불러오기 완료
[2022-09-21 오후 01:41:31] 저장된 세팅이 없습니다.
[2022-09-21 오후 01:41:49] 환경설정을 불러오는 중...
[2022-09-21 오후 01:41:49] 윈도우 최상위로
[2022-09-21 오후 01:41:50] 투명도 : 82%
[2022-09-21 오후 01:41:50] 환경설정을 불러왔습니다.
[2022-09-21 오후 01:41:50] 준비완료
[2022-09-21 오후 01:41:51] 저장
[2022-09-21 오후 01:41:51] 종료
[2022-09-21 오후 01:42:02] 프로그램을 시작합니다.
[2022-09-21 오후 01:42:03] 시작
[2022-09-21 오후 01:42:03] 시작
[2022-09-21 오후 01:42:03] 이미지 불러오기 완료
[2022-09-21 오후 01:42:03] 환경설정을 불러오는 중...
[2022-09-21 오후 01:42:04] 윈도우 최상위로
[2022-09-21 오후 01:42:04] 투명도 : 82%
[2022-09-21 오후 01:42:04] 환경설정을 불러왔습니다.
[2022-09-21 오후 01:42:04] 준비완료
[2022-09-21 오후 01:42:06] 저장된 세팅이 없습니다.
[2022-09-21 오후 01:42:14] 저장된 세팅이 없습니다.
[2022-09-21 오후 01:42:18] 저장
[2022-09-21 오후 01:42:18] 종료
[2022-09-21 오후 01:42:21] 프로그램을 시작합니다.
[2022-09-21 오후 01:42:21] 시작
[2022-09-21 오후 01:42:22] 시작
[2022-09-21 오후 01:42:22] 이미지 불러오기 완료
[2022-09-21 오후 01:42:23] 저장된 세팅이 없습니다.
[2022-09-21 오후 01:42:26] 환경설정을 불러오는 중...
[2022-09-21 오후 01:42:26] 윈도우 최상위로
[2022-09-21 오후 01:42:26] 투명도 : 82%
[2022-09-21 오후 01:42:26] 환경설정을 불러왔습니다.
[2022-09-21 오후 01:42:26] 준비완료
[2022-09-21 오후 01:42:28] 저장된 세팅이 없습니다.
[2022-09-21 오후 01:42:59] 프로그램을 시작합니다.
[2022-09-21 오후 01:42:59] 시작
[2022-09-21 오후 01:43:00] 시작
[2022-09-21 오후 01:43:00] 이미지 불러오기 완료
[2022-09-21 오후 01:43:00] 환경설정을 불러오는 중...
[2022-09-21 오후 01:43:00] 윈도우 최상위로
[2022-09-21 오후 01:43:00] 투명도 : 82%
[2022-09-21 오후 01:43:00] 환경설정을 불러왔습니다.
[2022-09-21 오후 01:43:00] 준비완료
[2022-09-21 오후 01:43:06] 저장된 세팅이 없습니다.
[2022-09-21 오후 01:48:51] 프로그램을 시작합니다.
[2022-09-21 오후 01:48:52] 시작
[2022-09-21 오후 01:48:52] 시작
[2022-09-21 오후 01:48:52] 이미지 불러오기 완료
[2022-09-21 오후 01:48:52] 환경설정을 불러오는 중...
[2022-09-21 오후 01:48:52] 윈도우 최상위로
[2022-09-21 오후 01:48:53] 투명도 : 82%
[2022-09-21 오후 01:48:53] 환경설정을 불러왔습니다.
[2022-09-21 오후 01:48:53] 준비완료
[2022-09-21 오후 01:48:54] 저장된 세팅이 없습니다.
[2022-09-21 오후 01:49:18] 저장
[2022-09-21 오후 01:49:18] 종료
[2022-09-21 오후 01:53:33] 프로그램을 시작합니다.
[2022-09-21 오후 01:53:33] 시작
[2022-09-21 오후 01:53:34] 시작
[2022-09-21 오후 01:53:34] 이미지 불러오기 완료
[2022-09-21 오후 01:53:34] 환경설정을 불러오는 중...
[2022-09-21 오후 01:53:34] 윈도우 최상위로
[2022-09-21 오후 01:53:34] 투명도 : 82%
[2022-09-21 오후 01:53:34] 환경설정을 불러왔습니다.
[2022-09-21 오후 01:53:34] 준비완료
[2022-09-21 오후 01:53:38] 저장된 세팅이 없습니다.
[2022-09-21 오후 01:53:45] 저장 버튼 Click
[2022-09-21 오후 01:54:18] 프로그램을 시작합니다.
[2022-09-21 오후 01:54:19] 시작
[2022-09-21 오후 01:54:19] 시작
[2022-09-21 오후 01:54:53] 프로그램을 시작합니다.
[2022-09-21 오후 01:54:53] 시작
[2022-09-21 오후 01:55:12] 프로그램을 시작합니다.
[2022-09-21 오후 01:55:13] 시작
[2022-09-21 오후 01:55:13] 시작
[2022-09-21 오후 01:55:13] 이미지 불러오기 완료
[2022-09-21 오후 01:55:13] 환경설정을 불러오는 중...
[2022-09-21 오후 01:55:19] 윈도우 최상위로
[2022-09-21 오후 01:55:19] 투명도 : 82%
[2022-09-21 오후 01:55:19] 환경설정을 불러왔습니다.
[2022-09-21 오후 01:55:20] 준비완료
[2022-09-21 오후 01:56:35] 저장
[2022-09-21 오후 01:56:35] 종료
[2022-09-21 오후 02:22:34] 프로그램을 시작합니다.
[2022-09-21 오후 02:22:35] 시작
[2022-09-21 오후 02:22:35] 시작
[2022-09-21 오후 02:22:35] 이미지 불러오기 완료
[2022-09-21 오후 02:22:35] 환경설정을 불러오는 중...
[2022-09-21 오후 02:22:35] 윈도우 최상위로
[2022-09-21 오후 02:22:36] 투명도 : 82%
[2022-09-21 오후 02:22:36] 환경설정을 불러왔습니다.
[2022-09-21 오후 02:22:36] 준비완료
[2022-09-21 오후 02:25:03] 프로그램을 시작합니다.
[2022-09-21 오후 02:25:03] 시작
[2022-09-21 오후 02:25:04] 시작
[2022-09-21 오후 02:25:26] 이미지 불러오기 완료
[2022-09-21 오후 02:25:26] 환경설정을 불러오는 중...
[2022-09-21 오후 02:25:26] 윈도우 최상위로
[2022-09-21 오후 02:25:26] 투명도 : 82%
[2022-09-21 오후 02:25:26] 환경설정을 불러왔습니다.
[2022-09-21 오후 02:25:26] 준비완료
[2022-09-21 오후 02:25:27] 저장
[2022-09-21 오후 02:25:27] 종료
[2022-09-21 오후 02:25:50] 프로그램을 시작합니다.
[2022-09-21 오후 02:25:50] 시작
[2022-09-21 오후 02:25:51] 시작
[2022-09-21 오후 02:25:51] 이미지 불러오기 완료
[2022-09-21 오후 02:25:51] 환경설정을 불러오는 중...
[2022-09-21 오후 02:25:51] 윈도우 최상위로
[2022-09-21 오후 02:25:51] 투명도 : 82%
[2022-09-21 오후 02:25:51] 환경설정을 불러왔습니다.
[2022-09-21 오후 02:25:51] 준비완료
[2022-09-21 오후 02:48:00] 프로그램을 시작합니다.
[2022-09-21 오후 02:48:00] 시작
[2022-09-21 오후 02:48:00] 시작
[2022-09-21 오후 02:48:01] 이미지 불러오기 완료
[2022-09-21 오후 02:48:01] 환경설정을 불러오는 중...
[2022-09-21 오후 02:48:01] 윈도우 최상위로
[2022-09-21 오후 02:48:01] 투명도 : 82%
[2022-09-21 오후 02:48:01] 환경설정을 불러왔습니다.
[2022-09-21 오후 02:48:01] 준비완료
[2022-09-21 오후 02:52:33] 프로그램을 시작합니다.
[2022-09-21 오후 02:52:34] 시작
[2022-09-21 오후 02:52:34] 시작
[2022-09-21 오후 02:52:34] 이미지 불러오기 완료
[2022-09-21 오후 02:52:34] 환경설정을 불러오는 중...
[2022-09-21 오후 02:52:34] 윈도우 최상위로
[2022-09-21 오후 02:52:34] 투명도 : 82%
[2022-09-21 오후 02:52:34] 환경설정을 불러왔습니다.
[2022-09-21 오후 02:52:35] 준비완료
[2022-09-21 오후 02:56:45] 프로그램을 시작합니다.
[2022-09-21 오후 02:56:46] 시작
[2022-09-21 오후 02:56:46] 시작
[2022-09-21 오후 02:56:46] 이미지 불러오기 완료
[2022-09-21 오후 02:56:46] 환경설정을 불러오는 중...
[2022-09-21 오후 02:56:47] 윈도우 최상위로
[2022-09-21 오후 02:56:47] 투명도 : 82%
[2022-09-21 오후 02:56:47] 환경설정을 불러왔습니다.
[2022-09-21 오후 02:56:47] 준비완료
[2022-09-21 오후 02:56:54] 프로그램을 시작합니다.
[2022-09-21 오후 02:56:54] 시작
[2022-09-21 오후 02:56:55] 시작
[2022-09-21 오후 02:56:55] 이미지 불러오기 완료
[2022-09-21 오후 02:56:55] 환경설정을 불러오는 중...
[2022-09-21 오후 02:56:55] 윈도우 최상위로
[2022-09-21 오후 02:56:55] 투명도 : 82%
[2022-09-21 오후 02:56:55] 환경설정을 불러왔습니다.
[2022-09-21 오후 02:56:55] 준비완료
[2022-09-21 오후 02:57:29] 저장
[2022-09-21 오후 02:57:30] 종료
[2022-09-21 오후 03:01:12] 프로그램을 시작합니다.
[2022-09-21 오후 03:01:13] 시작
[2022-09-21 오후 03:01:13] 시작
[2022-09-21 오후 03:01:13] 이미지 불러오기 완료
[2022-09-21 오후 03:01:13] 환경설정을 불러오는 중...
[2022-09-21 오후 03:01:13] 윈도우 최상위로
[2022-09-21 오후 03:01:14] 투명도 : 82%
[2022-09-21 오후 03:01:14] 환경설정을 불러왔습니다.
[2022-09-21 오후 03:01:14] 준비완료
[2022-09-21 오후 03:11:30] 윈도우 최상위 취소
[2022-09-21 오후 03:11:31] 저장
[2022-09-21 오후 03:11:31] 종료
[2022-09-21 오후 03:45:53] 프로그램을 시작합니다.
[2022-09-21 오후 03:45:53] 시작
[2022-09-21 오후 03:45:54] 시작
[2022-09-21 오후 03:45:54] 이미지 불러오기 완료
